#
# There is insufficient memory for the Java Runtime Environment to continue.
# Native memory allocation (mmap) failed to map 87031808 bytes for committing reserved memory.
# Possible reasons:
#   The system is out of physical RAM or swap space
#   In 32 bit mode, the process size limit was hit
# Possible solutions:
#   Reduce memory load on the system
#   Increase physical memory or swap space
#   Check if swap backing store is full
#   Use 64 bit Java on a 64 bit OS
#   Decrease Java heap size (-Xmx/-Xms)
#   Decrease number of Java threads
#   Decrease Java thread stack sizes (-Xss)
#   Set larger code cache with -XX:ReservedCodeCacheSize=
# This output file may be truncated or incomplete.
#
#  Out of Memory Error (os_linux.cpp:2643), pid=10644, tid=0x00007f72da605700
#
# JRE version:  (8.0_171-b11) (build )
# Java VM: OpenJDK 64-Bit Server VM (25.171-b11 mixed mode linux-amd64 compressed oops)
# Failed to write core dump. Core dumps have been disabled. To enable core dumping, try "ulimit -c unlimited" before starting Java again
#

---------------  T H R E A D  ---------------

Current thread (0x00007f72d000d000):  JavaThread "Unknown thread" [_thread_in_vm, id=10650, stack(0x00007f72da506000,0x00007f72da606000)]

Stack: [0x00007f72da506000,0x00007f72da606000],  sp=0x00007f72da604590,  free space=1017k
Native frames: (J=compiled Java code, j=interpreted, Vv=VM code, C=native code)
V  [libjvm.so+0xaab382]
V  [libjvm.so+0x4d79a7]
V  [libjvm.so+0x8e66c0]
V  [libjvm.so+0x8e0c1e]
V  [libjvm.so+0x961436]
V  [libjvm.so+0x95176c]
V  [libjvm.so+0x2b2f0e]
V  [libjvm.so+0x90e3c1]
V  [libjvm.so+0xa6d97a]
V  [libjvm.so+0xa6dc65]
V  [libjvm.so+0x623caf]
V  [libjvm.so+0xa513bb]
V  [libjvm.so+0x6a6d01]  JNI_CreateJavaVM+0x61
C  [libjli.so+0x2ce3]
C  [libjli.so+0x777d]
C  [libpthread.so.0+0x76db]  start_thread+0xdb


---------------  P R O C E S S  ---------------

Java Threads: ( => current thread )

Other Threads:

=>0x00007f72d000d000 (exited) JavaThread "Unknown thread" [_thread_in_vm, id=10650, stack(0x00007f72da506000,0x00007f72da606000)]

VM state:not at safepoint (not fully initialized)

VM Mutex/Monitor currently owned by a thread: None

GC Heap History (0 events):
No events

Deoptimization events (0 events):
No events

Classes redefined (0 events):
No events

Internal exceptions (0 events):
No events

Events (0 events):
No events


Dynamic libraries:
8a100000-d6f80000 ---p 00000000 00:00 0 
d6f80000-d9880000 rw-p 00000000 00:00 0 
d9880000-100000000 ---p 00000000 00:00 0 
55fe3f1ca000-55fe3f1cb000 r-xp 00000000 08:02 9179784                    /usr/lib/jvm/java-8-openjdk-amd64/jre/bin/java
55fe3f3ca000-55fe3f3cb000 r--p 00000000 08:02 9179784                    /usr/lib/jvm/java-8-openjdk-amd64/jre/bin/java
55fe3f3cb000-55fe3f3cc000 rw-p 00001000 08:02 9179784                    /usr/lib/jvm/java-8-openjdk-amd64/jre/bin/java
55fe40762000-55fe40783000 rw-p 00000000 00:00 0                          [heap]
7f72c1000000-7f72c1270000 rwxp 00000000 00:00 0 
7f72c1270000-7f72d0000000 ---p 00000000 00:00 0 
7f72d0000000-7f72d0034000 rw-p 00000000 00:00 0 
7f72d0034000-7f72d4000000 ---p 00000000 00:00 0 
7f72d64c5000-7f72d6755000 ---p 00000000 00:00 0 
7f72d6755000-7f72d676b000 rw-p 00000000 00:00 0 
7f72d676b000-7f72d689e000 ---p 00000000 00:00 0 
7f72d689e000-7f72d68a9000 rw-p 00000000 00:00 0 
7f72d68a9000-7f72d6c5f000 ---p 00000000 00:00 0 
7f72d6c5f000-7f72d6c67000 r-xp 00000000 08:02 9179830                    /usr/lib/jvm/java-8-openjdk-amd64/jre/lib/amd64/libzip.so
7f72d6c67000-7f72d6e66000 ---p 00008000 08:02 9179830                    /usr/lib/jvm/java-8-openjdk-amd64/jre/lib/amd64/libzip.so
7f72d6e66000-7f72d6e67000 r--p 00007000 08:02 9179830                    /usr/lib/jvm/java-8-openjdk-amd64/jre/lib/amd64/libzip.so
7f72d6e67000-7f72d6e68000 rw-p 00008000 08:02 9179830                    /usr/lib/jvm/java-8-openjdk-amd64/jre/lib/amd64/libzip.so
7f72d6e68000-7f72d6e73000 r-xp 00000000 08:02 15340212                   /lib/x86_64-linux-gnu/libnss_files-2.27.so
7f72d6e73000-7f72d7072000 ---p 0000b000 08:02 15340212                   /lib/x86_64-linux-gnu/libnss_files-2.27.so
7f72d7072000-7f72d7073000 r--p 0000a000 08:02 15340212                   /lib/x86_64-linux-gnu/libnss_files-2.27.so
7f72d7073000-7f72d7074000 rw-p 0000b000 08:02 15340212                   /lib/x86_64-linux-gnu/libnss_files-2.27.so
7f72d7074000-7f72d707a000 rw-p 00000000 00:00 0 
7f72d707a000-7f72d7091000 r-xp 00000000 08:02 15340206                   /lib/x86_64-linux-gnu/libnsl-2.27.so
7f72d7091000-7f72d7290000 ---p 00017000 08:02 15340206                   /lib/x86_64-linux-gnu/libnsl-2.27.so
7f72d7290000-7f72d7291000 r--p 00016000 08:02 15340206                   /lib/x86_64-linux-gnu/libnsl-2.27.so
7f72d7291000-7f72d7292000 rw-p 00017000 08:02 15340206                   /lib/x86_64-linux-gnu/libnsl-2.27.so
7f72d7292000-7f72d7294000 rw-p 00000000 00:00 0 
7f72d7294000-7f72d729f000 r-xp 00000000 08:02 15340223                   /lib/x86_64-linux-gnu/libnss_nis-2.27.so
7f72d729f000-7f72d749e000 ---p 0000b000 08:02 15340223                   /lib/x86_64-linux-gnu/libnss_nis-2.27.so
7f72d749e000-7f72d749f000 r--p 0000a000 08:02 15340223                   /lib/x86_64-linux-gnu/libnss_nis-2.27.so
7f72d749f000-7f72d74a0000 rw-p 0000b000 08:02 15340223                   /lib/x86_64-linux-gnu/libnss_nis-2.27.so
7f72d74a0000-7f72d74a8000 r-xp 00000000 08:02 15340208                   /lib/x86_64-linux-gnu/libnss_compat-2.27.so
7f72d74a8000-7f72d76a8000 ---p 00008000 08:02 15340208                   /lib/x86_64-linux-gnu/libnss_compat-2.27.so
7f72d76a8000-7f72d76a9000 r--p 00008000 08:02 15340208                   /lib/x86_64-linux-gnu/libnss_compat-2.27.so
7f72d76a9000-7f72d76aa000 rw-p 00009000 08:02 15340208                   /lib/x86_64-linux-gnu/libnss_compat-2.27.so
7f72d76aa000-7f72d76b4000 r-xp 00000000 08:02 9179806                    /usr/lib/jvm/java-8-openjdk-amd64/jre/lib/amd64/libinstrument.so
7f72d76b4000-7f72d78b3000 ---p 0000a000 08:02 9179806                    /usr/lib/jvm/java-8-openjdk-amd64/jre/lib/amd64/libinstrument.so
7f72d78b3000-7f72d78b4000 r--p 00009000 08:02 9179806                    /usr/lib/jvm/java-8-openjdk-amd64/jre/lib/amd64/libinstrument.so
7f72d78b4000-7f72d78b5000 rw-p 0000a000 08:02 9179806                    /usr/lib/jvm/java-8-openjdk-amd64/jre/lib/amd64/libinstrument.so
7f72d78b5000-7f72d78e3000 r-xp 00000000 08:02 9179811                    /usr/lib/jvm/java-8-openjdk-amd64/jre/lib/amd64/libjava.so
7f72d78e3000-7f72d7ae2000 ---p 0002e000 08:02 9179811                    /usr/lib/jvm/java-8-openjdk-amd64/jre/lib/amd64/libjava.so
7f72d7ae2000-7f72d7ae3000 r--p 0002d000 08:02 9179811                    /usr/lib/jvm/java-8-openjdk-amd64/jre/lib/amd64/libjava.so
7f72d7ae3000-7f72d7ae5000 rw-p 0002e000 08:02 9179811                    /usr/lib/jvm/java-8-openjdk-amd64/jre/lib/amd64/libjava.so
7f72d7ae5000-7f72d7af5000 r-xp 00000000 08:02 9179829                    /usr/lib/jvm/java-8-openjdk-amd64/jre/lib/amd64/libverify.so
7f72d7af5000-7f72d7cf4000 ---p 00010000 08:02 9179829                    /usr/lib/jvm/java-8-openjdk-amd64/jre/lib/amd64/libverify.so
7f72d7cf4000-7f72d7cf6000 r--p 0000f000 08:02 9179829                    /usr/lib/jvm/java-8-openjdk-amd64/jre/lib/amd64/libverify.so
7f72d7cf6000-7f72d7cf7000 rw-p 00011000 08:02 9179829                    /usr/lib/jvm/java-8-openjdk-amd64/jre/lib/amd64/libverify.so
7f72d7cf7000-7f72d7cfe000 r-xp 00000000 08:02 15340263                   /lib/x86_64-linux-gnu/librt-2.27.so
7f72d7cfe000-7f72d7efd000 ---p 00007000 08:02 15340263                   /lib/x86_64-linux-gnu/librt-2.27.so
7f72d7efd000-7f72d7efe000 r--p 00006000 08:02 15340263                   /lib/x86_64-linux-gnu/librt-2.27.so
7f72d7efe000-7f72d7eff000 rw-p 00007000 08:02 15340263                   /lib/x86_64-linux-gnu/librt-2.27.so
7f72d7eff000-7f72d7f16000 r-xp 00000000 08:02 15340159                   /lib/x86_64-linux-gnu/libgcc_s.so.1
7f72d7f16000-7f72d8115000 ---p 00017000 08:02 15340159                   /lib/x86_64-linux-gnu/libgcc_s.so.1
7f72d8115000-7f72d8116000 r--p 00016000 08:02 15340159                   /lib/x86_64-linux-gnu/libgcc_s.so.1
7f72d8116000-7f72d8117000 rw-p 00017000 08:02 15340159                   /lib/x86_64-linux-gnu/libgcc_s.so.1
7f72d8117000-7f72d82b4000 r-xp 00000000 08:02 15340185                   /lib/x86_64-linux-gnu/libm-2.27.so
7f72d82b4000-7f72d84b3000 ---p 0019d000 08:02 15340185                   /lib/x86_64-linux-gnu/libm-2.27.so
7f72d84b3000-7f72d84b4000 r--p 0019c000 08:02 15340185                   /lib/x86_64-linux-gnu/libm-2.27.so
7f72d84b4000-7f72d84b5000 rw-p 0019d000 08:02 15340185                   /lib/x86_64-linux-gnu/libm-2.27.so
7f72d84b5000-7f72d8633000 r-xp 00000000 08:02 8659576                    /usr/lib/x86_64-linux-gnu/libstdc++.so.6.0.25
7f72d8633000-7f72d8833000 ---p 0017e000 08:02 8659576                    /usr/lib/x86_64-linux-gnu/libstdc++.so.6.0.25
7f72d8833000-7f72d883d000 r--p 0017e000 08:02 8659576                    /usr/lib/x86_64-linux-gnu/libstdc++.so.6.0.25
7f72d883d000-7f72d883f000 rw-p 00188000 08:02 8659576                    /usr/lib/x86_64-linux-gnu/libstdc++.so.6.0.25
7f72d883f000-7f72d8843000 rw-p 00000000 00:00 0 
7f72d8843000-7f72d94d4000 r-xp 00000000 08:02 9179833                    /usr/lib/jvm/java-8-openjdk-amd64/jre/lib/amd64/server/libjvm.so
7f72d94d4000-7f72d96d4000 ---p 00c91000 08:02 9179833                    /usr/lib/jvm/java-8-openjdk-amd64/jre/lib/amd64/server/libjvm.so
7f72d96d4000-7f72d9767000 r--p 00c91000 08:02 9179833                    /usr/lib/jvm/java-8-openjdk-amd64/jre/lib/amd64/server/libjvm.so
7f72d9767000-7f72d978f000 rw-p 00d24000 08:02 9179833                    /usr/lib/jvm/java-8-openjdk-amd64/jre/lib/amd64/server/libjvm.so
7f72d978f000-7f72d97c0000 rw-p 00000000 00:00 0 
7f72d97c0000-7f72d97da000 r-xp 00000000 08:02 15340255                   /lib/x86_64-linux-gnu/libpthread-2.27.so
7f72d97da000-7f72d99d9000 ---p 0001a000 08:02 15340255                   /lib/x86_64-linux-gnu/libpthread-2.27.so
7f72d99d9000-7f72d99da000 r--p 00019000 08:02 15340255                   /lib/x86_64-linux-gnu/libpthread-2.27.so
7f72d99da000-7f72d99db000 rw-p 0001a000 08:02 15340255                   /lib/x86_64-linux-gnu/libpthread-2.27.so
7f72d99db000-7f72d99df000 rw-p 00000000 00:00 0 
7f72d99df000-7f72d99e2000 r-xp 00000000 08:02 15340145                   /lib/x86_64-linux-gnu/libdl-2.27.so
7f72d99e2000-7f72d9be1000 ---p 00003000 08:02 15340145                   /lib/x86_64-linux-gnu/libdl-2.27.so
7f72d9be1000-7f72d9be2000 r--p 00002000 08:02 15340145                   /lib/x86_64-linux-gnu/libdl-2.27.so
7f72d9be2000-7f72d9be3000 rw-p 00003000 08:02 15340145                   /lib/x86_64-linux-gnu/libdl-2.27.so
7f72d9be3000-7f72d9bff000 r-xp 00000000 08:02 15340294                   /lib/x86_64-linux-gnu/libz.so.1.2.11
7f72d9bff000-7f72d9dfe000 ---p 0001c000 08:02 15340294                   /lib/x86_64-linux-gnu/libz.so.1.2.11
7f72d9dfe000-7f72d9dff000 r--p 0001b000 08:02 15340294                   /lib/x86_64-linux-gnu/libz.so.1.2.11
7f72d9dff000-7f72d9e00000 rw-p 0001c000 08:02 15340294                   /lib/x86_64-linux-gnu/libz.so.1.2.11
7f72d9e00000-7f72d9fe7000 r-xp 00000000 08:02 15340122                   /lib/x86_64-linux-gnu/libc-2.27.so
7f72d9fe7000-7f72da1e7000 ---p 001e7000 08:02 15340122                   /lib/x86_64-linux-gnu/libc-2.27.so
7f72da1e7000-7f72da1eb000 r--p 001e7000 08:02 15340122                   /lib/x86_64-linux-gnu/libc-2.27.so
7f72da1eb000-7f72da1ed000 rw-p 001eb000 08:02 15340122                   /lib/x86_64-linux-gnu/libc-2.27.so
7f72da1ed000-7f72da1f1000 rw-p 00000000 00:00 0 
7f72da1f1000-7f72da1ff000 r-xp 00000000 08:02 9179797                    /usr/lib/jvm/java-8-openjdk-amd64/jre/lib/amd64/jli/libjli.so
7f72da1ff000-7f72da3fe000 ---p 0000e000 08:02 9179797                    /usr/lib/jvm/java-8-openjdk-amd64/jre/lib/amd64/jli/libjli.so
7f72da3fe000-7f72da3ff000 r--p 0000d000 08:02 9179797                    /usr/lib/jvm/java-8-openjdk-amd64/jre/lib/amd64/jli/libjli.so
7f72da3ff000-7f72da400000 rw-p 0000e000 08:02 9179797                    /usr/lib/jvm/java-8-openjdk-amd64/jre/lib/amd64/jli/libjli.so
7f72da400000-7f72da427000 r-xp 00000000 08:02 15340094                   /lib/x86_64-linux-gnu/ld-2.27.so
7f72da505000-7f72da506000 ---p 00000000 00:00 0 
7f72da506000-7f72da509000 ---p 00000000 00:00 0 
7f72da509000-7f72da608000 rw-p 00000000 00:00 0 
7f72da61b000-7f72da623000 rw-s 00000000 08:02 9439357                    /tmp/hsperfdata_hjk/10644
7f72da623000-7f72da624000 rw-p 00000000 00:00 0 
7f72da624000-7f72da625000 r--p 00000000 00:00 0 
7f72da625000-7f72da627000 rw-p 00000000 00:00 0 
7f72da627000-7f72da628000 r--p 00027000 08:02 15340094                   /lib/x86_64-linux-gnu/ld-2.27.so
7f72da628000-7f72da629000 rw-p 00028000 08:02 15340094                   /lib/x86_64-linux-gnu/ld-2.27.so
7f72da629000-7f72da62a000 rw-p 00000000 00:00 0 
7ffc75eeb000-7ffc75f0c000 rw-p 00000000 00:00 0                          [stack]
7ffc75fae000-7ffc75fb1000 r--p 00000000 00:00 0                          [vvar]
7ffc75fb1000-7ffc75fb3000 r-xp 00000000 00:00 0                          [vdso]
ffffffffff600000-ffffffffff601000 r-xp 00000000 00:00 0                  [vsyscall]

VM Arguments:
jvm_args: -javaagent:/home/hjk/eclipse/java-oxygen/eclipse/configuration/org.eclipse.osgi/475/0/.cp/jacocoagent.jar=includes=*,excludes=,exclclassloader=sun.reflect.DelegatingClassLoader,output=tcpclient,port=40681 -Dfile.encoding=UTF-8 
java_command: de.polygdbp.Main q1
java_class_path (initial): /usr/lib/jvm/java-8-openjdk-amd64/jre/lib/resources.jar:/usr/lib/jvm/java-8-openjdk-amd64/jre/lib/rt.jar:/usr/lib/jvm/java-8-openjdk-amd64/jre/lib/jsse.jar:/usr/lib/jvm/java-8-openjdk-amd64/jre/lib/jce.jar:/usr/lib/jvm/java-8-openjdk-amd64/jre/lib/charsets.jar:/usr/lib/jvm/java-8-openjdk-amd64/jre/lib/ext/cldrdata.jar:/usr/lib/jvm/java-8-openjdk-amd64/jre/lib/ext/dnsns.jar:/usr/lib/jvm/java-8-openjdk-amd64/jre/lib/ext/sunec.jar:/usr/lib/jvm/java-8-openjdk-amd64/jre/lib/ext/zipfs.jar:/usr/lib/jvm/java-8-openjdk-amd64/jre/lib/ext/localedata.jar:/usr/lib/jvm/java-8-openjdk-amd64/jre/lib/ext/sunjce_provider.jar:/usr/lib/jvm/java-8-openjdk-amd64/jre/lib/ext/nashorn.jar:/usr/lib/jvm/java-8-openjdk-amd64/jre/lib/ext/sunpkcs11.jar:/usr/lib/jvm/java-8-openjdk-amd64/jre/lib/ext/java-atk-wrapper.jar:/usr/lib/jvm/java-8-openjdk-amd64/jre/lib/ext/jaccess.jar:/usr/lib/jvm/java-8-openjdk-amd64/jre/lib/ext/icedtea-sound.jar:/home/hjk/Documents/Uni/BigDataPraktikum/polyglot-db/PolyG-DBP/PolyG-DBP/target/classes:/home/hjk/.m2/repository/org/apache/logging/log4j/log4j-api/2.11.0/log4j-api-2.11.0.jar:/home/hjk/.m2/repository/org/apache/logging/log4j/log4j-core/2.11.0/log4j-core-2.11.0.jar:/home/hjk/.m2/repository/com/googlecode/json-simple/json-simple/1.1.1/json-simple-1.1.1.jar:/home/hjk/.m2/repository/org/mongodb/mongodb-driver/3.8.0/mongodb-driver-3.8.0.jar:/home/hjk/.m2/repository/org/mongodb/bson/3.8.0/bson-3.8.0.jar:/home/hjk/.m2/repository/org/mongodb/mongodb-driver-core/3.8.0/mongodb-driver-core-3.8.0.jar:/home/hjk/.m2/repository/commons-io/commons-io/2.6/commons-io-2.6.jar:/home/hjk/.m2/repository/org/neo4j/driver/neo4j-java-driver/1.4.4/neo4j-java-driver-1.4.4.jar:/home/hjk/eclipse/java-oxygen/eclipse/configuration/org.eclipse.osgi/475/0/.cp/jacocoagent.jar
Launcher Type: SUN_STANDARD

Environment Variables:
JAVA_HOME=/usr/lib/jvm/java-1.8.0-openjdk-amd64
PATH=/home/hjk/.local/bin:/opt/apache-maven/bin:/usr/local/sbin:/usr/local/bin:/usr/sbin:/usr/bin:/sbin:/bin:/usr/games:/usr/local/games:/snap/bin
USERNAME=hjk
SHELL=/bin/bash
DISPLAY=:0

Signal Handlers:
SIGSEGV: [libjvm.so+0xaabcd0], sa_mask[0]=11111111011111111101111111111110, sa_flags=SA_RESTART|SA_SIGINFO
SIGBUS: [libjvm.so+0xaabcd0], sa_mask[0]=11111111011111111101111111111110, sa_flags=SA_RESTART|SA_SIGINFO
SIGFPE: [libjvm.so+0x8e1d50], sa_mask[0]=11111111011111111101111111111110, sa_flags=SA_RESTART|SA_SIGINFO
SIGPIPE: [libjvm.so+0x8e1d50], sa_mask[0]=11111111011111111101111111111110, sa_flags=SA_RESTART|SA_SIGINFO
SIGXFSZ: [libjvm.so+0x8e1d50], sa_mask[0]=11111111011111111101111111111110, sa_flags=SA_RESTART|SA_SIGINFO
SIGILL: [libjvm.so+0x8e1d50], sa_mask[0]=11111111011111111101111111111110, sa_flags=SA_RESTART|SA_SIGINFO
SIGUSR1: SIG_DFL, sa_mask[0]=00000000000000000000000000000000, sa_flags=none
SIGUSR2: [libjvm.so+0x8e1c00], sa_mask[0]=00100000000000000000000000000000, sa_flags=SA_RESTART|SA_SIGINFO
SIGHUP: SIG_DFL, sa_mask[0]=00000000000000000000000000000000, sa_flags=none
SIGINT: SIG_DFL, sa_mask[0]=00000000000000000000000000000000, sa_flags=none
SIGTERM: SIG_DFL, sa_mask[0]=00000000000000000000000000000000, sa_flags=none
SIGQUIT: SIG_DFL, sa_mask[0]=00000000000000000000000000000000, sa_flags=none


---------------  S Y S T E M  ---------------

OS:DISTRIB_ID=Ubuntu
DISTRIB_RELEASE=18.04
DISTRIB_CODENAME=bionic
DISTRIB_DESCRIPTION="Ubuntu 18.04 LTS"

uname:Linux 4.15.0-29-generic #31-Ubuntu SMP Tue Jul 17 15:39:52 UTC 2018 x86_64
libc:glibc 2.27 NPTL 2.27 
rlimit: STACK 8192k, CORE 0k, NPROC 30847, NOFILE 4096, AS infinity
load average:1.06 1.56 1.86

/proc/meminfo:
MemTotal:        8063552 kB
MemFree:          123428 kB
MemAvailable:      16784 kB
Buffers:            1376 kB
Cached:           327864 kB
SwapCached:         1920 kB
Active:          6804716 kB
Inactive:         863356 kB
Active(anon):    6790764 kB
Inactive(anon):   848832 kB
Active(file):      13952 kB
Inactive(file):    14524 kB
Unevictable:          80 kB
Mlocked:              80 kB
SwapTotal:       2097148 kB
SwapFree:              0 kB
Dirty:               476 kB
Writeback:            24 kB
AnonPages:       7337888 kB
Mapped:           189052 kB
Shmem:            300212 kB
Slab:             101816 kB
SReclaimable:      40164 kB
SUnreclaim:        61652 kB
KernelStack:       17872 kB
PageTables:        76164 kB
NFS_Unstable:          0 kB
Bounce:                0 kB
WritebackTmp:          0 kB
CommitLimit:     6128924 kB
Committed_AS:   15832372 kB
VmallocTotal:   34359738367 kB
VmallocUsed:           0 kB
VmallocChunk:          0 kB
HardwareCorrupted:     0 kB
AnonHugePages:         0 kB
ShmemHugePages:        0 kB
ShmemPmdMapped:        0 kB
CmaTotal:              0 kB
CmaFree:               0 kB
HugePages_Total:       0
HugePages_Free:        0
HugePages_Rsvd:        0
HugePages_Surp:        0
Hugepagesize:       2048 kB
DirectMap4k:      186388 kB
DirectMap2M:     7049216 kB
DirectMap1G:     1048576 kB


CPU:total 4 (initial active 4) (2 cores per cpu, 2 threads per core) family 6 model 142 stepping 9, cmov, cx8, fxsr, mmx, sse, sse2, sse3, ssse3, sse4.1, sse4.2, popcnt, avx, avx2, aes, clmul, erms, 3dnowpref, lzcnt, ht, tsc, tscinvbit, bmi1, bmi2, adx

/proc/cpuinfo:
processor	: 0
vendor_id	: GenuineIntel
cpu family	: 6
model		: 142
model name	: Intel(R) Core(TM) i7-7500U CPU @ 2.70GHz
stepping	: 9
microcode	: 0x84
cpu MHz		: 3500.025
cache size	: 4096 KB
physical id	: 0
siblings	: 4
core id		: 0
cpu cores	: 2
apicid		: 0
initial apicid	: 0
fpu		: yes
fpu_exception	: yes
cpuid level	: 22
wp		: yes
flags		: fpu vme de pse tsc msr pae mce cx8 apic sep mtrr pge mca cmov pat pse36 clflush dts acpi mmx fxsr sse sse2 ss ht tm pbe syscall nx pdpe1gb rdtscp lm constant_tsc art arch_perfmon pebs bts rep_good nopl xtopology nonstop_tsc cpuid aperfmperf tsc_known_freq pni pclmulqdq dtes64 monitor ds_cpl vmx est tm2 ssse3 sdbg fma cx16 xtpr pdcm pcid sse4_1 sse4_2 x2apic movbe popcnt tsc_deadline_timer aes xsave avx f16c rdrand lahf_lm abm 3dnowprefetch cpuid_fault epb invpcid_single pti ibrs ibpb stibp tpr_shadow vnmi flexpriority ept vpid fsgsbase tsc_adjust bmi1 avx2 smep bmi2 erms invpcid mpx rdseed adx smap clflushopt intel_pt xsaveopt xsavec xgetbv1 xsaves dtherm ida arat pln pts hwp hwp_notify hwp_act_window hwp_epp
bugs		: cpu_meltdown spectre_v1 spectre_v2 spec_store_bypass
bogomips	: 5808.00
clflush size	: 64
cache_alignment	: 64
address sizes	: 39 bits physical, 48 bits virtual
power management:

processor	: 1
vendor_id	: GenuineIntel
cpu family	: 6
model		: 142
model name	: Intel(R) Core(TM) i7-7500U CPU @ 2.70GHz
stepping	: 9
microcode	: 0x84
cpu MHz		: 3499.994
cache size	: 4096 KB
physical id	: 0
siblings	: 4
core id		: 1
cpu cores	: 4
apicid		: 2
initial apicid	: 2
fpu		: yes
fpu_exception	: yes
cpuid level	: 22
wp		: yes
flags		: fpu vme de pse tsc msr pae mce cx8 apic sep mtrr pge mca cmov pat pse36 clflush dts acpi mmx fxsr sse sse2 ss ht tm pbe syscall nx pdpe1gb rdtscp lm constant_tsc art arch_perfmon pebs bts rep_good nopl xtopology nonstop_tsc cpuid aperfmperf tsc_known_freq pni pclmulqdq dtes64 monitor ds_cpl vmx est tm2 ssse3 sdbg fma cx16 xtpr pdcm pcid sse4_1 sse4_2 x2apic movbe popcnt tsc_deadline_timer aes xsave avx f16c rdrand lahf_lm abm 3dnowprefetch cpuid_fault epb invpcid_single pti tpr_shadow vnmi flexpriority ept vpid fsgsbase tsc_adjust bmi1 avx2 smep bmi2 erms invpcid mpx rdseed adx smap clflushopt intel_pt xsaveopt xsavec xgetbv1 xsaves dtherm ida arat pln pts hwp hwp_notify hwp_act_window hwp_epp
bugs		: cpu_meltdown spectre_v1 spectre_v2 spec_store_bypass
bogomips	: 5808.00
clflush size	: 64
cache_alignment	: 64
address sizes	: 39 bits physical, 48 bits virtual
power management:

processor	: 2
vendor_id	: GenuineIntel
cpu family	: 6
model		: 142
model name	: Intel(R) Core(TM) i7-7500U CPU @ 2.70GHz
stepping	: 9
microcode	: 0x84
cpu MHz		: 3499.994
cache size	: 4096 KB
physical id	: 0
siblings	: 4
core id		: 0
cpu cores	: 2
apicid		: 1
initial apicid	: 1
fpu		: yes
fpu_exception	: yes
cpuid level	: 22
wp		: yes
flags		: fpu vme de pse tsc msr pae mce cx8 apic sep mtrr pge mca cmov pat pse36 clflush dts acpi mmx fxsr sse sse2 ss ht tm pbe syscall nx pdpe1gb rdtscp lm constant_tsc art arch_perfmon pebs bts rep_good nopl xtopology nonstop_tsc cpuid aperfmperf tsc_known_freq pni pclmulqdq dtes64 monitor ds_cpl vmx est tm2 ssse3 sdbg fma cx16 xtpr pdcm pcid sse4_1 sse4_2 x2apic movbe popcnt tsc_deadline_timer aes xsave avx f16c rdrand lahf_lm abm 3dnowprefetch cpuid_fault epb invpcid_single pti ibrs ibpb stibp tpr_shadow vnmi flexpriority ept vpid fsgsbase tsc_adjust bmi1 avx2 smep bmi2 erms invpcid mpx rdseed adx smap clflushopt intel_pt xsaveopt xsavec xgetbv1 xsaves dtherm ida arat pln pts hwp hwp_notify hwp_act_window hwp_epp
bugs		: cpu_meltdown spectre_v1 spectre_v2 spec_store_bypass
bogomips	: 5808.00
clflush size	: 64
cache_alignment	: 64
address sizes	: 39 bits physical, 48 bits virtual
power management:

processor	: 3
vendor_id	: GenuineIntel
cpu family	: 6
model		: 142
model name	: Intel(R) Core(TM) i7-7500U CPU @ 2.70GHz
stepping	: 9
microcode	: 0x84
cpu MHz		: 3500.000
cache size	: 4096 KB
physical id	: 0
siblings	: 4
core id		: 1
cpu cores	: 1
apicid		: 3
initial apicid	: 3
fpu		: yes
fpu_exception	: yes
cpuid level	: 22
wp		: yes
flags		: fpu vme de pse tsc msr pae mce cx8 apic sep mtrr pge mca cmov pat pse36 clflush dts acpi mmx fxsr sse sse2 ss ht tm pbe syscall nx pdpe1gb rdtscp lm constant_tsc art arch_perfmon pebs bts rep_good nopl xtopology nonstop_tsc cpuid aperfmperf tsc_known_freq pni pclmulqdq dtes64 monitor ds_cpl vmx est tm2 ssse3 sdbg fma cx16 xtpr pdcm pcid sse4_1 sse4_2 x2apic movbe popcnt tsc_deadline_timer aes xsave avx f16c rdrand lahf_lm abm 3dnowprefetch cpuid_fault epb invpcid_single pti ibrs ibpb stibp tpr_shadow vnmi flexpriority ept vpid fsgsbase tsc_adjust bmi1 avx2 smep bmi2 erms invpcid mpx rdseed adx smap clflushopt intel_pt xsaveopt xsavec xgetbv1 xsaves dtherm ida arat pln pts hwp hwp_notify hwp_act_window hwp_epp
bugs		: cpu_meltdown spectre_v1 spectre_v2 spec_store_bypass
bogomips	: 5808.00
clflush size	: 64
cache_alignment	: 64
address sizes	: 39 bits physical, 48 bits virtual
power management:



Memory: 4k page, physical 8063552k(125656k free), swap 2097148k(0k free)

vm_info: OpenJDK 64-Bit Server VM (25.171-b11) for linux-amd64 JRE (1.8.0_171-8u171-b11-0ubuntu0.18.04.1-b11), built on Apr 26 2018 15:59:34 by "buildd" with gcc 7.3.0

time: Thu Aug  2 19:54:54 2018
elapsed time: 0 seconds (0d 0h 0m 0s)

