#
# There is insufficient memory for the Java Runtime Environment to continue.
# Native memory allocation (mmap) failed to map 85983232 bytes for committing reserved memory.
# Possible reasons:
#   The system is out of physical RAM or swap space
#   In 32 bit mode, the process size limit was hit
# Possible solutions:
#   Reduce memory load on the system
#   Increase physical memory or swap space
#   Check if swap backing store is full
#   Use 64 bit Java on a 64 bit OS
#   Decrease Java heap size (-Xmx/-Xms)
#   Decrease number of Java threads
#   Decrease Java thread stack sizes (-Xss)
#   Set larger code cache with -XX:ReservedCodeCacheSize=
# This output file may be truncated or incomplete.
#
#  Out of Memory Error (os_linux.cpp:2643), pid=17870, tid=0x00007f51cb6f6700
#
# JRE version: OpenJDK Runtime Environment (8.0_171-b11) (build 1.8.0_171-8u171-b11-0ubuntu0.18.04.1-b11)
# Java VM: OpenJDK 64-Bit Server VM (25.171-b11 mixed mode linux-amd64 compressed oops)
# Failed to write core dump. Core dumps have been disabled. To enable core dumping, try "ulimit -c unlimited" before starting Java again
#

---------------  T H R E A D  ---------------

Current thread (0x00007f51e8079000):  VMThread [stack: 0x00007f51cb5f7000,0x00007f51cb6f7000] [id=17882]

Stack: [0x00007f51cb5f7000,0x00007f51cb6f7000],  sp=0x00007f51cb6f5480,  free space=1017k
Native frames: (J=compiled Java code, j=interpreted, Vv=VM code, C=native code)
V  [libjvm.so+0xaab382]
V  [libjvm.so+0x4d79a7]
V  [libjvm.so+0x8e66c0]
V  [libjvm.so+0x8e0c1e]
V  [libjvm.so+0x961436]
V  [libjvm.so+0x9627a8]
V  [libjvm.so+0x95eda6]
V  [libjvm.so+0x95f13c]
V  [libjvm.so+0x90d978]
V  [libjvm.so+0xaad042]
V  [libjvm.so+0xab1c26]
V  [libjvm.so+0xaafec5]
V  [libjvm.so+0xab083d]
V  [libjvm.so+0xab0c17]
V  [libjvm.so+0x8e3b12]

VM_Operation (0x00007f51c8cf5150): ParallelGCFailedAllocation, mode: safepoint, requested by thread 0x00007f51e8ebe800


---------------  P R O C E S S  ---------------

Java Threads: ( => current thread )
  0x00007f51e8ebf000 JavaThread "pool-1-thread-2" [_thread_blocked, id=17923, stack(0x00007f51c8abc000,0x00007f51c8bbd000)]
  0x00007f51e8ebe800 JavaThread "pool-1-thread-1" [_thread_blocked, id=17922, stack(0x00007f51c8bf6000,0x00007f51c8cf7000)]
  0x00007f51e8fb4000 JavaThread "process reaper" daemon [_thread_blocked, id=17901, stack(0x00007f51c8bbd000,0x00007f51c8bf6000)]
  0x00007f51e8e5a000 JavaThread "resolver-4" daemon [_thread_blocked, id=17898, stack(0x00007f51c8cf7000,0x00007f51c8df8000)]
  0x00007f51e8f4b800 JavaThread "resolver-3" daemon [_thread_blocked, id=17897, stack(0x00007f51c8df8000,0x00007f51c8ef9000)]
  0x00007f51e8f34800 JavaThread "resolver-2" daemon [_thread_blocked, id=17896, stack(0x00007f51c8ef9000,0x00007f51c8ffa000)]
  0x00007f51e8f59000 JavaThread "resolver-1" daemon [_thread_blocked, id=17895, stack(0x00007f51c8ffa000,0x00007f51c90fb000)]
  0x00007f51e80ca000 JavaThread "Service Thread" daemon [_thread_blocked, id=17890, stack(0x00007f51ca520000,0x00007f51ca621000)]
  0x00007f51e80bf000 JavaThread "C1 CompilerThread2" daemon [_thread_blocked, id=17889, stack(0x00007f51ca622000,0x00007f51ca722000)]
  0x00007f51e80bd000 JavaThread "C2 CompilerThread1" daemon [_thread_blocked, id=17888, stack(0x00007f51ca723000,0x00007f51ca823000)]
  0x00007f51e80ba800 JavaThread "C2 CompilerThread0" daemon [_thread_in_native, id=17887, stack(0x00007f51ca824000,0x00007f51ca924000)]
  0x00007f51e80b9000 JavaThread "Signal Dispatcher" daemon [_thread_blocked, id=17886, stack(0x00007f51ca924000,0x00007f51caa25000)]
  0x00007f51e8085800 JavaThread "Finalizer" daemon [_thread_blocked, id=17884, stack(0x00007f51cb3f4000,0x00007f51cb4f5000)]
  0x00007f51e8081000 JavaThread "Reference Handler" daemon [_thread_blocked, id=17883, stack(0x00007f51cb4f5000,0x00007f51cb5f6000)]
  0x00007f51e800b800 JavaThread "main" [_thread_blocked, id=17877, stack(0x00007f51f0846000,0x00007f51f0946000)]

Other Threads:
=>0x00007f51e8079000 VMThread [stack: 0x00007f51cb5f7000,0x00007f51cb6f7000] [id=17882]
  0x00007f51e80cc800 WatcherThread [stack: 0x00007f51ca420000,0x00007f51ca520000] [id=17891]

VM state:at safepoint (normal execution)

VM Mutex/Monitor currently owned by a thread:  ([mutex/lock_event])
[0x00007f51e8007ee0] Threads_lock - owner thread: 0x00007f51e8079000
[0x00007f51e80083e0] Heap_lock - owner thread: 0x00007f51e8ebe800

Heap:
 PSYoungGen      total 139776K, used 12781K [0x00000000d6f80000, 0x00000000e0480000, 0x0000000100000000)
  eden space 126976K, 0% used [0x00000000d6f80000,0x00000000d6f80000,0x00000000deb80000)
  from space 12800K, 99% used [0x00000000deb80000,0x00000000df7fb4a8,0x00000000df800000)
  to   space 12288K, 0% used [0x00000000df880000,0x00000000df880000,0x00000000e0480000)
 ParOldGen       total 66048K, used 21115K [0x0000000084e00000, 0x0000000088e80000, 0x00000000d6f80000)
  object space 66048K, 31% used [0x0000000084e00000,0x000000008629efa8,0x0000000088e80000)
 Metaspace       used 26028K, capacity 26682K, committed 26880K, reserved 1073152K
  class space    used 3018K, capacity 3234K, committed 3328K, reserved 1048576K

Card table byte_map: [0x00007f51eca10000,0x00007f51ecdea000] byte_map_base: 0x00007f51ec5e9000

Marking Bits: (ParMarkBitMap*) 0x00007f51efae3140
 Begin Bits: [0x00007f51d0270000, 0x00007f51d2138000)
 End Bits:   [0x00007f51d2138000, 0x00007f51d4000000)

Polling page: 0x00007f51f0964000

CodeCache: size=245760Kb used=15121Kb max_used=15121Kb free=230638Kb
 bounds [0x00007f51d9000000, 0x00007f51d9ed0000, 0x00007f51e8000000]
 total_blobs=5078 nmethods=4680 adapters=310
 compilation: enabled

Compilation events (10 events):
Event: 5,334 Thread 0x00007f51e80bd000 nmethod 4706 0x00007f51d9ebd490 code [0x00007f51d9ebd5e0, 0x00007f51d9ebd818]
Event: 5,334 Thread 0x00007f51e80bd000 4700  s    4       java.lang.StringBuffer::append (13 bytes)
Event: 5,340 Thread 0x00007f51e80bd000 nmethod 4700 0x00007f51d9ec1a50 code [0x00007f51d9ec1bc0, 0x00007f51d9ec22b8]
Event: 5,340 Thread 0x00007f51e80bd000 4711       4       java.lang.String::getBytes (27 bytes)
Event: 5,341 Thread 0x00007f51e80bd000 nmethod 4711 0x00007f51d9ec79d0 code [0x00007f51d9ec7b20, 0x00007f51d9ec7be8]
Event: 5,341 Thread 0x00007f51e80bd000 4714       4       java.lang.StringCoding::safeTrim (24 bytes)
Event: 5,343 Thread 0x00007f51e80bd000 nmethod 4714 0x00007f51d9ebfad0 code [0x00007f51d9ebfc20, 0x00007f51d9ebfe58]
Event: 5,343 Thread 0x00007f51e80bf000 4716   !   3       java.lang.StringCoding::encode (120 bytes)
Event: 5,345 Thread 0x00007f51e80bf000 nmethod 4716 0x00007f51d9ec80d0 code [0x00007f51d9ec8420, 0x00007f51d9ec9eb8]
Event: 5,345 Thread 0x00007f51e80bd000 4717       4       org.codehaus.plexus.classworlds.realm.ClassRealm::getImportClassLoader (47 bytes)

GC Heap History (10 events):
Event: 1,298 GC heap after
Heap after GC invocations=3 (full 0):
 PSYoungGen      total 36864K, used 5112K [0x00000000d6f80000, 0x00000000db780000, 0x0000000100000000)
  eden space 31744K, 0% used [0x00000000d6f80000,0x00000000d6f80000,0x00000000d8e80000)
  from space 5120K, 99% used [0x00000000d8e80000,0x00000000d937e0e0,0x00000000d9380000)
  to   space 5120K, 0% used [0x00000000db280000,0x00000000db280000,0x00000000db780000)
 ParOldGen       total 84992K, used 3136K [0x0000000084e00000, 0x000000008a100000, 0x00000000d6f80000)
  object space 84992K, 3% used [0x0000000084e00000,0x0000000085110098,0x000000008a100000)
 Metaspace       used 14507K, capacity 14716K, committed 14976K, reserved 1062912K
  class space    used 1746K, capacity 1842K, committed 1920K, reserved 1048576K
}
Event: 1,622 GC heap before
{Heap before GC invocations=4 (full 0):
 PSYoungGen      total 36864K, used 36856K [0x00000000d6f80000, 0x00000000db780000, 0x0000000100000000)
  eden space 31744K, 100% used [0x00000000d6f80000,0x00000000d8e80000,0x00000000d8e80000)
  from space 5120K, 99% used [0x00000000d8e80000,0x00000000d937e0e0,0x00000000d9380000)
  to   space 5120K, 0% used [0x00000000db280000,0x00000000db280000,0x00000000db780000)
 ParOldGen       total 84992K, used 3136K [0x0000000084e00000, 0x000000008a100000, 0x00000000d6f80000)
  object space 84992K, 3% used [0x0000000084e00000,0x0000000085110098,0x000000008a100000)
 Metaspace       used 15258K, capacity 15584K, committed 15744K, reserved 1062912K
  class space    used 1826K, capacity 1916K, committed 1920K, reserved 1048576K
Event: 1,630 GC heap after
Heap after GC invocations=4 (full 0):
 PSYoungGen      total 68608K, used 5104K [0x00000000d6f80000, 0x00000000db780000, 0x0000000100000000)
  eden space 63488K, 0% used [0x00000000d6f80000,0x00000000d6f80000,0x00000000dad80000)
  from space 5120K, 99% used [0x00000000db280000,0x00000000db77c010,0x00000000db780000)
  to   space 5120K, 0% used [0x00000000dad80000,0x00000000dad80000,0x00000000db280000)
 ParOldGen       total 84992K, used 5225K [0x0000000084e00000, 0x000000008a100000, 0x00000000d6f80000)
  object space 84992K, 6% used [0x0000000084e00000,0x000000008531a7e0,0x000000008a100000)
 Metaspace       used 15258K, capacity 15584K, committed 15744K, reserved 1062912K
  class space    used 1826K, capacity 1916K, committed 1920K, reserved 1048576K
}
Event: 2,394 GC heap before
{Heap before GC invocations=5 (full 0):
 PSYoungGen      total 68608K, used 68592K [0x00000000d6f80000, 0x00000000db780000, 0x0000000100000000)
  eden space 63488K, 100% used [0x00000000d6f80000,0x00000000dad80000,0x00000000dad80000)
  from space 5120K, 99% used [0x00000000db280000,0x00000000db77c010,0x00000000db780000)
  to   space 5120K, 0% used [0x00000000dad80000,0x00000000dad80000,0x00000000db280000)
 ParOldGen       total 84992K, used 5225K [0x0000000084e00000, 0x000000008a100000, 0x00000000d6f80000)
  object space 84992K, 6% used [0x0000000084e00000,0x000000008531a7e0,0x000000008a100000)
 Metaspace       used 20399K, capacity 20828K, committed 21120K, reserved 1067008K
  class space    used 2428K, capacity 2580K, committed 2688K, reserved 1048576K
Event: 2,417 GC heap after
Heap after GC invocations=5 (full 0):
 PSYoungGen      total 68608K, used 5104K [0x00000000d6f80000, 0x00000000e0580000, 0x0000000100000000)
  eden space 63488K, 0% used [0x00000000d6f80000,0x00000000d6f80000,0x00000000dad80000)
  from space 5120K, 99% used [0x00000000dad80000,0x00000000db27c010,0x00000000db280000)
  to   space 13312K, 0% used [0x00000000df880000,0x00000000df880000,0x00000000e0580000)
 ParOldGen       total 84992K, used 13594K [0x0000000084e00000, 0x000000008a100000, 0x00000000d6f80000)
  object space 84992K, 15% used [0x0000000084e00000,0x0000000085b469e0,0x000000008a100000)
 Metaspace       used 20399K, capacity 20828K, committed 21120K, reserved 1067008K
  class space    used 2428K, capacity 2580K, committed 2688K, reserved 1048576K
}
Event: 2,471 GC heap before
{Heap before GC invocations=6 (full 0):
 PSYoungGen      total 68608K, used 11674K [0x00000000d6f80000, 0x00000000e0580000, 0x0000000100000000)
  eden space 63488K, 10% used [0x00000000d6f80000,0x00000000d75eaba8,0x00000000dad80000)
  from space 5120K, 99% used [0x00000000dad80000,0x00000000db27c010,0x00000000db280000)
  to   space 13312K, 0% used [0x00000000df880000,0x00000000df880000,0x00000000e0580000)
 ParOldGen       total 84992K, used 13594K [0x0000000084e00000, 0x000000008a100000, 0x00000000d6f80000)
  object space 84992K, 15% used [0x0000000084e00000,0x0000000085b469e0,0x000000008a100000)
 Metaspace       used 20686K, capacity 21102K, committed 21296K, reserved 1069056K
  class space    used 2444K, capacity 2582K, committed 2688K, reserved 1048576K
Event: 2,485 GC heap after
Heap after GC invocations=6 (full 0):
 PSYoungGen      total 139264K, used 6221K [0x00000000d6f80000, 0x00000000e0480000, 0x0000000100000000)
  eden space 126976K, 0% used [0x00000000d6f80000,0x00000000d6f80000,0x00000000deb80000)
  from space 12288K, 50% used [0x00000000df880000,0x00000000dfe93780,0x00000000e0480000)
  to   space 12800K, 0% used [0x00000000deb80000,0x00000000deb80000,0x00000000df800000)
 ParOldGen       total 84992K, used 13602K [0x0000000084e00000, 0x000000008a100000, 0x00000000d6f80000)
  object space 84992K, 16% used [0x0000000084e00000,0x0000000085b489e0,0x000000008a100000)
 Metaspace       used 20686K, capacity 21102K, committed 21296K, reserved 1069056K
  class space    used 2444K, capacity 2582K, committed 2688K, reserved 1048576K
}
Event: 2,485 GC heap before
{Heap before GC invocations=7 (full 1):
 PSYoungGen      total 139264K, used 6221K [0x00000000d6f80000, 0x00000000e0480000, 0x0000000100000000)
  eden space 126976K, 0% used [0x00000000d6f80000,0x00000000d6f80000,0x00000000deb80000)
  from space 12288K, 50% used [0x00000000df880000,0x00000000dfe93780,0x00000000e0480000)
  to   space 12800K, 0% used [0x00000000deb80000,0x00000000deb80000,0x00000000df800000)
 ParOldGen       total 84992K, used 13602K [0x0000000084e00000, 0x000000008a100000, 0x00000000d6f80000)
  object space 84992K, 16% used [0x0000000084e00000,0x0000000085b489e0,0x000000008a100000)
 Metaspace       used 20686K, capacity 21102K, committed 21296K, reserved 1069056K
  class space    used 2444K, capacity 2582K, committed 2688K, reserved 1048576K
Event: 2,570 GC heap after
Heap after GC invocations=7 (full 1):
 PSYoungGen      total 139264K, used 0K [0x00000000d6f80000, 0x00000000e0480000, 0x0000000100000000)
  eden space 126976K, 0% used [0x00000000d6f80000,0x00000000d6f80000,0x00000000deb80000)
  from space 12288K, 0% used [0x00000000df880000,0x00000000df880000,0x00000000e0480000)
  to   space 12800K, 0% used [0x00000000deb80000,0x00000000deb80000,0x00000000df800000)
 ParOldGen       total 66048K, used 15362K [0x0000000084e00000, 0x0000000088e80000, 0x00000000d6f80000)
  object space 66048K, 23% used [0x0000000084e00000,0x0000000085d00ac0,0x0000000088e80000)
 Metaspace       used 20686K, capacity 21102K, committed 21296K, reserved 1069056K
  class space    used 2444K, capacity 2582K, committed 2688K, reserved 1048576K
}
Event: 5,352 GC heap before
{Heap before GC invocations=8 (full 1):
 PSYoungGen      total 139264K, used 126492K [0x00000000d6f80000, 0x00000000e0480000, 0x0000000100000000)
  eden space 126976K, 99% used [0x00000000d6f80000,0x00000000deb073a8,0x00000000deb80000)
  from space 12288K, 0% used [0x00000000df880000,0x00000000df880000,0x00000000e0480000)
  to   space 12800K, 0% used [0x00000000deb80000,0x00000000deb80000,0x00000000df800000)
 ParOldGen       total 66048K, used 15362K [0x0000000084e00000, 0x0000000088e80000, 0x00000000d6f80000)
  object space 66048K, 23% used [0x0000000084e00000,0x0000000085d00ac0,0x0000000088e80000)
 Metaspace       used 26028K, capacity 26682K, committed 26880K, reserved 1073152K
  class space    used 3018K, capacity 3234K, committed 3328K, reserved 1048576K

Deoptimization events (10 events):
Event: 3,602 Thread 0x00007f51e8f92000 Uncommon trap: reason=class_check action=maybe_recompile pc=0x00007f51d973da18 method=java.util.Hashtable.addEntry(ILjava/lang/Object;Ljava/lang/Object;I)V @ 38
Event: 3,603 Thread 0x00007f51e8f92000 Uncommon trap: reason=class_check action=maybe_recompile pc=0x00007f51d973da18 method=java.util.Hashtable.addEntry(ILjava/lang/Object;Ljava/lang/Object;I)V @ 38
Event: 4,739 Thread 0x00007f51e8f92000 Uncommon trap: reason=null_check action=make_not_entrant pc=0x00007f51d9afc0ac method=java.lang.StringCoding.deref(Ljava/lang/ThreadLocal;)Ljava/lang/Object; @ 4
Event: 5,032 Thread 0x00007f51e800b800 Uncommon trap: reason=speculate_class_check action=maybe_recompile pc=0x00007f51d9cf0ba4 method=java.nio.charset.CharsetDecoder.decode(Ljava/nio/ByteBuffer;Ljava/nio/CharBuffer;Z)Ljava/nio/charset/CoderResult; @ 57
Event: 5,033 Thread 0x00007f51e800b800 Uncommon trap: reason=speculate_class_check action=maybe_recompile pc=0x00007f51d9cf0ba4 method=java.nio.charset.CharsetDecoder.decode(Ljava/nio/ByteBuffer;Ljava/nio/CharBuffer;Z)Ljava/nio/charset/CoderResult; @ 57
Event: 5,033 Thread 0x00007f51e800b800 Uncommon trap: reason=speculate_class_check action=maybe_recompile pc=0x00007f51d9cf0ba4 method=java.nio.charset.CharsetDecoder.decode(Ljava/nio/ByteBuffer;Ljava/nio/CharBuffer;Z)Ljava/nio/charset/CoderResult; @ 57
Event: 5,034 Thread 0x00007f51e800b800 Uncommon trap: reason=speculate_class_check action=maybe_recompile pc=0x00007f51d9cf0ba4 method=java.nio.charset.CharsetDecoder.decode(Ljava/nio/ByteBuffer;Ljava/nio/CharBuffer;Z)Ljava/nio/charset/CoderResult; @ 57
Event: 5,065 Thread 0x00007f51e800b800 Uncommon trap: reason=unstable_if action=reinterpret pc=0x00007f51d979d690 method=org.codehaus.plexus.util.xml.pull.MXParser.parseAttribute()C @ 1002
Event: 5,341 Thread 0x00007f51e800b800 Uncommon trap: reason=unstable_if action=reinterpret pc=0x00007f51d9eb4480 method=java.lang.StringCoding$StringEncoder.encode([CII)[B @ 20
Event: 5,343 Thread 0x00007f51e800b800 Uncommon trap: reason=unstable_if action=reinterpret pc=0x00007f51d9cfd20c method=java.lang.StringCoding$StringEncoder.encode([CII)[B @ 20

Classes redefined (0 events):
No events

Internal exceptions (10 events):
Event: 2,319 Thread 0x00007f51e800b800 Exception <a 'java/io/FileNotFoundException'> (0x00000000da5d13e8) thrown at [/build/openjdk-8-TuolsG/openjdk-8-8u171-b11/src/hotspot/src/share/vm/prims/jni.cpp, line 709]
Event: 2,321 Thread 0x00007f51e800b800 Exception <a 'java/io/FileNotFoundException'> (0x00000000da5f7908) thrown at [/build/openjdk-8-TuolsG/openjdk-8-8u171-b11/src/hotspot/src/share/vm/prims/jni.cpp, line 709]
Event: 2,321 Thread 0x00007f51e800b800 Exception <a 'java/io/FileNotFoundException'> (0x00000000da5f84f8) thrown at [/build/openjdk-8-TuolsG/openjdk-8-8u171-b11/src/hotspot/src/share/vm/prims/jni.cpp, line 709]
Event: 2,915 Thread 0x00007f51e800b800 Exception <a 'java/io/FileNotFoundException'> (0x00000000d8b4ba08) thrown at [/build/openjdk-8-TuolsG/openjdk-8-8u171-b11/src/hotspot/src/share/vm/prims/jni.cpp, line 709]
Event: 2,915 Thread 0x00007f51e800b800 Exception <a 'java/io/FileNotFoundException'> (0x00000000d8b4cd88) thrown at [/build/openjdk-8-TuolsG/openjdk-8-8u171-b11/src/hotspot/src/share/vm/prims/jni.cpp, line 709]
Event: 2,915 Thread 0x00007f51e800b800 Exception <a 'java/io/FileNotFoundException'> (0x00000000d8b4d978) thrown at [/build/openjdk-8-TuolsG/openjdk-8-8u171-b11/src/hotspot/src/share/vm/prims/jni.cpp, line 709]
Event: 3,181 Thread 0x00007f51e800b800 Implicit null exception at 0x00007f51d9cadffc to 0x00007f51d9cae94d
Event: 3,314 Thread 0x00007f51e800b800 Exception <a 'java/lang/NoSuchFieldError': method resolution failed> (0x00000000dbb561c0) thrown at [/build/openjdk-8-TuolsG/openjdk-8-8u171-b11/src/hotspot/src/share/vm/prims/methodHandles.cpp, line 1167]
Event: 3,316 Thread 0x00007f51e800b800 Exception <a 'java/lang/NoSuchFieldError': method resolution failed> (0x00000000dbb63880) thrown at [/build/openjdk-8-TuolsG/openjdk-8-8u171-b11/src/hotspot/src/share/vm/prims/methodHandles.cpp, line 1167]
Event: 4,737 Thread 0x00007f51e8f92000 Implicit null exception at 0x00007f51d9afb8e0 to 0x00007f51d9afc091

Events (10 events):
Event: 5,345 loading class java/util/concurrent/RunnableFuture
Event: 5,345 loading class java/util/concurrent/RunnableFuture done
Event: 5,345 loading class java/util/concurrent/FutureTask done
Event: 5,345 Executing VM operation: Deoptimize
Event: 5,346 Executing VM operation: Deoptimize done
Event: 5,346 loading class java/util/concurrent/FutureTask$WaitNode
Event: 5,346 loading class java/util/concurrent/FutureTask$WaitNode done
Event: 5,348 Thread 0x00007f51e8ebe800 Thread added: 0x00007f51e8ebe800
Event: 5,350 Executing VM operation: ParallelGCFailedAllocation
Event: 5,350 Thread 0x00007f51e8ebf000 Thread added: 0x00007f51e8ebf000


Dynamic libraries:
84e00000-88e80000 rw-p 00000000 00:00 0 
88e80000-d6f80000 ---p 00000000 00:00 0 
d6f80000-e0480000 rw-p 00000000 00:00 0 
e5680000-100000000 ---p 00000000 00:00 0 
100000000-100340000 rw-p 00000000 00:00 0 
100340000-140000000 ---p 00000000 00:00 0 
5617f25b2000-5617f25b3000 r-xp 00000000 08:02 9179784                    /usr/lib/jvm/java-8-openjdk-amd64/jre/bin/java
5617f27b2000-5617f27b3000 r--p 00000000 08:02 9179784                    /usr/lib/jvm/java-8-openjdk-amd64/jre/bin/java
5617f27b3000-5617f27b4000 rw-p 00001000 08:02 9179784                    /usr/lib/jvm/java-8-openjdk-amd64/jre/bin/java
5617f2b68000-5617f2b89000 rw-p 00000000 00:00 0                          [heap]
7f517c000000-7f517c021000 rw-p 00000000 00:00 0 
7f517c021000-7f5180000000 ---p 00000000 00:00 0 
7f5180000000-7f5180021000 rw-p 00000000 00:00 0 
7f5180021000-7f5184000000 ---p 00000000 00:00 0 
7f5184000000-7f5184021000 rw-p 00000000 00:00 0 
7f5184021000-7f5188000000 ---p 00000000 00:00 0 
7f5188000000-7f5188021000 rw-p 00000000 00:00 0 
7f5188021000-7f518c000000 ---p 00000000 00:00 0 
7f518c000000-7f518c021000 rw-p 00000000 00:00 0 
7f518c021000-7f5190000000 ---p 00000000 00:00 0 
7f5190000000-7f5190021000 rw-p 00000000 00:00 0 
7f5190021000-7f5194000000 ---p 00000000 00:00 0 
7f5194000000-7f5194021000 rw-p 00000000 00:00 0 
7f5194021000-7f5198000000 ---p 00000000 00:00 0 
7f5198000000-7f5198021000 rw-p 00000000 00:00 0 
7f5198021000-7f519c000000 ---p 00000000 00:00 0 
7f519c000000-7f519c021000 rw-p 00000000 00:00 0 
7f519c021000-7f51a0000000 ---p 00000000 00:00 0 
7f51a0000000-7f51a0021000 rw-p 00000000 00:00 0 
7f51a0021000-7f51a4000000 ---p 00000000 00:00 0 
7f51a4000000-7f51a4f98000 rw-p 00000000 00:00 0 
7f51a4f98000-7f51a8000000 ---p 00000000 00:00 0 
7f51a8000000-7f51a925d000 rw-p 00000000 00:00 0 
7f51a925d000-7f51ac000000 ---p 00000000 00:00 0 
7f51ac000000-7f51ac021000 rw-p 00000000 00:00 0 
7f51ac021000-7f51b0000000 ---p 00000000 00:00 0 
7f51b0000000-7f51b15e1000 rw-p 00000000 00:00 0 
7f51b15e1000-7f51b4000000 ---p 00000000 00:00 0 
7f51b4000000-7f51b4021000 rw-p 00000000 00:00 0 
7f51b4021000-7f51b8000000 ---p 00000000 00:00 0 
7f51b8000000-7f51b8021000 rw-p 00000000 00:00 0 
7f51b8021000-7f51bc000000 ---p 00000000 00:00 0 
7f51bc000000-7f51bc021000 rw-p 00000000 00:00 0 
7f51bc021000-7f51c0000000 ---p 00000000 00:00 0 
7f51c0000000-7f51c0021000 rw-p 00000000 00:00 0 
7f51c0021000-7f51c4000000 ---p 00000000 00:00 0 
7f51c4000000-7f51c4021000 rw-p 00000000 00:00 0 
7f51c4021000-7f51c8000000 ---p 00000000 00:00 0 
7f51c87a7000-7f51c88a7000 rw-p 00000000 00:00 0 
7f51c88a7000-7f51c89a7000 ---p 00000000 00:00 0 
7f51c89a7000-7f51c89ab000 r--s 0003c000 08:02 7210064                    /home/hjk/.m2/repository/org/codehaus/plexus/plexus-utils/3.1.0/plexus-utils-3.1.0.jar
7f51c89ab000-7f51c89af000 r--s 00016000 08:02 7210062                    /home/hjk/.m2/repository/org/tukaani/xz/1.6/xz-1.6.jar
7f51c89af000-7f51c89b1000 r--s 0000d000 08:02 7078920                    /home/hjk/.m2/repository/org/iq80/snappy/snappy/0.4/snappy-0.4.jar
7f51c89b1000-7f51c89bb000 r--s 00078000 08:02 7210060                    /home/hjk/.m2/repository/org/apache/commons/commons-compress/1.14/commons-compress-1.14.jar
7f51c89bb000-7f51c89be000 ---p 00000000 00:00 0 
7f51c89be000-7f51c8abc000 rw-p 00000000 00:00 0 
7f51c8abc000-7f51c8abf000 ---p 00000000 00:00 0 
7f51c8abf000-7f51c8bbd000 rw-p 00000000 00:00 0 
7f51c8bbd000-7f51c8bc0000 ---p 00000000 00:00 0 
7f51c8bc0000-7f51c8bf6000 rw-p 00000000 00:00 0 
7f51c8bf6000-7f51c8bf9000 ---p 00000000 00:00 0 
7f51c8bf9000-7f51c8cf7000 rw-p 00000000 00:00 0 
7f51c8cf7000-7f51c8cfa000 ---p 00000000 00:00 0 
7f51c8cfa000-7f51c8df8000 rw-p 00000000 00:00 0 
7f51c8df8000-7f51c8dfb000 ---p 00000000 00:00 0 
7f51c8dfb000-7f51c8ef9000 rw-p 00000000 00:00 0 
7f51c8ef9000-7f51c8efc000 ---p 00000000 00:00 0 
7f51c8efc000-7f51c8ffa000 rw-p 00000000 00:00 0 
7f51c8ffa000-7f51c8ffd000 ---p 00000000 00:00 0 
7f51c8ffd000-7f51c92fb000 rw-p 00000000 00:00 0 
7f51c92fb000-7f51c94fb000 rw-p 00000000 00:00 0 
7f51c94fb000-7f51c96fb000 rw-p 00000000 00:00 0 
7f51c96fb000-7f51c98fb000 rw-p 00000000 00:00 0 
7f51c98fb000-7f51c98fd000 r--s 00009000 08:02 6958179                    /home/hjk/.m2/repository/org/apache/maven/plugins/maven-compiler-plugin/3.1/maven-compiler-plugin-3.1.jar
7f51c98fe000-7f51c9902000 r--s 0000f000 08:02 7210058                    /home/hjk/.m2/repository/org/codehaus/plexus/plexus-io/3.0.0/plexus-io-3.0.0.jar
7f51c9902000-7f51c9907000 r--s 00029000 08:02 7210056                    /home/hjk/.m2/repository/org/codehaus/plexus/plexus-archiver/3.5/plexus-archiver-3.5.jar
7f51c9907000-7f51c990b000 r--s 0002f000 08:02 6959137                    /home/hjk/.m2/repository/commons-io/commons-io/2.5/commons-io-2.5.jar
7f51c990b000-7f51c990f000 r--s 00025000 08:02 7210054                    /home/hjk/.m2/repository/org/apache/maven/shared/maven-shared-utils/3.2.0/maven-shared-utils-3.2.0.jar
7f51c990f000-7f51c9910000 r--s 00005000 08:02 7210052                    /home/hjk/.m2/repository/org/apache/maven/maven-archiver/3.2.0/maven-archiver-3.2.0.jar
7f51c9910000-7f51c9912000 r--s 00002000 08:02 7078610                    /home/hjk/.m2/repository/org/sonatype/plexus/plexus-cipher/1.4/plexus-cipher-1.4.jar
7f51c9912000-7f51c9913000 r--s 00006000 08:02 6582470                    /home/hjk/.m2/repository/org/sonatype/plexus/plexus-sec-dispatcher/1.3/plexus-sec-dispatcher-1.3.jar
7f51c9913000-7f51c9915000 r--s 00000000 08:02 7081828                    /home/hjk/.m2/repository/org/codehaus/plexus/plexus-component-annotations/1.7.1/plexus-component-annotations-1.7.1.jar
7f51c9915000-7f51c9917000 r--s 0000d000 08:02 7078680                    /home/hjk/.m2/repository/org/codehaus/plexus/plexus-interpolation/1.14/plexus-interpolation-1.14.jar
7f51c9917000-7f51c991b000 r--s 00017000 08:02 7078607                    /home/hjk/.m2/repository/org/sonatype/aether/aether-util/1.7/aether-util-1.7.jar
7f51c991b000-7f51c9926000 r--s 00069000 08:02 6958011                    /home/hjk/.m2/repository/org/sonatype/sisu/sisu-guice/2.1.7/sisu-guice-2.1.7-noaop.jar
7f51c9926000-7f51c992b000 r--s 00021000 08:02 6958009                    /home/hjk/.m2/repository/org/sonatype/sisu/sisu-inject-bean/1.4.2/sisu-inject-bean-1.4.2.jar
7f51c992b000-7f51c992c000 r--s 00006000 08:02 7472469                    /home/hjk/.m2/repository/org/apache/maven/plugins/maven-jar-plugin/3.1.0/maven-jar-plugin-3.1.0.jar
7f51c992c000-7f51c992e000 r--s 00002000 08:02 7078277                    /home/hjk/.m2/repository/org/apache/maven/plugin-tools/maven-plugin-annotations/3.1/maven-plugin-annotations-3.1.jar
7f51c992e000-7f51c992f000 r--s 00002000 08:02 6959099                    /home/hjk/.m2/repository/org/apache/maven/reporting/maven-reporting-api/2.0.9/maven-reporting-api-2.0.9.jar
7f51c992f000-7f51c9933000 r--s 00035000 08:02 6958151                    /home/hjk/.m2/repository/org/codehaus/plexus/plexus-utils/3.0.8/plexus-utils-3.0.8.jar
7f51c9933000-7f51c9935000 r--s 00006000 08:02 7078273                    /home/hjk/.m2/repository/org/apache/maven/shared/maven-common-artifact-filters/1.3/maven-common-artifact-filters-1.3.jar
7f51c9935000-7f51c993b000 r--s 00048000 08:02 7078271                    /home/hjk/.m2/repository/org/apache/commons/commons-lang3/3.1/commons-lang3-3.1.jar
7f51c993b000-7f51c9940000 r--s 0003c000 08:02 7078269                    /home/hjk/.m2/repository/org/apache/maven/surefire/maven-surefire-common/2.12.4/maven-surefire-common-2.12.4.jar
7f51c9940000-7f51c9944000 r--s 00019000 08:02 7078267                    /home/hjk/.m2/repository/org/apache/maven/surefire/surefire-api/2.12.4/surefire-api-2.12.4.jar
7f51c9944000-7f51c9946000 r--s 00007000 08:02 7078265                    /home/hjk/.m2/repository/org/apache/maven/surefire/surefire-booter/2.12.4/surefire-booter-2.12.4.jar
7f51c9946000-7f51c9947000 r--s 00007000 08:02 6297321                    /home/hjk/.m2/repository/org/apache/maven/plugins/maven-surefire-plugin/2.12.4/maven-surefire-plugin-2.12.4.jar
7f51c9947000-7f51c99c1000 r--s 010ff000 08:02 9180027                    /usr/lib/jvm/java-8-openjdk-amd64/lib/tools.jar
7f51c99c1000-7f51c99c4000 r--s 0001b000 08:02 7078204                    /home/hjk/.m2/repository/junit/junit/3.8.2/junit-3.8.2.jar
7f51c99c4000-7f51c99d2000 r--s 0008f000 08:02 7078202                    /home/hjk/.m2/repository/com/google/collections/google-collections/1.0/google-collections-1.0.jar
7f51c99d2000-7f51c99d3000 r--s 0000a000 08:02 7078200                    /home/hjk/.m2/repository/commons-logging/commons-logging-api/1.1/commons-logging-api-1.1.jar
7f51c99d3000-7f51c99da000 r--s 00051000 08:02 7078198                    /home/hjk/.m2/repository/log4j/log4j/1.2.12/log4j-1.2.12.jar
7f51c99da000-7f51c99de000 r--s 0001d000 08:02 7078196                    /home/hjk/.m2/repository/org/apache/xbean/xbean-reflect/3.4/xbean-reflect-3.4.jar
7f51c99de000-7f51c99df000 r--s 00004000 08:02 7078190                    /home/hjk/.m2/repository/org/codehaus/plexus/plexus-compiler-javac/2.2/plexus-compiler-javac-2.2.jar
7f51c99df000-7f51c99e1000 r--s 00000000 08:02 7078188                    /home/hjk/.m2/repository/org/codehaus/plexus/plexus-compiler-manager/2.2/plexus-compiler-manager-2.2.jar
7f51c99e1000-7f51c99e3000 r--s 00005000 08:02 7078186                    /home/hjk/.m2/repository/org/codehaus/plexus/plexus-compiler-api/2.2/plexus-compiler-api-2.2.jar
7f51c99e3000-7f51c99e5000 r--s 00000000 08:02 6958005                    /home/hjk/.m2/repository/org/codehaus/plexus/plexus-component-annotations/1.5.5/plexus-component-annotations-1.5.5.jar
7f51c99e5000-7f51c99e7000 r--s 00002000 08:02 7078184                    /home/hjk/.m2/repository/org/apache/maven/shared/maven-shared-incremental/1.1/maven-shared-incremental-1.1.jar
7f51c99e7000-7f51c99e9000 r--s 00006000 08:02 6958017                    /home/hjk/.m2/repository/com/google/code/findbugs/jsr305/2.0.1/jsr305-2.0.1.jar
7f51c99e9000-7f51c99ec000 r--s 00023000 08:02 7078182                    /home/hjk/.m2/repository/org/apache/maven/shared/maven-shared-utils/0.1/maven-shared-utils-0.1.jar
7f51c99ec000-7f51c99f0000 r--s 00030000 08:02 6959093                    /home/hjk/.m2/repository/org/codehaus/plexus/plexus-utils/1.5.1/plexus-utils-1.5.1.jar
7f51c99f0000-7f51c99f2000 r--s 0000d000 08:02 6826205                    /home/hjk/.m2/repository/org/codehaus/plexus/plexus-interpolation/1.13/plexus-interpolation-1.13.jar
7f51c99f2000-7f51c99f4000 r--s 00009000 08:02 6959063                    /home/hjk/.m2/repository/org/apache/maven/shared/maven-filtering/1.1/maven-filtering-1.1.jar
7f51c99f4000-7f51c9a05000 r-xp 00000000 08:02 9179823                    /usr/lib/jvm/java-8-openjdk-amd64/jre/lib/amd64/libnio.so
7f51c9a05000-7f51c9c05000 ---p 00011000 08:02 9179823                    /usr/lib/jvm/java-8-openjdk-amd64/jre/lib/amd64/libnio.so
7f51c9c05000-7f51c9c06000 r--p 00011000 08:02 9179823                    /usr/lib/jvm/java-8-openjdk-amd64/jre/lib/amd64/libnio.so
7f51c9c06000-7f51c9c07000 rw-p 00012000 08:02 9179823                    /usr/lib/jvm/java-8-openjdk-amd64/jre/lib/amd64/libnio.so
7f51c9c07000-7f51c9c1d000 r-xp 00000000 08:02 9179822                    /usr/lib/jvm/java-8-openjdk-amd64/jre/lib/amd64/libnet.so
7f51c9c1d000-7f51c9e1d000 ---p 00016000 08:02 9179822                    /usr/lib/jvm/java-8-openjdk-amd64/jre/lib/amd64/libnet.so
7f51c9e1d000-7f51c9e1e000 r--p 00016000 08:02 9179822                    /usr/lib/jvm/java-8-openjdk-amd64/jre/lib/amd64/libnet.so
7f51c9e1e000-7f51c9e1f000 rw-p 00017000 08:02 9179822                    /usr/lib/jvm/java-8-openjdk-amd64/jre/lib/amd64/libnet.so
7f51c9e1f000-7f51ca01f000 rw-p 00000000 00:00 0 
7f51ca01f000-7f51ca21f000 rw-p 00000000 00:00 0 
7f51ca21f000-7f51ca41f000 rw-p 00000000 00:00 0 
7f51ca41f000-7f51ca420000 ---p 00000000 00:00 0 
7f51ca420000-7f51ca520000 rw-p 00000000 00:00 0 
7f51ca520000-7f51ca523000 ---p 00000000 00:00 0 
7f51ca523000-7f51ca621000 rw-p 00000000 00:00 0 
7f51ca621000-7f51ca622000 ---p 00000000 00:00 0 
7f51ca622000-7f51ca625000 ---p 00000000 00:00 0 
7f51ca625000-7f51ca722000 rw-p 00000000 00:00 0 
7f51ca722000-7f51ca723000 ---p 00000000 00:00 0 
7f51ca723000-7f51ca726000 ---p 00000000 00:00 0 
7f51ca726000-7f51ca823000 rw-p 00000000 00:00 0 
7f51ca823000-7f51ca824000 ---p 00000000 00:00 0 
7f51ca824000-7f51ca827000 ---p 00000000 00:00 0 
7f51ca827000-7f51ca924000 rw-p 00000000 00:00 0 
7f51ca924000-7f51ca927000 ---p 00000000 00:00 0 
7f51ca927000-7f51caa25000 rw-p 00000000 00:00 0 
7f51caa25000-7f51cb3f4000 r--p 00000000 08:02 8657529                    /usr/lib/locale/locale-archive
7f51cb3f4000-7f51cb3f7000 ---p 00000000 00:00 0 
7f51cb3f7000-7f51cb4f5000 rw-p 00000000 00:00 0 
7f51cb4f5000-7f51cb4f8000 ---p 00000000 00:00 0 
7f51cb4f8000-7f51cb5f6000 rw-p 00000000 00:00 0 
7f51cb5f6000-7f51cb5f7000 ---p 00000000 00:00 0 
7f51cb5f7000-7f51cc000000 rw-p 00000000 00:00 0 
7f51cc000000-7f51cc021000 rw-p 00000000 00:00 0 
7f51cc021000-7f51d0000000 ---p 00000000 00:00 0 
7f51d0000000-7f51d0001000 r--s 00001000 08:02 6826203                    /home/hjk/.m2/repository/org/sonatype/plexus/plexus-build-api/0.0.4/plexus-build-api-0.0.4.jar
7f51d0001000-7f51d0005000 r--s 00033000 08:02 6959061                    /home/hjk/.m2/repository/org/codehaus/plexus/plexus-utils/2.0.5/plexus-utils-2.0.5.jar
7f51d0005000-7f51d0008000 r--s 0001b000 08:02 6959059                    /home/hjk/.m2/repository/junit/junit/3.8.1/junit-3.8.1.jar
7f51d0008000-7f51d000a000 r--s 00002000 08:02 6959047                    /home/hjk/.m2/repository/org/codehaus/plexus/plexus-interactivity-api/1.0-alpha-4/plexus-interactivity-api-1.0-alpha-4.jar
7f51d000a000-7f51d000c000 r--s 00006000 08:02 6582418                    /home/hjk/.m2/repository/commons-cli/commons-cli/1.0/commons-cli-1.0.jar
7f51d000c000-7f51d000d000 r--s 00001000 08:02 6959041                    /home/hjk/.m2/repository/org/apache/maven/doxia/doxia-sink-api/1.0-alpha-7/doxia-sink-api-1.0-alpha-7.jar
7f51d000d000-7f51d000e000 r--s 00002000 08:02 6959039                    /home/hjk/.m2/repository/org/apache/maven/reporting/maven-reporting-api/2.0.6/maven-reporting-api-2.0.6.jar
7f51d000e000-7f51d0010000 r--s 00006000 08:02 6297313                    /home/hjk/.m2/repository/org/apache/maven/plugins/maven-resources-plugin/2.6/maven-resources-plugin-2.6.jar
7f51d0010000-7f51d0014000 r--s 00034000 08:02 6958069                    /home/hjk/.m2/repository/org/codehaus/plexus/plexus-utils/3.0/plexus-utils-3.0.jar
7f51d0014000-7f51d0016000 r--s 00005000 08:02 6297305                    /home/hjk/.m2/repository/org/apache/maven/plugins/maven-clean-plugin/2.5/maven-clean-plugin-2.5.jar
7f51d0016000-7f51d001b000 r--s 0009d000 08:02 9179867                    /usr/lib/jvm/java-8-openjdk-amd64/jre/lib/jsse.jar
7f51d001b000-7f51d001c000 r--s 00002000 08:02 6162454                    /home/hjk/.p2/pool/plugins/org.eclipse.m2e.maven.runtime.slf4j.simple_1.8.3.20180227-2135/jars/slf4j-simple-1.7.5.jar
7f51d001c000-7f51d0021000 r--s 00041000 08:02 6162777                    /home/hjk/.p2/pool/plugins/org.eclipse.m2e.maven.runtime_1.8.3.20180227-2135/jars/commons-lang-2.6.jar
7f51d0021000-7f51d0022000 r--s 00002000 08:02 6162805                    /home/hjk/.p2/pool/plugins/org.eclipse.m2e.maven.runtime_1.8.3.20180227-2135/jars/wagon-file-2.10.jar
7f51d0022000-7f51d0024000 r--s 00005000 08:02 6162773                    /home/hjk/.p2/pool/plugins/org.eclipse.m2e.maven.runtime_1.8.3.20180227-2135/jars/aether-transport-wagon-1.0.2.v20150114.jar
7f51d0024000-7f51d0025000 r--s 00008000 08:02 6162769                    /home/hjk/.p2/pool/plugins/org.eclipse.m2e.maven.runtime_1.8.3.20180227-2135/jars/aether-connector-basic-1.0.2.v20150114.jar
7f51d0025000-7f51d0027000 r--s 00012000 08:02 6162795                    /home/hjk/.p2/pool/plugins/org.eclipse.m2e.maven.runtime_1.8.3.20180227-2135/jars/okio-1.12.0.jar
7f51d0027000-7f51d002d000 r--s 0005b000 08:02 6162794                    /home/hjk/.p2/pool/plugins/org.eclipse.m2e.maven.runtime_1.8.3.20180227-2135/jars/okhttp-3.7.0.jar
7f51d002d000-7f51d002f000 r--s 0000b000 08:02 6162770                    /home/hjk/.p2/pool/plugins/org.eclipse.m2e.maven.runtime_1.8.3.20180227-2135/jars/aether-connector-okhttp-0.17.3.jar
7f51d002f000-7f51d0031000 r--s 00006000 08:02 6162772                    /home/hjk/.p2/pool/plugins/org.eclipse.m2e.maven.runtime_1.8.3.20180227-2135/jars/aether-spi-1.0.2.v20150114.jar
7f51d0031000-7f51d0035000 r--s 00027000 08:02 6162771                    /home/hjk/.p2/pool/plugins/org.eclipse.m2e.maven.runtime_1.8.3.20180227-2135/jars/aether-impl-1.0.2.v20150114.jar
7f51d0035000-7f51d0060000 r--s 001fc000 08:02 6162779                    /home/hjk/.p2/pool/plugins/org.eclipse.m2e.maven.runtime_1.8.3.20180227-2135/jars/guava-18.0.jar
7f51d0060000-7f51d0068000 r--s 00055000 08:02 6162796                    /home/hjk/.p2/pool/plugins/org.eclipse.m2e.maven.runtime_1.8.3.20180227-2135/jars/org.eclipse.sisu.inject-0.3.2.jar
7f51d0068000-7f51d006e000 r--s 0002d000 08:02 6162797                    /home/hjk/.p2/pool/plugins/org.eclipse.m2e.maven.runtime_1.8.3.20180227-2135/jars/org.eclipse.sisu.plexus-0.3.2.jar
7f51d006e000-7f51d4000000 rw-p 00000000 00:00 0 
7f51d4000000-7f51d4021000 rw-p 00000000 00:00 0 
7f51d4021000-7f51d8000000 ---p 00000000 00:00 0 
7f51d8000000-7f51d8001000 r--s 00001000 08:02 6162781                    /home/hjk/.p2/pool/plugins/org.eclipse.m2e.maven.runtime_1.8.3.20180227-2135/jars/jsr250-api-1.0.jar
7f51d8001000-7f51d8004000 r--s 00008000 08:02 6162775                    /home/hjk/.p2/pool/plugins/org.eclipse.m2e.maven.runtime_1.8.3.20180227-2135/jars/cdi-api-1.0.jar
7f51d8004000-7f51d8007000 r--s 0000b000 08:02 6162806                    /home/hjk/.p2/pool/plugins/org.eclipse.m2e.maven.runtime_1.8.3.20180227-2135/jars/wagon-provider-api-2.10.jar
7f51d8007000-7f51d800d000 r--s 00041000 08:02 6162785                    /home/hjk/.p2/pool/plugins/org.eclipse.m2e.maven.runtime_1.8.3.20180227-2135/jars/maven-compat-3.3.9.jar
7f51d800d000-7f51d800f000 r--s 00009000 08:02 6162776                    /home/hjk/.p2/pool/plugins/org.eclipse.m2e.maven.runtime_1.8.3.20180227-2135/jars/commons-cli-1.2.jar
7f51d800f000-7f51d8011000 r--s 00002000 08:02 6162799                    /home/hjk/.p2/pool/plugins/org.eclipse.m2e.maven.runtime_1.8.3.20180227-2135/jars/plexus-cipher-1.7.jar
7f51d8011000-7f51d8014000 r--s 00013000 08:02 6162787                    /home/hjk/.p2/pool/plugins/org.eclipse.m2e.maven.runtime_1.8.3.20180227-2135/jars/maven-embedder-3.3.9.jar
7f51d8014000-7f51d801b000 r--s 00064000 08:02 6162778                    /home/hjk/.p2/pool/plugins/org.eclipse.m2e.maven.runtime_1.8.3.20180227-2135/jars/commons-lang3-3.4.jar
7f51d801b000-7f51d801c000 r--s 00006000 08:02 6162803                    /home/hjk/.p2/pool/plugins/org.eclipse.m2e.maven.runtime_1.8.3.20180227-2135/jars/plexus-sec-dispatcher-1.3.jar
7f51d801c000-7f51d8020000 r--s 00038000 08:02 6162804                    /home/hjk/.p2/pool/plugins/org.eclipse.m2e.maven.runtime_1.8.3.20180227-2135/jars/plexus-utils-3.0.22.jar
7f51d8020000-7f51d8023000 r--s 0000d000 08:02 6162802                    /home/hjk/.p2/pool/plugins/org.eclipse.m2e.maven.runtime_1.8.3.20180227-2135/jars/plexus-interpolation-1.21.jar
7f51d8023000-7f51d9000000 rw-p 00000000 00:00 0 
7f51d9000000-7f51d9ed0000 rwxp 00000000 00:00 0 
7f51d9ed0000-7f51e8000000 ---p 00000000 00:00 0 
7f51e8000000-7f51e8fea000 rw-p 00000000 00:00 0 
7f51e8fea000-7f51ec000000 ---p 00000000 00:00 0 
7f51ec000000-7f51ec002000 r--s 00000000 08:02 6162801                    /home/hjk/.p2/pool/plugins/org.eclipse.m2e.maven.runtime_1.8.3.20180227-2135/jars/plexus-component-annotations-1.6.jar
7f51ec002000-7f51ec00b000 r--s 0005f000 08:02 6162780                    /home/hjk/.p2/pool/plugins/org.eclipse.m2e.maven.runtime_1.8.3.20180227-2135/jars/guice-4.0-no_aop.jar
7f51ec00b000-7f51ec00f000 r--s 00020000 08:02 6162774                    /home/hjk/.p2/pool/plugins/org.eclipse.m2e.maven.runtime_1.8.3.20180227-2135/jars/aether-util-1.0.2.v20150114.jar
7f51ec00f000-7f51ec014000 r--s 0001d000 08:02 6162768                    /home/hjk/.p2/pool/plugins/org.eclipse.m2e.maven.runtime_1.8.3.20180227-2135/jars/aether-api-1.0.2.v20150114.jar
7f51ec014000-7f51ec016000 r--s 0000f000 08:02 6162782                    /home/hjk/.p2/pool/plugins/org.eclipse.m2e.maven.runtime_1.8.3.20180227-2135/jars/maven-aether-provider-3.3.9.jar
7f51ec016000-7f51ec01b000 r--s 00027000 08:02 6162789                    /home/hjk/.p2/pool/plugins/org.eclipse.m2e.maven.runtime_1.8.3.20180227-2135/jars/maven-model-builder-3.3.9.jar
7f51ec01b000-7f51ec01d000 r--s 0000a000 08:02 6162790                    /home/hjk/.p2/pool/plugins/org.eclipse.m2e.maven.runtime_1.8.3.20180227-2135/jars/maven-plugin-api-3.3.9.jar
7f51ec01d000-7f51ec01f000 r--s 0000c000 08:02 6162783                    /home/hjk/.p2/pool/plugins/org.eclipse.m2e.maven.runtime_1.8.3.20180227-2135/jars/maven-artifact-3.3.9.jar
7f51ec01f000-7f51ec020000 r--s 00006000 08:02 6162791                    /home/hjk/.p2/pool/plugins/org.eclipse.m2e.maven.runtime_1.8.3.20180227-2135/jars/maven-repository-metadata-3.3.9.jar
7f51ec020000-7f51ec021000 r--s 00003000 08:02 6162784                    /home/hjk/.p2/pool/plugins/org.eclipse.m2e.maven.runtime_1.8.3.20180227-2135/jars/maven-builder-support-3.3.9.jar
7f51ec021000-7f51ec02e000 r--s 0008f000 08:02 6162786                    /home/hjk/.p2/pool/plugins/org.eclipse.m2e.maven.runtime_1.8.3.20180227-2135/jars/maven-core-3.3.9.jar
7f51ec02e000-7f51ec049000 r--s 001d6000 08:02 9179849                    /usr/lib/jvm/java-8-openjdk-amd64/jre/lib/ext/nashorn.jar
7f51ec049000-7f51ec064000 r--s 00394000 08:02 9179844                    /usr/lib/jvm/java-8-openjdk-amd64/jre/lib/ext/cldrdata.jar
7f51ec064000-7f51ec136000 rw-p 00000000 00:00 0 
7f51ec136000-7f51ec305000 r--s 03c2f000 08:02 9179873                    /usr/lib/jvm/java-8-openjdk-amd64/jre/lib/rt.jar
7f51ec305000-7f51ec37b000 rw-p 00000000 00:00 0 
7f51ec37b000-7f51ec37c000 ---p 00000000 00:00 0 
7f51ec37c000-7f51ec47c000 rw-p 00000000 00:00 0 
7f51ec47c000-7f51ec47d000 ---p 00000000 00:00 0 
7f51ec47d000-7f51ec57d000 rw-p 00000000 00:00 0 
7f51ec57d000-7f51ec57e000 ---p 00000000 00:00 0 
7f51ec57e000-7f51ec67e000 rw-p 00000000 00:00 0 
7f51ec67e000-7f51ec67f000 ---p 00000000 00:00 0 
7f51ec67f000-7f51ec7a0000 rw-p 00000000 00:00 0 
7f51ec7a0000-7f51eca10000 ---p 00000000 00:00 0 
7f51eca10000-7f51eca31000 rw-p 00000000 00:00 0 
7f51eca31000-7f51ecca0000 ---p 00000000 00:00 0 
7f51ecca0000-7f51eccec000 rw-p 00000000 00:00 0 
7f51eccec000-7f51ecde9000 ---p 00000000 00:00 0 
7f51ecde9000-7f51ece26000 rw-p 00000000 00:00 0 
7f51ece26000-7f51ed1aa000 ---p 00000000 00:00 0 
7f51ed1aa000-7f51ed1b2000 r-xp 00000000 08:02 9179830                    /usr/lib/jvm/java-8-openjdk-amd64/jre/lib/amd64/libzip.so
7f51ed1b2000-7f51ed3b1000 ---p 00008000 08:02 9179830                    /usr/lib/jvm/java-8-openjdk-amd64/jre/lib/amd64/libzip.so
7f51ed3b1000-7f51ed3b2000 r--p 00007000 08:02 9179830                    /usr/lib/jvm/java-8-openjdk-amd64/jre/lib/amd64/libzip.so
7f51ed3b2000-7f51ed3b3000 rw-p 00008000 08:02 9179830                    /usr/lib/jvm/java-8-openjdk-amd64/jre/lib/amd64/libzip.so
7f51ed3b3000-7f51ed3be000 r-xp 00000000 08:02 15340212                   /lib/x86_64-linux-gnu/libnss_files-2.27.so
7f51ed3be000-7f51ed5bd000 ---p 0000b000 08:02 15340212                   /lib/x86_64-linux-gnu/libnss_files-2.27.so
7f51ed5bd000-7f51ed5be000 r--p 0000a000 08:02 15340212                   /lib/x86_64-linux-gnu/libnss_files-2.27.so
7f51ed5be000-7f51ed5bf000 rw-p 0000b000 08:02 15340212                   /lib/x86_64-linux-gnu/libnss_files-2.27.so
7f51ed5bf000-7f51ed5c5000 rw-p 00000000 00:00 0 
7f51ed5c5000-7f51ed5dc000 r-xp 00000000 08:02 15340206                   /lib/x86_64-linux-gnu/libnsl-2.27.so
7f51ed5dc000-7f51ed7db000 ---p 00017000 08:02 15340206                   /lib/x86_64-linux-gnu/libnsl-2.27.so
7f51ed7db000-7f51ed7dc000 r--p 00016000 08:02 15340206                   /lib/x86_64-linux-gnu/libnsl-2.27.so
7f51ed7dc000-7f51ed7dd000 rw-p 00017000 08:02 15340206                   /lib/x86_64-linux-gnu/libnsl-2.27.so
7f51ed7dd000-7f51ed7df000 rw-p 00000000 00:00 0 
7f51ed7df000-7f51ed7ea000 r-xp 00000000 08:02 15340223                   /lib/x86_64-linux-gnu/libnss_nis-2.27.so
7f51ed7ea000-7f51ed9e9000 ---p 0000b000 08:02 15340223                   /lib/x86_64-linux-gnu/libnss_nis-2.27.so
7f51ed9e9000-7f51ed9ea000 r--p 0000a000 08:02 15340223                   /lib/x86_64-linux-gnu/libnss_nis-2.27.so
7f51ed9ea000-7f51ed9eb000 rw-p 0000b000 08:02 15340223                   /lib/x86_64-linux-gnu/libnss_nis-2.27.so
7f51ed9eb000-7f51ed9f3000 r-xp 00000000 08:02 15340208                   /lib/x86_64-linux-gnu/libnss_compat-2.27.so
7f51ed9f3000-7f51edbf3000 ---p 00008000 08:02 15340208                   /lib/x86_64-linux-gnu/libnss_compat-2.27.so
7f51edbf3000-7f51edbf4000 r--p 00008000 08:02 15340208                   /lib/x86_64-linux-gnu/libnss_compat-2.27.so
7f51edbf4000-7f51edbf5000 rw-p 00009000 08:02 15340208                   /lib/x86_64-linux-gnu/libnss_compat-2.27.so
7f51edbf5000-7f51edc23000 r-xp 00000000 08:02 9179811                    /usr/lib/jvm/java-8-openjdk-amd64/jre/lib/amd64/libjava.so
7f51edc23000-7f51ede22000 ---p 0002e000 08:02 9179811                    /usr/lib/jvm/java-8-openjdk-amd64/jre/lib/amd64/libjava.so
7f51ede22000-7f51ede23000 r--p 0002d000 08:02 9179811                    /usr/lib/jvm/java-8-openjdk-amd64/jre/lib/amd64/libjava.so
7f51ede23000-7f51ede25000 rw-p 0002e000 08:02 9179811                    /usr/lib/jvm/java-8-openjdk-amd64/jre/lib/amd64/libjava.so
7f51ede25000-7f51ede35000 r-xp 00000000 08:02 9179829                    /usr/lib/jvm/java-8-openjdk-amd64/jre/lib/amd64/libverify.so
7f51ede35000-7f51ee034000 ---p 00010000 08:02 9179829                    /usr/lib/jvm/java-8-openjdk-amd64/jre/lib/amd64/libverify.so
7f51ee034000-7f51ee036000 r--p 0000f000 08:02 9179829                    /usr/lib/jvm/java-8-openjdk-amd64/jre/lib/amd64/libverify.so
7f51ee036000-7f51ee037000 rw-p 00011000 08:02 9179829                    /usr/lib/jvm/java-8-openjdk-amd64/jre/lib/amd64/libverify.so
7f51ee037000-7f51ee03e000 r-xp 00000000 08:02 15340263                   /lib/x86_64-linux-gnu/librt-2.27.so
7f51ee03e000-7f51ee23d000 ---p 00007000 08:02 15340263                   /lib/x86_64-linux-gnu/librt-2.27.so
7f51ee23d000-7f51ee23e000 r--p 00006000 08:02 15340263                   /lib/x86_64-linux-gnu/librt-2.27.so
7f51ee23e000-7f51ee23f000 rw-p 00007000 08:02 15340263                   /lib/x86_64-linux-gnu/librt-2.27.so
7f51ee23f000-7f51ee256000 r-xp 00000000 08:02 15340159                   /lib/x86_64-linux-gnu/libgcc_s.so.1
7f51ee256000-7f51ee455000 ---p 00017000 08:02 15340159                   /lib/x86_64-linux-gnu/libgcc_s.so.1
7f51ee455000-7f51ee456000 r--p 00016000 08:02 15340159                   /lib/x86_64-linux-gnu/libgcc_s.so.1
7f51ee456000-7f51ee457000 rw-p 00017000 08:02 15340159                   /lib/x86_64-linux-gnu/libgcc_s.so.1
7f51ee457000-7f51ee5f4000 r-xp 00000000 08:02 15340185                   /lib/x86_64-linux-gnu/libm-2.27.so
7f51ee5f4000-7f51ee7f3000 ---p 0019d000 08:02 15340185                   /lib/x86_64-linux-gnu/libm-2.27.so
7f51ee7f3000-7f51ee7f4000 r--p 0019c000 08:02 15340185                   /lib/x86_64-linux-gnu/libm-2.27.so
7f51ee7f4000-7f51ee7f5000 rw-p 0019d000 08:02 15340185                   /lib/x86_64-linux-gnu/libm-2.27.so
7f51ee7f5000-7f51ee973000 r-xp 00000000 08:02 8659576                    /usr/lib/x86_64-linux-gnu/libstdc++.so.6.0.25
7f51ee973000-7f51eeb73000 ---p 0017e000 08:02 8659576                    /usr/lib/x86_64-linux-gnu/libstdc++.so.6.0.25
7f51eeb73000-7f51eeb7d000 r--p 0017e000 08:02 8659576                    /usr/lib/x86_64-linux-gnu/libstdc++.so.6.0.25
7f51eeb7d000-7f51eeb7f000 rw-p 00188000 08:02 8659576                    /usr/lib/x86_64-linux-gnu/libstdc++.so.6.0.25
7f51eeb7f000-7f51eeb83000 rw-p 00000000 00:00 0 
7f51eeb83000-7f51ef814000 r-xp 00000000 08:02 9179833                    /usr/lib/jvm/java-8-openjdk-amd64/jre/lib/amd64/server/libjvm.so
7f51ef814000-7f51efa14000 ---p 00c91000 08:02 9179833                    /usr/lib/jvm/java-8-openjdk-amd64/jre/lib/amd64/server/libjvm.so
7f51efa14000-7f51efaa7000 r--p 00c91000 08:02 9179833                    /usr/lib/jvm/java-8-openjdk-amd64/jre/lib/amd64/server/libjvm.so
7f51efaa7000-7f51efacf000 rw-p 00d24000 08:02 9179833                    /usr/lib/jvm/java-8-openjdk-amd64/jre/lib/amd64/server/libjvm.so
7f51efacf000-7f51efb00000 rw-p 00000000 00:00 0 
7f51efb00000-7f51efb1a000 r-xp 00000000 08:02 15340255                   /lib/x86_64-linux-gnu/libpthread-2.27.so
7f51efb1a000-7f51efd19000 ---p 0001a000 08:02 15340255                   /lib/x86_64-linux-gnu/libpthread-2.27.so
7f51efd19000-7f51efd1a000 r--p 00019000 08:02 15340255                   /lib/x86_64-linux-gnu/libpthread-2.27.so
7f51efd1a000-7f51efd1b000 rw-p 0001a000 08:02 15340255                   /lib/x86_64-linux-gnu/libpthread-2.27.so
7f51efd1b000-7f51efd1f000 rw-p 00000000 00:00 0 
7f51efd1f000-7f51efd22000 r-xp 00000000 08:02 15340145                   /lib/x86_64-linux-gnu/libdl-2.27.so
7f51efd22000-7f51eff21000 ---p 00003000 08:02 15340145                   /lib/x86_64-linux-gnu/libdl-2.27.so
7f51eff21000-7f51eff22000 r--p 00002000 08:02 15340145                   /lib/x86_64-linux-gnu/libdl-2.27.so
7f51eff22000-7f51eff23000 rw-p 00003000 08:02 15340145                   /lib/x86_64-linux-gnu/libdl-2.27.so
7f51eff23000-7f51eff3f000 r-xp 00000000 08:02 15340294                   /lib/x86_64-linux-gnu/libz.so.1.2.11
7f51eff3f000-7f51f013e000 ---p 0001c000 08:02 15340294                   /lib/x86_64-linux-gnu/libz.so.1.2.11
7f51f013e000-7f51f013f000 r--p 0001b000 08:02 15340294                   /lib/x86_64-linux-gnu/libz.so.1.2.11
7f51f013f000-7f51f0140000 rw-p 0001c000 08:02 15340294                   /lib/x86_64-linux-gnu/libz.so.1.2.11
7f51f0140000-7f51f0327000 r-xp 00000000 08:02 15340122                   /lib/x86_64-linux-gnu/libc-2.27.so
7f51f0327000-7f51f0527000 ---p 001e7000 08:02 15340122                   /lib/x86_64-linux-gnu/libc-2.27.so
7f51f0527000-7f51f052b000 r--p 001e7000 08:02 15340122                   /lib/x86_64-linux-gnu/libc-2.27.so
7f51f052b000-7f51f052d000 rw-p 001eb000 08:02 15340122                   /lib/x86_64-linux-gnu/libc-2.27.so
7f51f052d000-7f51f0531000 rw-p 00000000 00:00 0 
7f51f0531000-7f51f053f000 r-xp 00000000 08:02 9179797                    /usr/lib/jvm/java-8-openjdk-amd64/jre/lib/amd64/jli/libjli.so
7f51f053f000-7f51f073e000 ---p 0000e000 08:02 9179797                    /usr/lib/jvm/java-8-openjdk-amd64/jre/lib/amd64/jli/libjli.so
7f51f073e000-7f51f073f000 r--p 0000d000 08:02 9179797                    /usr/lib/jvm/java-8-openjdk-amd64/jre/lib/amd64/jli/libjli.so
7f51f073f000-7f51f0740000 rw-p 0000e000 08:02 9179797                    /usr/lib/jvm/java-8-openjdk-amd64/jre/lib/amd64/jli/libjli.so
7f51f0740000-7f51f0767000 r-xp 00000000 08:02 15340094                   /lib/x86_64-linux-gnu/ld-2.27.so
7f51f0767000-7f51f0769000 r--s 00009000 08:02 6162793                    /home/hjk/.p2/pool/plugins/org.eclipse.m2e.maven.runtime_1.8.3.20180227-2135/jars/maven-settings-builder-3.3.9.jar
7f51f0769000-7f51f076a000 r--s 0000a000 08:02 6162792                    /home/hjk/.p2/pool/plugins/org.eclipse.m2e.maven.runtime_1.8.3.20180227-2135/jars/maven-settings-3.3.9.jar
7f51f076a000-7f51f076d000 r--s 00026000 08:02 6162788                    /home/hjk/.p2/pool/plugins/org.eclipse.m2e.maven.runtime_1.8.3.20180227-2135/jars/maven-model-3.3.9.jar
7f51f076d000-7f51f076f000 r--s 0000b000 08:02 6162800                    /home/hjk/.p2/pool/plugins/org.eclipse.m2e.maven.runtime_1.8.3.20180227-2135/jars/plexus-classworlds-2.5.2.jar
7f51f076f000-7f51f0772000 r--s 0000f000 08:02 9179846                    /usr/lib/jvm/java-8-openjdk-amd64/jre/lib/ext/icedtea-sound.jar
7f51f0772000-7f51f0774000 r--s 00007000 08:02 9048170                    /usr/share/java/java-atk-wrapper.jar
7f51f0774000-7f51f077a000 r--s 0003b000 08:02 9179851                    /usr/lib/jvm/java-8-openjdk-amd64/jre/lib/ext/sunjce_provider.jar
7f51f077a000-7f51f0845000 rw-p 00000000 00:00 0 
7f51f0845000-7f51f0846000 ---p 00000000 00:00 0 
7f51f0846000-7f51f0849000 ---p 00000000 00:00 0 
7f51f0849000-7f51f0948000 rw-p 00000000 00:00 0 
7f51f0948000-7f51f0949000 r--s 0000a000 08:02 9179847                    /usr/lib/jvm/java-8-openjdk-amd64/jre/lib/ext/jaccess.jar
7f51f0949000-7f51f094c000 r--s 00038000 08:02 9179852                    /usr/lib/jvm/java-8-openjdk-amd64/jre/lib/ext/sunpkcs11.jar
7f51f094c000-7f51f0956000 r--s 00116000 08:02 9179848                    /usr/lib/jvm/java-8-openjdk-amd64/jre/lib/ext/localedata.jar
7f51f0956000-7f51f0957000 r--s 00010000 08:02 9179853                    /usr/lib/jvm/java-8-openjdk-amd64/jre/lib/ext/zipfs.jar
7f51f0957000-7f51f0959000 r--s 00008000 08:02 9179850                    /usr/lib/jvm/java-8-openjdk-amd64/jre/lib/ext/sunec.jar
7f51f0959000-7f51f095b000 r--s 00001000 08:02 9179845                    /usr/lib/jvm/java-8-openjdk-amd64/jre/lib/ext/dnsns.jar
7f51f095b000-7f51f0963000 rw-s 00000000 08:02 9439339                    /tmp/hsperfdata_hjk/17870
7f51f0963000-7f51f0964000 rw-p 00000000 00:00 0 
7f51f0964000-7f51f0965000 ---p 00000000 00:00 0 
7f51f0965000-7f51f0967000 rw-p 00000000 00:00 0 
7f51f0967000-7f51f0968000 r--p 00027000 08:02 15340094                   /lib/x86_64-linux-gnu/ld-2.27.so
7f51f0968000-7f51f0969000 rw-p 00028000 08:02 15340094                   /lib/x86_64-linux-gnu/ld-2.27.so
7f51f0969000-7f51f096a000 rw-p 00000000 00:00 0 
7ffea5e69000-7ffea5e8a000 rw-p 00000000 00:00 0                          [stack]
7ffea5fb8000-7ffea5fbb000 r--p 00000000 00:00 0                          [vvar]
7ffea5fbb000-7ffea5fbd000 r-xp 00000000 00:00 0                          [vdso]
ffffffffff600000-ffffffffff601000 r-xp 00000000 00:00 0                  [vsyscall]

VM Arguments:
jvm_args: -Dmaven.home=EMBEDDED -Dclassworlds.conf=/home/hjk/Documents/Uni/.metadata/.plugins/org.eclipse.m2e.launching/launches/m2conf522721968496246907.tmp -Dmaven.multiModuleProjectDirectory=/home/hjk/Documents/Uni/BigDataPraktikum/polyglot-db/PolyG-DBP/PolyG-DBP -Dfile.encoding=UTF-8 
java_command: org.codehaus.plexus.classworlds.launcher.Launcher -B clean verify
java_class_path (initial): /home/hjk/.p2/pool/plugins/org.eclipse.m2e.maven.runtime_1.8.3.20180227-2135/jars/plexus-classworlds-2.5.2.jar
Launcher Type: SUN_STANDARD

Environment Variables:
JAVA_HOME=/usr/lib/jvm/java-1.8.0-openjdk-amd64
PATH=/home/hjk/.local/bin:/opt/apache-maven/bin:/usr/local/sbin:/usr/local/bin:/usr/sbin:/usr/bin:/sbin:/bin:/usr/games:/usr/local/games:/snap/bin
USERNAME=hjk
SHELL=/bin/bash
DISPLAY=:0

Signal Handlers:
SIGSEGV: [libjvm.so+0xaabcd0], sa_mask[0]=11111111011111111101111111111110, sa_flags=SA_RESTART|SA_SIGINFO
SIGBUS: [libjvm.so+0xaabcd0], sa_mask[0]=11111111011111111101111111111110, sa_flags=SA_RESTART|SA_SIGINFO
SIGFPE: [libjvm.so+0x8e1d50], sa_mask[0]=11111111011111111101111111111110, sa_flags=SA_RESTART|SA_SIGINFO
SIGPIPE: [libjvm.so+0x8e1d50], sa_mask[0]=11111111011111111101111111111110, sa_flags=SA_RESTART|SA_SIGINFO
SIGXFSZ: [libjvm.so+0x8e1d50], sa_mask[0]=11111111011111111101111111111110, sa_flags=SA_RESTART|SA_SIGINFO
SIGILL: [libjvm.so+0x8e1d50], sa_mask[0]=11111111011111111101111111111110, sa_flags=SA_RESTART|SA_SIGINFO
SIGUSR1: SIG_DFL, sa_mask[0]=00000000000000000000000000000000, sa_flags=none
SIGUSR2: [libjvm.so+0x8e1c00], sa_mask[0]=00100000000000000000000000000000, sa_flags=SA_RESTART|SA_SIGINFO
SIGHUP: [libjvm.so+0x8e20b0], sa_mask[0]=11111111011111111101111111111110, sa_flags=SA_RESTART|SA_SIGINFO
SIGINT: [libjvm.so+0x8e20b0], sa_mask[0]=11111111011111111101111111111110, sa_flags=SA_RESTART|SA_SIGINFO
SIGTERM: [libjvm.so+0x8e20b0], sa_mask[0]=11111111011111111101111111111110, sa_flags=SA_RESTART|SA_SIGINFO
SIGQUIT: [libjvm.so+0x8e20b0], sa_mask[0]=11111111011111111101111111111110, sa_flags=SA_RESTART|SA_SIGINFO


---------------  S Y S T E M  ---------------

OS:DISTRIB_ID=Ubuntu
DISTRIB_RELEASE=18.04
DISTRIB_CODENAME=bionic
DISTRIB_DESCRIPTION="Ubuntu 18.04 LTS"

uname:Linux 4.15.0-29-generic #31-Ubuntu SMP Tue Jul 17 15:39:52 UTC 2018 x86_64
libc:glibc 2.27 NPTL 2.27 
rlimit: STACK 8192k, CORE 0k, NPROC 30847, NOFILE 4096, AS infinity
load average:1,40 1,36 1,26

/proc/meminfo:
MemTotal:        8063544 kB
MemFree:          123332 kB
MemAvailable:      16376 kB
Buffers:            2216 kB
Cached:           272112 kB
SwapCached:         4156 kB
Active:          6799680 kB
Inactive:         862984 kB
Active(anon):    6786984 kB
Inactive(anon):   848692 kB
Active(file):      12696 kB
Inactive(file):    14292 kB
Unevictable:          80 kB
Mlocked:              80 kB
SwapTotal:       2097148 kB
SwapFree:              0 kB
Dirty:               512 kB
Writeback:             0 kB
AnonPages:       7384824 kB
Mapped:           161232 kB
Shmem:            246900 kB
Slab:             105204 kB
SReclaimable:      41236 kB
SUnreclaim:        63968 kB
KernelStack:       17408 kB
PageTables:        77392 kB
NFS_Unstable:          0 kB
Bounce:                0 kB
WritebackTmp:          0 kB
CommitLimit:     6128920 kB
Committed_AS:   16794932 kB
VmallocTotal:   34359738367 kB
VmallocUsed:           0 kB
VmallocChunk:          0 kB
HardwareCorrupted:     0 kB
AnonHugePages:         0 kB
ShmemHugePages:        0 kB
ShmemPmdMapped:        0 kB
CmaTotal:              0 kB
CmaFree:               0 kB
HugePages_Total:       0
HugePages_Free:        0
HugePages_Rsvd:        0
HugePages_Surp:        0
Hugepagesize:       2048 kB
DirectMap4k:      202772 kB
DirectMap2M:     5984256 kB
DirectMap1G:     2097152 kB


CPU:total 4 (initial active 4) (2 cores per cpu, 2 threads per core) family 6 model 142 stepping 9, cmov, cx8, fxsr, mmx, sse, sse2, sse3, ssse3, sse4.1, sse4.2, popcnt, avx, avx2, aes, clmul, erms, 3dnowpref, lzcnt, ht, tsc, tscinvbit, bmi1, bmi2, adx

/proc/cpuinfo:
processor	: 0
vendor_id	: GenuineIntel
cpu family	: 6
model		: 142
model name	: Intel(R) Core(TM) i7-7500U CPU @ 2.70GHz
stepping	: 9
microcode	: 0x84
cpu MHz		: 3499.980
cache size	: 4096 KB
physical id	: 0
siblings	: 4
core id		: 0
cpu cores	: 2
apicid		: 0
initial apicid	: 0
fpu		: yes
fpu_exception	: yes
cpuid level	: 22
wp		: yes
flags		: fpu vme de pse tsc msr pae mce cx8 apic sep mtrr pge mca cmov pat pse36 clflush dts acpi mmx fxsr sse sse2 ss ht tm pbe syscall nx pdpe1gb rdtscp lm constant_tsc art arch_perfmon pebs bts rep_good nopl xtopology nonstop_tsc cpuid aperfmperf tsc_known_freq pni pclmulqdq dtes64 monitor ds_cpl vmx est tm2 ssse3 sdbg fma cx16 xtpr pdcm pcid sse4_1 sse4_2 x2apic movbe popcnt tsc_deadline_timer aes xsave avx f16c rdrand lahf_lm abm 3dnowprefetch cpuid_fault epb invpcid_single pti ibrs ibpb stibp tpr_shadow vnmi flexpriority ept vpid fsgsbase tsc_adjust bmi1 avx2 smep bmi2 erms invpcid mpx rdseed adx smap clflushopt intel_pt xsaveopt xsavec xgetbv1 xsaves dtherm ida arat pln pts hwp hwp_notify hwp_act_window hwp_epp
bugs		: cpu_meltdown spectre_v1 spectre_v2 spec_store_bypass
bogomips	: 5808.00
clflush size	: 64
cache_alignment	: 64
address sizes	: 39 bits physical, 48 bits virtual
power management:

processor	: 1
vendor_id	: GenuineIntel
cpu family	: 6
model		: 142
model name	: Intel(R) Core(TM) i7-7500U CPU @ 2.70GHz
stepping	: 9
microcode	: 0x84
cpu MHz		: 3499.999
cache size	: 4096 KB
physical id	: 0
siblings	: 4
core id		: 1
cpu cores	: 6
apicid		: 2
initial apicid	: 2
fpu		: yes
fpu_exception	: yes
cpuid level	: 22
wp		: yes
flags		: fpu vme de pse tsc msr pae mce cx8 apic sep mtrr pge mca cmov pat pse36 clflush dts acpi mmx fxsr sse sse2 ss ht tm pbe syscall nx pdpe1gb rdtscp lm constant_tsc art arch_perfmon pebs bts rep_good nopl xtopology nonstop_tsc cpuid aperfmperf tsc_known_freq pni pclmulqdq dtes64 monitor ds_cpl vmx est tm2 ssse3 sdbg fma cx16 xtpr pdcm pcid sse4_1 sse4_2 x2apic movbe popcnt tsc_deadline_timer aes xsave avx f16c rdrand lahf_lm abm 3dnowprefetch cpuid_fault epb invpcid_single pti tpr_shadow vnmi flexpriority ept vpid fsgsbase tsc_adjust bmi1 avx2 smep bmi2 erms invpcid mpx rdseed adx smap clflushopt intel_pt xsaveopt xsavec xgetbv1 xsaves dtherm ida arat pln pts hwp hwp_notify hwp_act_window hwp_epp
bugs		: cpu_meltdown spectre_v1 spectre_v2 spec_store_bypass
bogomips	: 5808.00
clflush size	: 64
cache_alignment	: 64
address sizes	: 39 bits physical, 48 bits virtual
power management:

processor	: 2
vendor_id	: GenuineIntel
cpu family	: 6
model		: 142
model name	: Intel(R) Core(TM) i7-7500U CPU @ 2.70GHz
stepping	: 9
microcode	: 0x84
cpu MHz		: 3499.983
cache size	: 4096 KB
physical id	: 0
siblings	: 4
core id		: 0
cpu cores	: 2
apicid		: 1
initial apicid	: 1
fpu		: yes
fpu_exception	: yes
cpuid level	: 22
wp		: yes
flags		: fpu vme de pse tsc msr pae mce cx8 apic sep mtrr pge mca cmov pat pse36 clflush dts acpi mmx fxsr sse sse2 ss ht tm pbe syscall nx pdpe1gb rdtscp lm constant_tsc art arch_perfmon pebs bts rep_good nopl xtopology nonstop_tsc cpuid aperfmperf tsc_known_freq pni pclmulqdq dtes64 monitor ds_cpl vmx est tm2 ssse3 sdbg fma cx16 xtpr pdcm pcid sse4_1 sse4_2 x2apic movbe popcnt tsc_deadline_timer aes xsave avx f16c rdrand lahf_lm abm 3dnowprefetch cpuid_fault epb invpcid_single pti ibrs ibpb stibp tpr_shadow vnmi flexpriority ept vpid fsgsbase tsc_adjust bmi1 avx2 smep bmi2 erms invpcid mpx rdseed adx smap clflushopt intel_pt xsaveopt xsavec xgetbv1 xsaves dtherm ida arat pln pts hwp hwp_notify hwp_act_window hwp_epp
bugs		: cpu_meltdown spectre_v1 spectre_v2 spec_store_bypass
bogomips	: 5808.00
clflush size	: 64
cache_alignment	: 64
address sizes	: 39 bits physical, 48 bits virtual
power management:

processor	: 3
vendor_id	: GenuineIntel
cpu family	: 6
model		: 142
model name	: Intel(R) Core(TM) i7-7500U CPU @ 2.70GHz
stepping	: 9
microcode	: 0x84
cpu MHz		: 3500.000
cache size	: 4096 KB
physical id	: 0
siblings	: 4
core id		: 1
cpu cores	: 2
apicid		: 3
initial apicid	: 3
fpu		: yes
fpu_exception	: yes
cpuid level	: 22
wp		: yes
flags		: fpu vme de pse tsc msr pae mce cx8 apic sep mtrr pge mca cmov pat pse36 clflush dts acpi mmx fxsr sse sse2 ss ht tm pbe syscall nx pdpe1gb rdtscp lm constant_tsc art arch_perfmon pebs bts rep_good nopl xtopology nonstop_tsc cpuid aperfmperf tsc_known_freq pni pclmulqdq dtes64 monitor ds_cpl vmx est tm2 ssse3 sdbg fma cx16 xtpr pdcm pcid sse4_1 sse4_2 x2apic movbe popcnt tsc_deadline_timer aes xsave avx f16c rdrand lahf_lm abm 3dnowprefetch cpuid_fault epb invpcid_single pti ibrs ibpb stibp tpr_shadow vnmi flexpriority ept vpid fsgsbase tsc_adjust bmi1 avx2 smep bmi2 erms invpcid mpx rdseed adx smap clflushopt intel_pt xsaveopt xsavec xgetbv1 xsaves dtherm ida arat pln pts hwp hwp_notify hwp_act_window hwp_epp
bugs		: cpu_meltdown spectre_v1 spectre_v2 spec_store_bypass
bogomips	: 5808.00
clflush size	: 64
cache_alignment	: 64
address sizes	: 39 bits physical, 48 bits virtual
power management:



Memory: 4k page, physical 8063544k(129848k free), swap 2097148k(0k free)

vm_info: OpenJDK 64-Bit Server VM (25.171-b11) for linux-amd64 JRE (1.8.0_171-8u171-b11-0ubuntu0.18.04.1-b11), built on Apr 26 2018 15:59:34 by "buildd" with gcc 7.3.0

time: Sat Aug  4 14:43:24 2018
elapsed time: 5 seconds (0d 0h 0m 5s)

