#
# There is insufficient memory for the Java Runtime Environment to continue.
# Native memory allocation (mmap) failed to map 106430464 bytes for committing reserved memory.
# Possible reasons:
#   The system is out of physical RAM or swap space
#   In 32 bit mode, the process size limit was hit
# Possible solutions:
#   Reduce memory load on the system
#   Increase physical memory or swap space
#   Check if swap backing store is full
#   Use 64 bit Java on a 64 bit OS
#   Decrease Java heap size (-Xmx/-Xms)
#   Decrease number of Java threads
#   Decrease Java thread stack sizes (-Xss)
#   Set larger code cache with -XX:ReservedCodeCacheSize=
# This output file may be truncated or incomplete.
#
#  Out of Memory Error (os_linux.cpp:2643), pid=17251, tid=0x00007fd7eadf5700
#
# JRE version: OpenJDK Runtime Environment (8.0_171-b11) (build 1.8.0_171-8u171-b11-0ubuntu0.18.04.1-b11)
# Java VM: OpenJDK 64-Bit Server VM (25.171-b11 mixed mode linux-amd64 compressed oops)
# Failed to write core dump. Core dumps have been disabled. To enable core dumping, try "ulimit -c unlimited" before starting Java again
#

---------------  T H R E A D  ---------------

Current thread (0x00007fd808079000):  VMThread [stack: 0x00007fd7eacf6000,0x00007fd7eadf6000] [id=17266]

Stack: [0x00007fd7eacf6000,0x00007fd7eadf6000],  sp=0x00007fd7eadf4480,  free space=1017k
Native frames: (J=compiled Java code, j=interpreted, Vv=VM code, C=native code)
V  [libjvm.so+0xaab382]
V  [libjvm.so+0x4d79a7]
V  [libjvm.so+0x8e66c0]
V  [libjvm.so+0x8e0c1e]
V  [libjvm.so+0x961436]
V  [libjvm.so+0x9627a8]
V  [libjvm.so+0x95eda6]
V  [libjvm.so+0x95f13c]
V  [libjvm.so+0x90d978]
V  [libjvm.so+0xaad042]
V  [libjvm.so+0xab1c26]
V  [libjvm.so+0xaafec5]
V  [libjvm.so+0xab083d]
V  [libjvm.so+0xab0c17]
V  [libjvm.so+0x8e3b12]

VM_Operation (0x00007fd7e83c9150): ParallelGCFailedAllocation, mode: safepoint, requested by thread 0x00007fd808f7f800


---------------  P R O C E S S  ---------------

Java Threads: ( => current thread )
  0x00007fd808b22800 JavaThread "pool-1-thread-4" [_thread_blocked, id=17308, stack(0x00007fd7e3cff000,0x00007fd7e3e00000)]
  0x00007fd808b21800 JavaThread "pool-1-thread-3" [_thread_blocked, id=17307, stack(0x00007fd7e80c8000,0x00007fd7e81c9000)]
  0x00007fd808b21000 JavaThread "pool-1-thread-2" [_thread_blocked, id=17306, stack(0x00007fd7e81c9000,0x00007fd7e82ca000)]
  0x00007fd808f7f800 JavaThread "pool-1-thread-1" [_thread_blocked, id=17305, stack(0x00007fd7e82ca000,0x00007fd7e83cb000)]
  0x00007fd80915f800 JavaThread "process reaper" daemon [_thread_blocked, id=17284, stack(0x00007fd7e8bfa000,0x00007fd7e8c33000)]
  0x00007fd80906b800 JavaThread "resolver-4" daemon [_thread_blocked, id=17281, stack(0x00007fd7e83cb000,0x00007fd7e84cc000)]
  0x00007fd809065000 JavaThread "resolver-3" daemon [_thread_blocked, id=17280, stack(0x00007fd7e84cc000,0x00007fd7e85cd000)]
  0x00007fd80905f800 JavaThread "resolver-2" daemon [_thread_blocked, id=17279, stack(0x00007fd7e85cd000,0x00007fd7e86ce000)]
  0x00007fd809061000 JavaThread "resolver-1" daemon [_thread_blocked, id=17278, stack(0x00007fd7e86ce000,0x00007fd7e87cf000)]
  0x00007fd8080c2000 JavaThread "Service Thread" daemon [_thread_blocked, id=17273, stack(0x00007fd7e9c1f000,0x00007fd7e9d20000)]
  0x00007fd8080bf000 JavaThread "C1 CompilerThread2" daemon [_thread_blocked, id=17272, stack(0x00007fd7e9d21000,0x00007fd7e9e21000)]
  0x00007fd8080bd000 JavaThread "C2 CompilerThread1" daemon [_thread_in_native, id=17271, stack(0x00007fd7e9e22000,0x00007fd7e9f22000)]
  0x00007fd8080ba800 JavaThread "C2 CompilerThread0" daemon [_thread_in_native, id=17270, stack(0x00007fd7e9f23000,0x00007fd7ea023000)]
  0x00007fd8080b9000 JavaThread "Signal Dispatcher" daemon [_thread_blocked, id=17269, stack(0x00007fd7ea023000,0x00007fd7ea124000)]
  0x00007fd808085800 JavaThread "Finalizer" daemon [_thread_blocked, id=17268, stack(0x00007fd7eaaf3000,0x00007fd7eabf4000)]
  0x00007fd808081000 JavaThread "Reference Handler" daemon [_thread_blocked, id=17267, stack(0x00007fd7eabf4000,0x00007fd7eacf5000)]
  0x00007fd80800b800 JavaThread "main" [_thread_blocked, id=17260, stack(0x00007fd80ff4f000,0x00007fd81004f000)]

Other Threads:
=>0x00007fd808079000 VMThread [stack: 0x00007fd7eacf6000,0x00007fd7eadf6000] [id=17266]
  0x00007fd8080c4800 WatcherThread [stack: 0x00007fd7e9b1f000,0x00007fd7e9c1f000] [id=17274]

VM state:at safepoint (normal execution)

VM Mutex/Monitor currently owned by a thread:  ([mutex/lock_event])
[0x00007fd808007ee0] Threads_lock - owner thread: 0x00007fd808079000
[0x00007fd8080083e0] Heap_lock - owner thread: 0x00007fd808f7f800

Heap:
 PSYoungGen      total 139776K, used 12775K [0x00000000d6f80000, 0x00000000e0480000, 0x0000000100000000)
  eden space 126976K, 0% used [0x00000000d6f80000,0x00000000d6f80000,0x00000000deb80000)
  from space 12800K, 99% used [0x00000000deb80000,0x00000000df7f9c08,0x00000000df800000)
  to   space 12288K, 0% used [0x00000000df880000,0x00000000df880000,0x00000000e0480000)
 ParOldGen       total 60928K, used 20392K [0x0000000084e00000, 0x0000000088980000, 0x00000000d6f80000)
  object space 60928K, 33% used [0x0000000084e00000,0x00000000861ea220,0x0000000088980000)
 Metaspace       used 26100K, capacity 26874K, committed 27136K, reserved 1073152K
  class space    used 3017K, capacity 3234K, committed 3328K, reserved 1048576K

Card table byte_map: [0x00007fd80c119000,0x00007fd80c4f3000] byte_map_base: 0x00007fd80bcf2000

Marking Bits: (ParMarkBitMap*) 0x00007fd80f1ec140
 Begin Bits: [0x00007fd7f0270000, 0x00007fd7f2138000)
 End Bits:   [0x00007fd7f2138000, 0x00007fd7f4000000)

Polling page: 0x00007fd81006d000

CodeCache: size=245760Kb used=15268Kb max_used=15268Kb free=230491Kb
 bounds [0x00007fd7f9000000, 0x00007fd7f9ef0000, 0x00007fd808000000]
 total_blobs=5138 nmethods=4742 adapters=310
 compilation: enabled

Compilation events (10 events):
Event: 5,453 Thread 0x00007fd8080bf000 4781       3       org.codehaus.plexus.util.SelectorUtils::matchAntPathPattern (423 bytes)
Event: 5,455 Thread 0x00007fd8080bf000 nmethod 4781 0x00007fd7f9eeb0d0 code [0x00007fd7f9eeb3c0, 0x00007fd7f9eecd48]
Event: 5,455 Thread 0x00007fd8080bf000 4778       1       org.codehaus.plexus.util.MatchPattern::getTokenizedPathChars (5 bytes)
Event: 5,455 Thread 0x00007fd8080bf000 nmethod 4778 0x00007fd7f9eedc50 code [0x00007fd7f9eedda0, 0x00007fd7f9eedeb0]
Event: 5,455 Thread 0x00007fd8080bf000 4780       3       org.codehaus.plexus.util.MatchPattern::matchPath (26 bytes)
Event: 5,456 Thread 0x00007fd8080bf000 nmethod 4780 0x00007fd7f9eedf10 code [0x00007fd7f9eee0e0, 0x00007fd7f9eee778]
Event: 5,456 Thread 0x00007fd8080bf000 4783       3       sun.nio.fs.AbstractBasicFileAttributeView$AttributesBuilder::match (26 bytes)
Event: 5,456 Thread 0x00007fd8080bf000 nmethod 4783 0x00007fd7f9eeead0 code [0x00007fd7f9eeec40, 0x00007fd7f9eeeee8]
Event: 5,456 Thread 0x00007fd8080bf000 4784       3       sun.nio.fs.AbstractBasicFileAttributeView$AttributesBuilder::add (13 bytes)
Event: 5,456 Thread 0x00007fd8080bf000 nmethod 4784 0x00007fd7f9eeef90 code [0x00007fd7f9eef100, 0x00007fd7f9eef328]

GC Heap History (10 events):
Event: 1,518 GC heap after
Heap after GC invocations=3 (full 0):
 PSYoungGen      total 36864K, used 5096K [0x00000000d6f80000, 0x00000000db780000, 0x0000000100000000)
  eden space 31744K, 0% used [0x00000000d6f80000,0x00000000d6f80000,0x00000000d8e80000)
  from space 5120K, 99% used [0x00000000d8e80000,0x00000000d937a0b0,0x00000000d9380000)
  to   space 5120K, 0% used [0x00000000db280000,0x00000000db280000,0x00000000db780000)
 ParOldGen       total 84992K, used 3112K [0x0000000084e00000, 0x000000008a100000, 0x00000000d6f80000)
  object space 84992K, 3% used [0x0000000084e00000,0x000000008510a3f8,0x000000008a100000)
 Metaspace       used 14523K, capacity 14716K, committed 14976K, reserved 1062912K
  class space    used 1746K, capacity 1842K, committed 1920K, reserved 1048576K
}
Event: 1,850 GC heap before
{Heap before GC invocations=4 (full 0):
 PSYoungGen      total 36864K, used 36840K [0x00000000d6f80000, 0x00000000db780000, 0x0000000100000000)
  eden space 31744K, 100% used [0x00000000d6f80000,0x00000000d8e80000,0x00000000d8e80000)
  from space 5120K, 99% used [0x00000000d8e80000,0x00000000d937a0b0,0x00000000d9380000)
  to   space 5120K, 0% used [0x00000000db280000,0x00000000db280000,0x00000000db780000)
 ParOldGen       total 84992K, used 3112K [0x0000000084e00000, 0x000000008a100000, 0x00000000d6f80000)
  object space 84992K, 3% used [0x0000000084e00000,0x000000008510a3f8,0x000000008a100000)
 Metaspace       used 15258K, capacity 15584K, committed 15744K, reserved 1062912K
  class space    used 1826K, capacity 1916K, committed 1920K, reserved 1048576K
Event: 1,860 GC heap after
Heap after GC invocations=4 (full 0):
 PSYoungGen      total 68608K, used 5104K [0x00000000d6f80000, 0x00000000db780000, 0x0000000100000000)
  eden space 63488K, 0% used [0x00000000d6f80000,0x00000000d6f80000,0x00000000dad80000)
  from space 5120K, 99% used [0x00000000db280000,0x00000000db77c010,0x00000000db780000)
  to   space 5120K, 0% used [0x00000000dad80000,0x00000000dad80000,0x00000000db280000)
 ParOldGen       total 84992K, used 5228K [0x0000000084e00000, 0x000000008a100000, 0x00000000d6f80000)
  object space 84992K, 6% used [0x0000000084e00000,0x000000008531b378,0x000000008a100000)
 Metaspace       used 15258K, capacity 15584K, committed 15744K, reserved 1062912K
  class space    used 1826K, capacity 1916K, committed 1920K, reserved 1048576K
}
Event: 2,660 GC heap before
{Heap before GC invocations=5 (full 0):
 PSYoungGen      total 68608K, used 68592K [0x00000000d6f80000, 0x00000000db780000, 0x0000000100000000)
  eden space 63488K, 100% used [0x00000000d6f80000,0x00000000dad80000,0x00000000dad80000)
  from space 5120K, 99% used [0x00000000db280000,0x00000000db77c010,0x00000000db780000)
  to   space 5120K, 0% used [0x00000000dad80000,0x00000000dad80000,0x00000000db280000)
 ParOldGen       total 84992K, used 5228K [0x0000000084e00000, 0x000000008a100000, 0x00000000d6f80000)
  object space 84992K, 6% used [0x0000000084e00000,0x000000008531b378,0x000000008a100000)
 Metaspace       used 20492K, capacity 20956K, committed 21120K, reserved 1067008K
  class space    used 2427K, capacity 2580K, committed 2688K, reserved 1048576K
Event: 2,701 GC heap after
Heap after GC invocations=5 (full 0):
 PSYoungGen      total 68608K, used 5104K [0x00000000d6f80000, 0x00000000e0580000, 0x0000000100000000)
  eden space 63488K, 0% used [0x00000000d6f80000,0x00000000d6f80000,0x00000000dad80000)
  from space 5120K, 99% used [0x00000000dad80000,0x00000000db27c010,0x00000000db280000)
  to   space 13312K, 0% used [0x00000000df880000,0x00000000df880000,0x00000000e0580000)
 ParOldGen       total 84992K, used 13656K [0x0000000084e00000, 0x000000008a100000, 0x00000000d6f80000)
  object space 84992K, 16% used [0x0000000084e00000,0x0000000085b56278,0x000000008a100000)
 Metaspace       used 20492K, capacity 20956K, committed 21120K, reserved 1067008K
  class space    used 2427K, capacity 2580K, committed 2688K, reserved 1048576K
}
Event: 2,737 GC heap before
{Heap before GC invocations=6 (full 0):
 PSYoungGen      total 68608K, used 10288K [0x00000000d6f80000, 0x00000000e0580000, 0x0000000100000000)
  eden space 63488K, 8% used [0x00000000d6f80000,0x00000000d7490358,0x00000000dad80000)
  from space 5120K, 99% used [0x00000000dad80000,0x00000000db27c010,0x00000000db280000)
  to   space 13312K, 0% used [0x00000000df880000,0x00000000df880000,0x00000000e0580000)
 ParOldGen       total 84992K, used 13656K [0x0000000084e00000, 0x000000008a100000, 0x00000000d6f80000)
  object space 84992K, 16% used [0x0000000084e00000,0x0000000085b56278,0x000000008a100000)
 Metaspace       used 20680K, capacity 21094K, committed 21296K, reserved 1069056K
  class space    used 2437K, capacity 2582K, committed 2688K, reserved 1048576K
Event: 2,754 GC heap after
Heap after GC invocations=6 (full 0):
 PSYoungGen      total 139264K, used 5759K [0x00000000d6f80000, 0x00000000e0480000, 0x0000000100000000)
  eden space 126976K, 0% used [0x00000000d6f80000,0x00000000d6f80000,0x00000000deb80000)
  from space 12288K, 46% used [0x00000000df880000,0x00000000dfe1fc28,0x00000000e0480000)
  to   space 12800K, 0% used [0x00000000deb80000,0x00000000deb80000,0x00000000df800000)
 ParOldGen       total 84992K, used 13664K [0x0000000084e00000, 0x000000008a100000, 0x00000000d6f80000)
  object space 84992K, 16% used [0x0000000084e00000,0x0000000085b58278,0x000000008a100000)
 Metaspace       used 20680K, capacity 21094K, committed 21296K, reserved 1069056K
  class space    used 2437K, capacity 2582K, committed 2688K, reserved 1048576K
}
Event: 2,754 GC heap before
{Heap before GC invocations=7 (full 1):
 PSYoungGen      total 139264K, used 5759K [0x00000000d6f80000, 0x00000000e0480000, 0x0000000100000000)
  eden space 126976K, 0% used [0x00000000d6f80000,0x00000000d6f80000,0x00000000deb80000)
  from space 12288K, 46% used [0x00000000df880000,0x00000000dfe1fc28,0x00000000e0480000)
  to   space 12800K, 0% used [0x00000000deb80000,0x00000000deb80000,0x00000000df800000)
 ParOldGen       total 84992K, used 13664K [0x0000000084e00000, 0x000000008a100000, 0x00000000d6f80000)
  object space 84992K, 16% used [0x0000000084e00000,0x0000000085b58278,0x000000008a100000)
 Metaspace       used 20680K, capacity 21094K, committed 21296K, reserved 1069056K
  class space    used 2437K, capacity 2582K, committed 2688K, reserved 1048576K
Event: 2,827 GC heap after
Heap after GC invocations=7 (full 1):
 PSYoungGen      total 139264K, used 0K [0x00000000d6f80000, 0x00000000e0480000, 0x0000000100000000)
  eden space 126976K, 0% used [0x00000000d6f80000,0x00000000d6f80000,0x00000000deb80000)
  from space 12288K, 0% used [0x00000000df880000,0x00000000df880000,0x00000000e0480000)
  to   space 12800K, 0% used [0x00000000deb80000,0x00000000deb80000,0x00000000df800000)
 ParOldGen       total 60928K, used 14415K [0x0000000084e00000, 0x0000000088980000, 0x00000000d6f80000)
  object space 60928K, 23% used [0x0000000084e00000,0x0000000085c13f78,0x0000000088980000)
 Metaspace       used 20680K, capacity 21094K, committed 21296K, reserved 1069056K
  class space    used 2437K, capacity 2582K, committed 2688K, reserved 1048576K
}
Event: 5,486 GC heap before
{Heap before GC invocations=8 (full 1):
 PSYoungGen      total 139264K, used 126497K [0x00000000d6f80000, 0x00000000e0480000, 0x0000000100000000)
  eden space 126976K, 99% used [0x00000000d6f80000,0x00000000deb08638,0x00000000deb80000)
  from space 12288K, 0% used [0x00000000df880000,0x00000000df880000,0x00000000e0480000)
  to   space 12800K, 0% used [0x00000000deb80000,0x00000000deb80000,0x00000000df800000)
 ParOldGen       total 60928K, used 14415K [0x0000000084e00000, 0x0000000088980000, 0x00000000d6f80000)
  object space 60928K, 23% used [0x0000000084e00000,0x0000000085c13f78,0x0000000088980000)
 Metaspace       used 26100K, capacity 26874K, committed 27136K, reserved 1073152K
  class space    used 3017K, capacity 3234K, committed 3328K, reserved 1048576K

Deoptimization events (10 events):
Event: 3,480 Thread 0x00007fd80800b800 Uncommon trap: reason=null_check action=make_not_entrant pc=0x00007fd7f9cff7a4 method=org.apache.maven.model.io.xpp3.MavenXpp3ReaderEx.checkFieldWithDuplicate(Lorg/codehaus/plexus/util/xml/pull/XmlPullParser;Ljava/lang/String;Ljava/lang/String;Ljava/util/
Event: 3,847 Thread 0x00007fd809125000 Uncommon trap: reason=class_check action=maybe_recompile pc=0x00007fd7f9729e58 method=java.util.Hashtable.put(Ljava/lang/Object;Ljava/lang/Object;)Ljava/lang/Object; @ 18
Event: 3,847 Thread 0x00007fd809125000 Uncommon trap: reason=class_check action=maybe_recompile pc=0x00007fd7f9729e58 method=java.util.Hashtable.put(Ljava/lang/Object;Ljava/lang/Object;)Ljava/lang/Object; @ 18
Event: 3,847 Thread 0x00007fd809125000 Uncommon trap: reason=class_check action=maybe_recompile pc=0x00007fd7f9729e58 method=java.util.Hashtable.put(Ljava/lang/Object;Ljava/lang/Object;)Ljava/lang/Object; @ 18
Event: 3,847 Thread 0x00007fd809125000 Uncommon trap: reason=class_check action=maybe_recompile pc=0x00007fd7f9729e58 method=java.util.Hashtable.put(Ljava/lang/Object;Ljava/lang/Object;)Ljava/lang/Object; @ 18
Event: 3,847 Thread 0x00007fd809125000 Uncommon trap: reason=class_check action=maybe_recompile pc=0x00007fd7f9736d18 method=java.util.Hashtable.addEntry(ILjava/lang/Object;Ljava/lang/Object;I)V @ 38
Event: 3,848 Thread 0x00007fd809125000 Uncommon trap: reason=class_check action=maybe_recompile pc=0x00007fd7f9736d18 method=java.util.Hashtable.addEntry(ILjava/lang/Object;Ljava/lang/Object;I)V @ 38
Event: 3,849 Thread 0x00007fd809125000 Uncommon trap: reason=class_check action=maybe_recompile pc=0x00007fd7f9736d18 method=java.util.Hashtable.addEntry(ILjava/lang/Object;Ljava/lang/Object;I)V @ 38
Event: 4,895 Thread 0x00007fd809125000 Uncommon trap: reason=null_check action=make_not_entrant pc=0x00007fd7f9aea96c method=java.lang.StringCoding.deref(Ljava/lang/ThreadLocal;)Ljava/lang/Object; @ 4
Event: 5,477 Thread 0x00007fd80800b800 Uncommon trap: reason=unstable_if action=reinterpret pc=0x00007fd7f9d582c0 method=java.lang.StringCoding$StringEncoder.encode([CII)[B @ 20

Classes redefined (0 events):
No events

Internal exceptions (10 events):
Event: 2,588 Thread 0x00007fd80800b800 Exception <a 'java/io/FileNotFoundException'> (0x00000000da562c50) thrown at [/build/openjdk-8-TuolsG/openjdk-8-8u171-b11/src/hotspot/src/share/vm/prims/jni.cpp, line 709]
Event: 2,591 Thread 0x00007fd80800b800 Exception <a 'java/io/FileNotFoundException'> (0x00000000da589170) thrown at [/build/openjdk-8-TuolsG/openjdk-8-8u171-b11/src/hotspot/src/share/vm/prims/jni.cpp, line 709]
Event: 2,591 Thread 0x00007fd80800b800 Exception <a 'java/io/FileNotFoundException'> (0x00000000da589d60) thrown at [/build/openjdk-8-TuolsG/openjdk-8-8u171-b11/src/hotspot/src/share/vm/prims/jni.cpp, line 709]
Event: 3,198 Thread 0x00007fd80800b800 Exception <a 'java/io/FileNotFoundException'> (0x00000000d8bf8170) thrown at [/build/openjdk-8-TuolsG/openjdk-8-8u171-b11/src/hotspot/src/share/vm/prims/jni.cpp, line 709]
Event: 3,198 Thread 0x00007fd80800b800 Exception <a 'java/io/FileNotFoundException'> (0x00000000d8bf94f0) thrown at [/build/openjdk-8-TuolsG/openjdk-8-8u171-b11/src/hotspot/src/share/vm/prims/jni.cpp, line 709]
Event: 3,198 Thread 0x00007fd80800b800 Exception <a 'java/io/FileNotFoundException'> (0x00000000d8bfa0e0) thrown at [/build/openjdk-8-TuolsG/openjdk-8-8u171-b11/src/hotspot/src/share/vm/prims/jni.cpp, line 709]
Event: 3,480 Thread 0x00007fd80800b800 Implicit null exception at 0x00007fd7f9cfee3c to 0x00007fd7f9cff78d
Event: 3,606 Thread 0x00007fd80800b800 Exception <a 'java/lang/NoSuchFieldError': method resolution failed> (0x00000000dbc060b8) thrown at [/build/openjdk-8-TuolsG/openjdk-8-8u171-b11/src/hotspot/src/share/vm/prims/methodHandles.cpp, line 1167]
Event: 3,607 Thread 0x00007fd80800b800 Exception <a 'java/lang/NoSuchFieldError': method resolution failed> (0x00000000dbc13778) thrown at [/build/openjdk-8-TuolsG/openjdk-8-8u171-b11/src/hotspot/src/share/vm/prims/methodHandles.cpp, line 1167]
Event: 4,895 Thread 0x00007fd809125000 Implicit null exception at 0x00007fd7f9aea1a0 to 0x00007fd7f9aea951

Events (10 events):
Event: 5,481 loading class java/util/concurrent/FutureTask done
Event: 5,481 Executing VM operation: Deoptimize
Event: 5,482 Executing VM operation: Deoptimize done
Event: 5,482 loading class java/util/concurrent/FutureTask$WaitNode
Event: 5,482 loading class java/util/concurrent/FutureTask$WaitNode done
Event: 5,484 Thread 0x00007fd808f7f800 Thread added: 0x00007fd808f7f800
Event: 5,484 Thread 0x00007fd808b21000 Thread added: 0x00007fd808b21000
Event: 5,484 Executing VM operation: ParallelGCFailedAllocation
Event: 5,484 Thread 0x00007fd808b21800 Thread added: 0x00007fd808b21800
Event: 5,484 Thread 0x00007fd808b22800 Thread added: 0x00007fd808b22800


Dynamic libraries:
84e00000-88980000 rw-p 00000000 00:00 0 
88980000-d6f80000 ---p 00000000 00:00 0 
d6f80000-e0480000 rw-p 00000000 00:00 0 
e6a00000-100000000 ---p 00000000 00:00 0 
100000000-100340000 rw-p 00000000 00:00 0 
100340000-140000000 ---p 00000000 00:00 0 
564e76e4e000-564e76e4f000 r-xp 00000000 08:02 9179784                    /usr/lib/jvm/java-8-openjdk-amd64/jre/bin/java
564e7704e000-564e7704f000 r--p 00000000 08:02 9179784                    /usr/lib/jvm/java-8-openjdk-amd64/jre/bin/java
564e7704f000-564e77050000 rw-p 00001000 08:02 9179784                    /usr/lib/jvm/java-8-openjdk-amd64/jre/bin/java
564e77281000-564e772a2000 rw-p 00000000 00:00 0                          [heap]
7fd794000000-7fd794021000 rw-p 00000000 00:00 0 
7fd794021000-7fd798000000 ---p 00000000 00:00 0 
7fd798000000-7fd798021000 rw-p 00000000 00:00 0 
7fd798021000-7fd79c000000 ---p 00000000 00:00 0 
7fd79c000000-7fd79c021000 rw-p 00000000 00:00 0 
7fd79c021000-7fd7a0000000 ---p 00000000 00:00 0 
7fd7a0000000-7fd7a0021000 rw-p 00000000 00:00 0 
7fd7a0021000-7fd7a4000000 ---p 00000000 00:00 0 
7fd7a4000000-7fd7a4021000 rw-p 00000000 00:00 0 
7fd7a4021000-7fd7a8000000 ---p 00000000 00:00 0 
7fd7a8000000-7fd7a8021000 rw-p 00000000 00:00 0 
7fd7a8021000-7fd7ac000000 ---p 00000000 00:00 0 
7fd7ac000000-7fd7ac021000 rw-p 00000000 00:00 0 
7fd7ac021000-7fd7b0000000 ---p 00000000 00:00 0 
7fd7b0000000-7fd7b0021000 rw-p 00000000 00:00 0 
7fd7b0021000-7fd7b4000000 ---p 00000000 00:00 0 
7fd7b4000000-7fd7b4021000 rw-p 00000000 00:00 0 
7fd7b4021000-7fd7b8000000 ---p 00000000 00:00 0 
7fd7b8000000-7fd7b8021000 rw-p 00000000 00:00 0 
7fd7b8021000-7fd7bc000000 ---p 00000000 00:00 0 
7fd7bc000000-7fd7bcc6f000 rw-p 00000000 00:00 0 
7fd7bcc6f000-7fd7c0000000 ---p 00000000 00:00 0 
7fd7c0000000-7fd7c0021000 rw-p 00000000 00:00 0 
7fd7c0021000-7fd7c4000000 ---p 00000000 00:00 0 
7fd7c4000000-7fd7c5302000 rw-p 00000000 00:00 0 
7fd7c5302000-7fd7c8000000 ---p 00000000 00:00 0 
7fd7c8000000-7fd7c9781000 rw-p 00000000 00:00 0 
7fd7c9781000-7fd7cc000000 ---p 00000000 00:00 0 
7fd7cc000000-7fd7cc021000 rw-p 00000000 00:00 0 
7fd7cc021000-7fd7d0000000 ---p 00000000 00:00 0 
7fd7d0000000-7fd7d0021000 rw-p 00000000 00:00 0 
7fd7d0021000-7fd7d4000000 ---p 00000000 00:00 0 
7fd7d4000000-7fd7d406c000 rw-p 00000000 00:00 0 
7fd7d406c000-7fd7d8000000 ---p 00000000 00:00 0 
7fd7d8000000-7fd7d8021000 rw-p 00000000 00:00 0 
7fd7d8021000-7fd7dc000000 ---p 00000000 00:00 0 
7fd7dc000000-7fd7dc021000 rw-p 00000000 00:00 0 
7fd7dc021000-7fd7e0000000 ---p 00000000 00:00 0 
7fd7e3cff000-7fd7e3d02000 ---p 00000000 00:00 0 
7fd7e3d02000-7fd7e3f40000 rw-p 00000000 00:00 0 
7fd7e3f40000-7fd7e4000000 ---p 00000000 00:00 0 
7fd7e4000000-7fd7e4021000 rw-p 00000000 00:00 0 
7fd7e4021000-7fd7e8000000 ---p 00000000 00:00 0 
7fd7e80b0000-7fd7e80b4000 r--s 0003c000 08:02 7210064                    /home/hjk/.m2/repository/org/codehaus/plexus/plexus-utils/3.1.0/plexus-utils-3.1.0.jar
7fd7e80b4000-7fd7e80b8000 r--s 00016000 08:02 7210062                    /home/hjk/.m2/repository/org/tukaani/xz/1.6/xz-1.6.jar
7fd7e80b8000-7fd7e80ba000 r--s 0000d000 08:02 7078920                    /home/hjk/.m2/repository/org/iq80/snappy/snappy/0.4/snappy-0.4.jar
7fd7e80ba000-7fd7e80c4000 r--s 00078000 08:02 7210060                    /home/hjk/.m2/repository/org/apache/commons/commons-compress/1.14/commons-compress-1.14.jar
7fd7e80c4000-7fd7e80c8000 r--s 0000f000 08:02 7210058                    /home/hjk/.m2/repository/org/codehaus/plexus/plexus-io/3.0.0/plexus-io-3.0.0.jar
7fd7e80c8000-7fd7e80cb000 ---p 00000000 00:00 0 
7fd7e80cb000-7fd7e81c9000 rw-p 00000000 00:00 0 
7fd7e81c9000-7fd7e81cc000 ---p 00000000 00:00 0 
7fd7e81cc000-7fd7e82ca000 rw-p 00000000 00:00 0 
7fd7e82ca000-7fd7e82cd000 ---p 00000000 00:00 0 
7fd7e82cd000-7fd7e83cb000 rw-p 00000000 00:00 0 
7fd7e83cb000-7fd7e83ce000 ---p 00000000 00:00 0 
7fd7e83ce000-7fd7e84cc000 rw-p 00000000 00:00 0 
7fd7e84cc000-7fd7e84cf000 ---p 00000000 00:00 0 
7fd7e84cf000-7fd7e85cd000 rw-p 00000000 00:00 0 
7fd7e85cd000-7fd7e85d0000 ---p 00000000 00:00 0 
7fd7e85d0000-7fd7e86ce000 rw-p 00000000 00:00 0 
7fd7e86ce000-7fd7e86d1000 ---p 00000000 00:00 0 
7fd7e86d1000-7fd7e89cf000 rw-p 00000000 00:00 0 
7fd7e89cf000-7fd7e8bcf000 rw-p 00000000 00:00 0 
7fd7e8bd0000-7fd7e8bd5000 r--s 00029000 08:02 7210056                    /home/hjk/.m2/repository/org/codehaus/plexus/plexus-archiver/3.5/plexus-archiver-3.5.jar
7fd7e8bd5000-7fd7e8bd9000 r--s 0002f000 08:02 6959137                    /home/hjk/.m2/repository/commons-io/commons-io/2.5/commons-io-2.5.jar
7fd7e8bd9000-7fd7e8bdd000 r--s 00025000 08:02 7210054                    /home/hjk/.m2/repository/org/apache/maven/shared/maven-shared-utils/3.2.0/maven-shared-utils-3.2.0.jar
7fd7e8bdd000-7fd7e8bde000 r--s 00005000 08:02 7210052                    /home/hjk/.m2/repository/org/apache/maven/maven-archiver/3.2.0/maven-archiver-3.2.0.jar
7fd7e8bde000-7fd7e8be0000 r--s 00002000 08:02 7078610                    /home/hjk/.m2/repository/org/sonatype/plexus/plexus-cipher/1.4/plexus-cipher-1.4.jar
7fd7e8be0000-7fd7e8be1000 r--s 00006000 08:02 6582470                    /home/hjk/.m2/repository/org/sonatype/plexus/plexus-sec-dispatcher/1.3/plexus-sec-dispatcher-1.3.jar
7fd7e8be1000-7fd7e8be3000 r--s 00000000 08:02 7081828                    /home/hjk/.m2/repository/org/codehaus/plexus/plexus-component-annotations/1.7.1/plexus-component-annotations-1.7.1.jar
7fd7e8be3000-7fd7e8be5000 r--s 0000d000 08:02 7078680                    /home/hjk/.m2/repository/org/codehaus/plexus/plexus-interpolation/1.14/plexus-interpolation-1.14.jar
7fd7e8be5000-7fd7e8be9000 r--s 00017000 08:02 7078607                    /home/hjk/.m2/repository/org/sonatype/aether/aether-util/1.7/aether-util-1.7.jar
7fd7e8be9000-7fd7e8bf4000 r--s 00069000 08:02 6958011                    /home/hjk/.m2/repository/org/sonatype/sisu/sisu-guice/2.1.7/sisu-guice-2.1.7-noaop.jar
7fd7e8bf4000-7fd7e8bf9000 r--s 00021000 08:02 6958009                    /home/hjk/.m2/repository/org/sonatype/sisu/sisu-inject-bean/1.4.2/sisu-inject-bean-1.4.2.jar
7fd7e8bf9000-7fd7e8bfa000 r--s 00006000 08:02 7472469                    /home/hjk/.m2/repository/org/apache/maven/plugins/maven-jar-plugin/3.1.0/maven-jar-plugin-3.1.0.jar
7fd7e8bfa000-7fd7e8bfd000 ---p 00000000 00:00 0 
7fd7e8bfd000-7fd7e8e33000 rw-p 00000000 00:00 0 
7fd7e8e33000-7fd7e8e35000 r--s 00002000 08:02 7078277                    /home/hjk/.m2/repository/org/apache/maven/plugin-tools/maven-plugin-annotations/3.1/maven-plugin-annotations-3.1.jar
7fd7e8e35000-7fd7e8e36000 r--s 00002000 08:02 6959099                    /home/hjk/.m2/repository/org/apache/maven/reporting/maven-reporting-api/2.0.9/maven-reporting-api-2.0.9.jar
7fd7e8e36000-7fd7e8e3a000 r--s 00035000 08:02 6958151                    /home/hjk/.m2/repository/org/codehaus/plexus/plexus-utils/3.0.8/plexus-utils-3.0.8.jar
7fd7e8e3a000-7fd7e8e3c000 r--s 00006000 08:02 7078273                    /home/hjk/.m2/repository/org/apache/maven/shared/maven-common-artifact-filters/1.3/maven-common-artifact-filters-1.3.jar
7fd7e8e3c000-7fd7e8e42000 r--s 00048000 08:02 7078271                    /home/hjk/.m2/repository/org/apache/commons/commons-lang3/3.1/commons-lang3-3.1.jar
7fd7e8e42000-7fd7e8e47000 r--s 0003c000 08:02 7078269                    /home/hjk/.m2/repository/org/apache/maven/surefire/maven-surefire-common/2.12.4/maven-surefire-common-2.12.4.jar
7fd7e8e47000-7fd7e8e4b000 r--s 00019000 08:02 7078267                    /home/hjk/.m2/repository/org/apache/maven/surefire/surefire-api/2.12.4/surefire-api-2.12.4.jar
7fd7e8e4b000-7fd7e8e4d000 r--s 00007000 08:02 7078265                    /home/hjk/.m2/repository/org/apache/maven/surefire/surefire-booter/2.12.4/surefire-booter-2.12.4.jar
7fd7e8e4d000-7fd7e8e4e000 r--s 00007000 08:02 6297321                    /home/hjk/.m2/repository/org/apache/maven/plugins/maven-surefire-plugin/2.12.4/maven-surefire-plugin-2.12.4.jar
7fd7e8e4e000-7fd7e8ec8000 r--s 010ff000 08:02 9180027                    /usr/lib/jvm/java-8-openjdk-amd64/lib/tools.jar
7fd7e8ec8000-7fd7e8ecb000 r--s 0001b000 08:02 7078204                    /home/hjk/.m2/repository/junit/junit/3.8.2/junit-3.8.2.jar
7fd7e8ecb000-7fd7e8ed9000 r--s 0008f000 08:02 7078202                    /home/hjk/.m2/repository/com/google/collections/google-collections/1.0/google-collections-1.0.jar
7fd7e8ed9000-7fd7e8eda000 r--s 0000a000 08:02 7078200                    /home/hjk/.m2/repository/commons-logging/commons-logging-api/1.1/commons-logging-api-1.1.jar
7fd7e8eda000-7fd7e8ee1000 r--s 00051000 08:02 7078198                    /home/hjk/.m2/repository/log4j/log4j/1.2.12/log4j-1.2.12.jar
7fd7e8ee1000-7fd7e8ee5000 r--s 0001d000 08:02 7078196                    /home/hjk/.m2/repository/org/apache/xbean/xbean-reflect/3.4/xbean-reflect-3.4.jar
7fd7e8ee5000-7fd7e8ee6000 r--s 00004000 08:02 7078190                    /home/hjk/.m2/repository/org/codehaus/plexus/plexus-compiler-javac/2.2/plexus-compiler-javac-2.2.jar
7fd7e8ee6000-7fd7e8ee8000 r--s 00000000 08:02 7078188                    /home/hjk/.m2/repository/org/codehaus/plexus/plexus-compiler-manager/2.2/plexus-compiler-manager-2.2.jar
7fd7e8ee8000-7fd7e8eea000 r--s 00005000 08:02 7078186                    /home/hjk/.m2/repository/org/codehaus/plexus/plexus-compiler-api/2.2/plexus-compiler-api-2.2.jar
7fd7e8eea000-7fd7e8eec000 r--s 00000000 08:02 6958005                    /home/hjk/.m2/repository/org/codehaus/plexus/plexus-component-annotations/1.5.5/plexus-component-annotations-1.5.5.jar
7fd7e8eec000-7fd7e8eee000 r--s 00002000 08:02 7078184                    /home/hjk/.m2/repository/org/apache/maven/shared/maven-shared-incremental/1.1/maven-shared-incremental-1.1.jar
7fd7e8eee000-7fd7e8ef0000 r--s 00006000 08:02 6958017                    /home/hjk/.m2/repository/com/google/code/findbugs/jsr305/2.0.1/jsr305-2.0.1.jar
7fd7e8ef0000-7fd7e8ef3000 r--s 00023000 08:02 7078182                    /home/hjk/.m2/repository/org/apache/maven/shared/maven-shared-utils/0.1/maven-shared-utils-0.1.jar
7fd7e8ef3000-7fd7e90f3000 rw-p 00000000 00:00 0 
7fd7e90f3000-7fd7e9104000 r-xp 00000000 08:02 9179823                    /usr/lib/jvm/java-8-openjdk-amd64/jre/lib/amd64/libnio.so
7fd7e9104000-7fd7e9304000 ---p 00011000 08:02 9179823                    /usr/lib/jvm/java-8-openjdk-amd64/jre/lib/amd64/libnio.so
7fd7e9304000-7fd7e9305000 r--p 00011000 08:02 9179823                    /usr/lib/jvm/java-8-openjdk-amd64/jre/lib/amd64/libnio.so
7fd7e9305000-7fd7e9306000 rw-p 00012000 08:02 9179823                    /usr/lib/jvm/java-8-openjdk-amd64/jre/lib/amd64/libnio.so
7fd7e9306000-7fd7e931c000 r-xp 00000000 08:02 9179822                    /usr/lib/jvm/java-8-openjdk-amd64/jre/lib/amd64/libnet.so
7fd7e931c000-7fd7e951c000 ---p 00016000 08:02 9179822                    /usr/lib/jvm/java-8-openjdk-amd64/jre/lib/amd64/libnet.so
7fd7e951c000-7fd7e951d000 r--p 00016000 08:02 9179822                    /usr/lib/jvm/java-8-openjdk-amd64/jre/lib/amd64/libnet.so
7fd7e951d000-7fd7e951e000 rw-p 00017000 08:02 9179822                    /usr/lib/jvm/java-8-openjdk-amd64/jre/lib/amd64/libnet.so
7fd7e951e000-7fd7e971e000 rw-p 00000000 00:00 0 
7fd7e971e000-7fd7e991e000 rw-p 00000000 00:00 0 
7fd7e991e000-7fd7e9b1e000 rw-p 00000000 00:00 0 
7fd7e9b1e000-7fd7e9b1f000 ---p 00000000 00:00 0 
7fd7e9b1f000-7fd7e9c1f000 rw-p 00000000 00:00 0 
7fd7e9c1f000-7fd7e9c22000 ---p 00000000 00:00 0 
7fd7e9c22000-7fd7e9d20000 rw-p 00000000 00:00 0 
7fd7e9d20000-7fd7e9d21000 ---p 00000000 00:00 0 
7fd7e9d21000-7fd7e9d24000 ---p 00000000 00:00 0 
7fd7e9d24000-7fd7e9e21000 rw-p 00000000 00:00 0 
7fd7e9e21000-7fd7e9e22000 ---p 00000000 00:00 0 
7fd7e9e22000-7fd7e9e25000 ---p 00000000 00:00 0 
7fd7e9e25000-7fd7e9f22000 rw-p 00000000 00:00 0 
7fd7e9f22000-7fd7e9f23000 ---p 00000000 00:00 0 
7fd7e9f23000-7fd7e9f26000 ---p 00000000 00:00 0 
7fd7e9f26000-7fd7ea023000 rw-p 00000000 00:00 0 
7fd7ea023000-7fd7ea026000 ---p 00000000 00:00 0 
7fd7ea026000-7fd7ea124000 rw-p 00000000 00:00 0 
7fd7ea124000-7fd7eaaf3000 r--p 00000000 08:02 8657529                    /usr/lib/locale/locale-archive
7fd7eaaf3000-7fd7eaaf6000 ---p 00000000 00:00 0 
7fd7eaaf6000-7fd7eabf4000 rw-p 00000000 00:00 0 
7fd7eabf4000-7fd7eabf7000 ---p 00000000 00:00 0 
7fd7eabf7000-7fd7eacf5000 rw-p 00000000 00:00 0 
7fd7eacf5000-7fd7eacf6000 ---p 00000000 00:00 0 
7fd7eacf6000-7fd7ec000000 rw-p 00000000 00:00 0 
7fd7ec000000-7fd7ec021000 rw-p 00000000 00:00 0 
7fd7ec021000-7fd7f0000000 ---p 00000000 00:00 0 
7fd7f0000000-7fd7f0004000 r--s 00030000 08:02 6959093                    /home/hjk/.m2/repository/org/codehaus/plexus/plexus-utils/1.5.1/plexus-utils-1.5.1.jar
7fd7f0004000-7fd7f0006000 r--s 00009000 08:02 6958179                    /home/hjk/.m2/repository/org/apache/maven/plugins/maven-compiler-plugin/3.1/maven-compiler-plugin-3.1.jar
7fd7f0006000-7fd7f0008000 r--s 0000d000 08:02 6826205                    /home/hjk/.m2/repository/org/codehaus/plexus/plexus-interpolation/1.13/plexus-interpolation-1.13.jar
7fd7f0008000-7fd7f0009000 r--s 00001000 08:02 6826203                    /home/hjk/.m2/repository/org/sonatype/plexus/plexus-build-api/0.0.4/plexus-build-api-0.0.4.jar
7fd7f0009000-7fd7f000b000 r--s 00009000 08:02 6959063                    /home/hjk/.m2/repository/org/apache/maven/shared/maven-filtering/1.1/maven-filtering-1.1.jar
7fd7f000b000-7fd7f000f000 r--s 00033000 08:02 6959061                    /home/hjk/.m2/repository/org/codehaus/plexus/plexus-utils/2.0.5/plexus-utils-2.0.5.jar
7fd7f000f000-7fd7f0012000 r--s 0001b000 08:02 6959059                    /home/hjk/.m2/repository/junit/junit/3.8.1/junit-3.8.1.jar
7fd7f0012000-7fd7f0014000 r--s 00002000 08:02 6959047                    /home/hjk/.m2/repository/org/codehaus/plexus/plexus-interactivity-api/1.0-alpha-4/plexus-interactivity-api-1.0-alpha-4.jar
7fd7f0014000-7fd7f0016000 r--s 00006000 08:02 6582418                    /home/hjk/.m2/repository/commons-cli/commons-cli/1.0/commons-cli-1.0.jar
7fd7f0016000-7fd7f0017000 r--s 00001000 08:02 6959041                    /home/hjk/.m2/repository/org/apache/maven/doxia/doxia-sink-api/1.0-alpha-7/doxia-sink-api-1.0-alpha-7.jar
7fd7f0017000-7fd7f0018000 r--s 00002000 08:02 6959039                    /home/hjk/.m2/repository/org/apache/maven/reporting/maven-reporting-api/2.0.6/maven-reporting-api-2.0.6.jar
7fd7f0018000-7fd7f001a000 r--s 00006000 08:02 6297313                    /home/hjk/.m2/repository/org/apache/maven/plugins/maven-resources-plugin/2.6/maven-resources-plugin-2.6.jar
7fd7f001a000-7fd7f001e000 r--s 00034000 08:02 6958069                    /home/hjk/.m2/repository/org/codehaus/plexus/plexus-utils/3.0/plexus-utils-3.0.jar
7fd7f001e000-7fd7f0020000 r--s 00005000 08:02 6297305                    /home/hjk/.m2/repository/org/apache/maven/plugins/maven-clean-plugin/2.5/maven-clean-plugin-2.5.jar
7fd7f0020000-7fd7f0025000 r--s 0009d000 08:02 9179867                    /usr/lib/jvm/java-8-openjdk-amd64/jre/lib/jsse.jar
7fd7f0025000-7fd7f0026000 r--s 00002000 08:02 6162454                    /home/hjk/.p2/pool/plugins/org.eclipse.m2e.maven.runtime.slf4j.simple_1.8.3.20180227-2135/jars/slf4j-simple-1.7.5.jar
7fd7f0026000-7fd7f002b000 r--s 00041000 08:02 6162777                    /home/hjk/.p2/pool/plugins/org.eclipse.m2e.maven.runtime_1.8.3.20180227-2135/jars/commons-lang-2.6.jar
7fd7f002b000-7fd7f002c000 r--s 00002000 08:02 6162805                    /home/hjk/.p2/pool/plugins/org.eclipse.m2e.maven.runtime_1.8.3.20180227-2135/jars/wagon-file-2.10.jar
7fd7f002c000-7fd7f002e000 r--s 00005000 08:02 6162773                    /home/hjk/.p2/pool/plugins/org.eclipse.m2e.maven.runtime_1.8.3.20180227-2135/jars/aether-transport-wagon-1.0.2.v20150114.jar
7fd7f002e000-7fd7f002f000 r--s 00008000 08:02 6162769                    /home/hjk/.p2/pool/plugins/org.eclipse.m2e.maven.runtime_1.8.3.20180227-2135/jars/aether-connector-basic-1.0.2.v20150114.jar
7fd7f002f000-7fd7f0031000 r--s 00012000 08:02 6162795                    /home/hjk/.p2/pool/plugins/org.eclipse.m2e.maven.runtime_1.8.3.20180227-2135/jars/okio-1.12.0.jar
7fd7f0031000-7fd7f0037000 r--s 0005b000 08:02 6162794                    /home/hjk/.p2/pool/plugins/org.eclipse.m2e.maven.runtime_1.8.3.20180227-2135/jars/okhttp-3.7.0.jar
7fd7f0037000-7fd7f0039000 r--s 0000b000 08:02 6162770                    /home/hjk/.p2/pool/plugins/org.eclipse.m2e.maven.runtime_1.8.3.20180227-2135/jars/aether-connector-okhttp-0.17.3.jar
7fd7f0039000-7fd7f003b000 r--s 00006000 08:02 6162772                    /home/hjk/.p2/pool/plugins/org.eclipse.m2e.maven.runtime_1.8.3.20180227-2135/jars/aether-spi-1.0.2.v20150114.jar
7fd7f003b000-7fd7f0066000 r--s 001fc000 08:02 6162779                    /home/hjk/.p2/pool/plugins/org.eclipse.m2e.maven.runtime_1.8.3.20180227-2135/jars/guava-18.0.jar
7fd7f0066000-7fd7f006e000 r--s 00055000 08:02 6162796                    /home/hjk/.p2/pool/plugins/org.eclipse.m2e.maven.runtime_1.8.3.20180227-2135/jars/org.eclipse.sisu.inject-0.3.2.jar
7fd7f006e000-7fd7f4000000 rw-p 00000000 00:00 0 
7fd7f4000000-7fd7f4021000 rw-p 00000000 00:00 0 
7fd7f4021000-7fd7f8000000 ---p 00000000 00:00 0 
7fd7f8000000-7fd7f8004000 r--s 00027000 08:02 6162771                    /home/hjk/.p2/pool/plugins/org.eclipse.m2e.maven.runtime_1.8.3.20180227-2135/jars/aether-impl-1.0.2.v20150114.jar
7fd7f8004000-7fd7f8005000 r--s 00001000 08:02 6162781                    /home/hjk/.p2/pool/plugins/org.eclipse.m2e.maven.runtime_1.8.3.20180227-2135/jars/jsr250-api-1.0.jar
7fd7f8005000-7fd7f8008000 r--s 00008000 08:02 6162775                    /home/hjk/.p2/pool/plugins/org.eclipse.m2e.maven.runtime_1.8.3.20180227-2135/jars/cdi-api-1.0.jar
7fd7f8008000-7fd7f800e000 r--s 0002d000 08:02 6162797                    /home/hjk/.p2/pool/plugins/org.eclipse.m2e.maven.runtime_1.8.3.20180227-2135/jars/org.eclipse.sisu.plexus-0.3.2.jar
7fd7f800e000-7fd7f8011000 r--s 0000b000 08:02 6162806                    /home/hjk/.p2/pool/plugins/org.eclipse.m2e.maven.runtime_1.8.3.20180227-2135/jars/wagon-provider-api-2.10.jar
7fd7f8011000-7fd7f8017000 r--s 00041000 08:02 6162785                    /home/hjk/.p2/pool/plugins/org.eclipse.m2e.maven.runtime_1.8.3.20180227-2135/jars/maven-compat-3.3.9.jar
7fd7f8017000-7fd7f8019000 r--s 00009000 08:02 6162776                    /home/hjk/.p2/pool/plugins/org.eclipse.m2e.maven.runtime_1.8.3.20180227-2135/jars/commons-cli-1.2.jar
7fd7f8019000-7fd7f801b000 r--s 00002000 08:02 6162799                    /home/hjk/.p2/pool/plugins/org.eclipse.m2e.maven.runtime_1.8.3.20180227-2135/jars/plexus-cipher-1.7.jar
7fd7f801b000-7fd7f801e000 r--s 00013000 08:02 6162787                    /home/hjk/.p2/pool/plugins/org.eclipse.m2e.maven.runtime_1.8.3.20180227-2135/jars/maven-embedder-3.3.9.jar
7fd7f801e000-7fd7f8025000 r--s 00064000 08:02 6162778                    /home/hjk/.p2/pool/plugins/org.eclipse.m2e.maven.runtime_1.8.3.20180227-2135/jars/commons-lang3-3.4.jar
7fd7f8025000-7fd7f8026000 r--s 00006000 08:02 6162803                    /home/hjk/.p2/pool/plugins/org.eclipse.m2e.maven.runtime_1.8.3.20180227-2135/jars/plexus-sec-dispatcher-1.3.jar
7fd7f8026000-7fd7f8028000 r--s 00000000 08:02 6162801                    /home/hjk/.p2/pool/plugins/org.eclipse.m2e.maven.runtime_1.8.3.20180227-2135/jars/plexus-component-annotations-1.6.jar
7fd7f8028000-7fd7f802c000 r--s 00038000 08:02 6162804                    /home/hjk/.p2/pool/plugins/org.eclipse.m2e.maven.runtime_1.8.3.20180227-2135/jars/plexus-utils-3.0.22.jar
7fd7f802c000-7fd7f802f000 r--s 0000d000 08:02 6162802                    /home/hjk/.p2/pool/plugins/org.eclipse.m2e.maven.runtime_1.8.3.20180227-2135/jars/plexus-interpolation-1.21.jar
7fd7f802f000-7fd7f8038000 r--s 0005f000 08:02 6162780                    /home/hjk/.p2/pool/plugins/org.eclipse.m2e.maven.runtime_1.8.3.20180227-2135/jars/guice-4.0-no_aop.jar
7fd7f8038000-7fd7f803c000 r--s 00020000 08:02 6162774                    /home/hjk/.p2/pool/plugins/org.eclipse.m2e.maven.runtime_1.8.3.20180227-2135/jars/aether-util-1.0.2.v20150114.jar
7fd7f803c000-7fd7f8041000 r--s 0001d000 08:02 6162768                    /home/hjk/.p2/pool/plugins/org.eclipse.m2e.maven.runtime_1.8.3.20180227-2135/jars/aether-api-1.0.2.v20150114.jar
7fd7f8041000-7fd7f8043000 r--s 0000f000 08:02 6162782                    /home/hjk/.p2/pool/plugins/org.eclipse.m2e.maven.runtime_1.8.3.20180227-2135/jars/maven-aether-provider-3.3.9.jar
7fd7f8043000-7fd7f805e000 r--s 001d6000 08:02 9179849                    /usr/lib/jvm/java-8-openjdk-amd64/jre/lib/ext/nashorn.jar
7fd7f805e000-7fd7f8079000 r--s 00394000 08:02 9179844                    /usr/lib/jvm/java-8-openjdk-amd64/jre/lib/ext/cldrdata.jar
7fd7f8079000-7fd7f844e000 rw-p 00000000 00:00 0 
7fd7f844e000-7fd7f861d000 r--s 03c2f000 08:02 9179873                    /usr/lib/jvm/java-8-openjdk-amd64/jre/lib/rt.jar
7fd7f861d000-7fd7f8a6c000 rw-p 00000000 00:00 0 
7fd7f8a6c000-7fd7f8a6d000 ---p 00000000 00:00 0 
7fd7f8a6d000-7fd7f8b6d000 rw-p 00000000 00:00 0 
7fd7f8b6d000-7fd7f8b6e000 ---p 00000000 00:00 0 
7fd7f8b6e000-7fd7f8c6e000 rw-p 00000000 00:00 0 
7fd7f8c6e000-7fd7f8c6f000 ---p 00000000 00:00 0 
7fd7f8c6f000-7fd7f8d8d000 rw-p 00000000 00:00 0 
7fd7f8d8d000-7fd7f9000000 ---p 00000000 00:00 0 
7fd7f9000000-7fd7f9ef0000 rwxp 00000000 00:00 0 
7fd7f9ef0000-7fd808000000 ---p 00000000 00:00 0 
7fd808000000-7fd809196000 rw-p 00000000 00:00 0 
7fd809196000-7fd80c000000 ---p 00000000 00:00 0 
7fd80c000000-7fd80c005000 r--s 00027000 08:02 6162789                    /home/hjk/.p2/pool/plugins/org.eclipse.m2e.maven.runtime_1.8.3.20180227-2135/jars/maven-model-builder-3.3.9.jar
7fd80c005000-7fd80c007000 r--s 0000a000 08:02 6162790                    /home/hjk/.p2/pool/plugins/org.eclipse.m2e.maven.runtime_1.8.3.20180227-2135/jars/maven-plugin-api-3.3.9.jar
7fd80c007000-7fd80c009000 r--s 0000c000 08:02 6162783                    /home/hjk/.p2/pool/plugins/org.eclipse.m2e.maven.runtime_1.8.3.20180227-2135/jars/maven-artifact-3.3.9.jar
7fd80c009000-7fd80c00a000 r--s 00006000 08:02 6162791                    /home/hjk/.p2/pool/plugins/org.eclipse.m2e.maven.runtime_1.8.3.20180227-2135/jars/maven-repository-metadata-3.3.9.jar
7fd80c00a000-7fd80c00b000 r--s 00003000 08:02 6162784                    /home/hjk/.p2/pool/plugins/org.eclipse.m2e.maven.runtime_1.8.3.20180227-2135/jars/maven-builder-support-3.3.9.jar
7fd80c00b000-7fd80c018000 r--s 0008f000 08:02 6162786                    /home/hjk/.p2/pool/plugins/org.eclipse.m2e.maven.runtime_1.8.3.20180227-2135/jars/maven-core-3.3.9.jar
7fd80c018000-7fd80c019000 ---p 00000000 00:00 0 
7fd80c019000-7fd80c137000 rw-p 00000000 00:00 0 
7fd80c137000-7fd80c3a9000 ---p 00000000 00:00 0 
7fd80c3a9000-7fd80c3f5000 rw-p 00000000 00:00 0 
7fd80c3f5000-7fd80c4f2000 ---p 00000000 00:00 0 
7fd80c4f2000-7fd80c52f000 rw-p 00000000 00:00 0 
7fd80c52f000-7fd80c8b3000 ---p 00000000 00:00 0 
7fd80c8b3000-7fd80c8bb000 r-xp 00000000 08:02 9179830                    /usr/lib/jvm/java-8-openjdk-amd64/jre/lib/amd64/libzip.so
7fd80c8bb000-7fd80caba000 ---p 00008000 08:02 9179830                    /usr/lib/jvm/java-8-openjdk-amd64/jre/lib/amd64/libzip.so
7fd80caba000-7fd80cabb000 r--p 00007000 08:02 9179830                    /usr/lib/jvm/java-8-openjdk-amd64/jre/lib/amd64/libzip.so
7fd80cabb000-7fd80cabc000 rw-p 00008000 08:02 9179830                    /usr/lib/jvm/java-8-openjdk-amd64/jre/lib/amd64/libzip.so
7fd80cabc000-7fd80cac7000 r-xp 00000000 08:02 15340212                   /lib/x86_64-linux-gnu/libnss_files-2.27.so
7fd80cac7000-7fd80ccc6000 ---p 0000b000 08:02 15340212                   /lib/x86_64-linux-gnu/libnss_files-2.27.so
7fd80ccc6000-7fd80ccc7000 r--p 0000a000 08:02 15340212                   /lib/x86_64-linux-gnu/libnss_files-2.27.so
7fd80ccc7000-7fd80ccc8000 rw-p 0000b000 08:02 15340212                   /lib/x86_64-linux-gnu/libnss_files-2.27.so
7fd80ccc8000-7fd80ccce000 rw-p 00000000 00:00 0 
7fd80ccce000-7fd80cce5000 r-xp 00000000 08:02 15340206                   /lib/x86_64-linux-gnu/libnsl-2.27.so
7fd80cce5000-7fd80cee4000 ---p 00017000 08:02 15340206                   /lib/x86_64-linux-gnu/libnsl-2.27.so
7fd80cee4000-7fd80cee5000 r--p 00016000 08:02 15340206                   /lib/x86_64-linux-gnu/libnsl-2.27.so
7fd80cee5000-7fd80cee6000 rw-p 00017000 08:02 15340206                   /lib/x86_64-linux-gnu/libnsl-2.27.so
7fd80cee6000-7fd80cee8000 rw-p 00000000 00:00 0 
7fd80cee8000-7fd80cef3000 r-xp 00000000 08:02 15340223                   /lib/x86_64-linux-gnu/libnss_nis-2.27.so
7fd80cef3000-7fd80d0f2000 ---p 0000b000 08:02 15340223                   /lib/x86_64-linux-gnu/libnss_nis-2.27.so
7fd80d0f2000-7fd80d0f3000 r--p 0000a000 08:02 15340223                   /lib/x86_64-linux-gnu/libnss_nis-2.27.so
7fd80d0f3000-7fd80d0f4000 rw-p 0000b000 08:02 15340223                   /lib/x86_64-linux-gnu/libnss_nis-2.27.so
7fd80d0f4000-7fd80d0fc000 r-xp 00000000 08:02 15340208                   /lib/x86_64-linux-gnu/libnss_compat-2.27.so
7fd80d0fc000-7fd80d2fc000 ---p 00008000 08:02 15340208                   /lib/x86_64-linux-gnu/libnss_compat-2.27.so
7fd80d2fc000-7fd80d2fd000 r--p 00008000 08:02 15340208                   /lib/x86_64-linux-gnu/libnss_compat-2.27.so
7fd80d2fd000-7fd80d2fe000 rw-p 00009000 08:02 15340208                   /lib/x86_64-linux-gnu/libnss_compat-2.27.so
7fd80d2fe000-7fd80d32c000 r-xp 00000000 08:02 9179811                    /usr/lib/jvm/java-8-openjdk-amd64/jre/lib/amd64/libjava.so
7fd80d32c000-7fd80d52b000 ---p 0002e000 08:02 9179811                    /usr/lib/jvm/java-8-openjdk-amd64/jre/lib/amd64/libjava.so
7fd80d52b000-7fd80d52c000 r--p 0002d000 08:02 9179811                    /usr/lib/jvm/java-8-openjdk-amd64/jre/lib/amd64/libjava.so
7fd80d52c000-7fd80d52e000 rw-p 0002e000 08:02 9179811                    /usr/lib/jvm/java-8-openjdk-amd64/jre/lib/amd64/libjava.so
7fd80d52e000-7fd80d53e000 r-xp 00000000 08:02 9179829                    /usr/lib/jvm/java-8-openjdk-amd64/jre/lib/amd64/libverify.so
7fd80d53e000-7fd80d73d000 ---p 00010000 08:02 9179829                    /usr/lib/jvm/java-8-openjdk-amd64/jre/lib/amd64/libverify.so
7fd80d73d000-7fd80d73f000 r--p 0000f000 08:02 9179829                    /usr/lib/jvm/java-8-openjdk-amd64/jre/lib/amd64/libverify.so
7fd80d73f000-7fd80d740000 rw-p 00011000 08:02 9179829                    /usr/lib/jvm/java-8-openjdk-amd64/jre/lib/amd64/libverify.so
7fd80d740000-7fd80d747000 r-xp 00000000 08:02 15340263                   /lib/x86_64-linux-gnu/librt-2.27.so
7fd80d747000-7fd80d946000 ---p 00007000 08:02 15340263                   /lib/x86_64-linux-gnu/librt-2.27.so
7fd80d946000-7fd80d947000 r--p 00006000 08:02 15340263                   /lib/x86_64-linux-gnu/librt-2.27.so
7fd80d947000-7fd80d948000 rw-p 00007000 08:02 15340263                   /lib/x86_64-linux-gnu/librt-2.27.so
7fd80d948000-7fd80d95f000 r-xp 00000000 08:02 15340159                   /lib/x86_64-linux-gnu/libgcc_s.so.1
7fd80d95f000-7fd80db5e000 ---p 00017000 08:02 15340159                   /lib/x86_64-linux-gnu/libgcc_s.so.1
7fd80db5e000-7fd80db5f000 r--p 00016000 08:02 15340159                   /lib/x86_64-linux-gnu/libgcc_s.so.1
7fd80db5f000-7fd80db60000 rw-p 00017000 08:02 15340159                   /lib/x86_64-linux-gnu/libgcc_s.so.1
7fd80db60000-7fd80dcfd000 r-xp 00000000 08:02 15340185                   /lib/x86_64-linux-gnu/libm-2.27.so
7fd80dcfd000-7fd80defc000 ---p 0019d000 08:02 15340185                   /lib/x86_64-linux-gnu/libm-2.27.so
7fd80defc000-7fd80defd000 r--p 0019c000 08:02 15340185                   /lib/x86_64-linux-gnu/libm-2.27.so
7fd80defd000-7fd80defe000 rw-p 0019d000 08:02 15340185                   /lib/x86_64-linux-gnu/libm-2.27.so
7fd80defe000-7fd80e07c000 r-xp 00000000 08:02 8659576                    /usr/lib/x86_64-linux-gnu/libstdc++.so.6.0.25
7fd80e07c000-7fd80e27c000 ---p 0017e000 08:02 8659576                    /usr/lib/x86_64-linux-gnu/libstdc++.so.6.0.25
7fd80e27c000-7fd80e286000 r--p 0017e000 08:02 8659576                    /usr/lib/x86_64-linux-gnu/libstdc++.so.6.0.25
7fd80e286000-7fd80e288000 rw-p 00188000 08:02 8659576                    /usr/lib/x86_64-linux-gnu/libstdc++.so.6.0.25
7fd80e288000-7fd80e28c000 rw-p 00000000 00:00 0 
7fd80e28c000-7fd80ef1d000 r-xp 00000000 08:02 9179833                    /usr/lib/jvm/java-8-openjdk-amd64/jre/lib/amd64/server/libjvm.so
7fd80ef1d000-7fd80f11d000 ---p 00c91000 08:02 9179833                    /usr/lib/jvm/java-8-openjdk-amd64/jre/lib/amd64/server/libjvm.so
7fd80f11d000-7fd80f1b0000 r--p 00c91000 08:02 9179833                    /usr/lib/jvm/java-8-openjdk-amd64/jre/lib/amd64/server/libjvm.so
7fd80f1b0000-7fd80f1d8000 rw-p 00d24000 08:02 9179833                    /usr/lib/jvm/java-8-openjdk-amd64/jre/lib/amd64/server/libjvm.so
7fd80f1d8000-7fd80f209000 rw-p 00000000 00:00 0 
7fd80f209000-7fd80f223000 r-xp 00000000 08:02 15340255                   /lib/x86_64-linux-gnu/libpthread-2.27.so
7fd80f223000-7fd80f422000 ---p 0001a000 08:02 15340255                   /lib/x86_64-linux-gnu/libpthread-2.27.so
7fd80f422000-7fd80f423000 r--p 00019000 08:02 15340255                   /lib/x86_64-linux-gnu/libpthread-2.27.so
7fd80f423000-7fd80f424000 rw-p 0001a000 08:02 15340255                   /lib/x86_64-linux-gnu/libpthread-2.27.so
7fd80f424000-7fd80f428000 rw-p 00000000 00:00 0 
7fd80f428000-7fd80f42b000 r-xp 00000000 08:02 15340145                   /lib/x86_64-linux-gnu/libdl-2.27.so
7fd80f42b000-7fd80f62a000 ---p 00003000 08:02 15340145                   /lib/x86_64-linux-gnu/libdl-2.27.so
7fd80f62a000-7fd80f62b000 r--p 00002000 08:02 15340145                   /lib/x86_64-linux-gnu/libdl-2.27.so
7fd80f62b000-7fd80f62c000 rw-p 00003000 08:02 15340145                   /lib/x86_64-linux-gnu/libdl-2.27.so
7fd80f62c000-7fd80f648000 r-xp 00000000 08:02 15340294                   /lib/x86_64-linux-gnu/libz.so.1.2.11
7fd80f648000-7fd80f847000 ---p 0001c000 08:02 15340294                   /lib/x86_64-linux-gnu/libz.so.1.2.11
7fd80f847000-7fd80f848000 r--p 0001b000 08:02 15340294                   /lib/x86_64-linux-gnu/libz.so.1.2.11
7fd80f848000-7fd80f849000 rw-p 0001c000 08:02 15340294                   /lib/x86_64-linux-gnu/libz.so.1.2.11
7fd80f849000-7fd80fa30000 r-xp 00000000 08:02 15340122                   /lib/x86_64-linux-gnu/libc-2.27.so
7fd80fa30000-7fd80fc30000 ---p 001e7000 08:02 15340122                   /lib/x86_64-linux-gnu/libc-2.27.so
7fd80fc30000-7fd80fc34000 r--p 001e7000 08:02 15340122                   /lib/x86_64-linux-gnu/libc-2.27.so
7fd80fc34000-7fd80fc36000 rw-p 001eb000 08:02 15340122                   /lib/x86_64-linux-gnu/libc-2.27.so
7fd80fc36000-7fd80fc3a000 rw-p 00000000 00:00 0 
7fd80fc3a000-7fd80fc48000 r-xp 00000000 08:02 9179797                    /usr/lib/jvm/java-8-openjdk-amd64/jre/lib/amd64/jli/libjli.so
7fd80fc48000-7fd80fe47000 ---p 0000e000 08:02 9179797                    /usr/lib/jvm/java-8-openjdk-amd64/jre/lib/amd64/jli/libjli.so
7fd80fe47000-7fd80fe48000 r--p 0000d000 08:02 9179797                    /usr/lib/jvm/java-8-openjdk-amd64/jre/lib/amd64/jli/libjli.so
7fd80fe48000-7fd80fe49000 rw-p 0000e000 08:02 9179797                    /usr/lib/jvm/java-8-openjdk-amd64/jre/lib/amd64/jli/libjli.so
7fd80fe49000-7fd80fe70000 r-xp 00000000 08:02 15340094                   /lib/x86_64-linux-gnu/ld-2.27.so
7fd80fe70000-7fd80fe72000 r--s 00009000 08:02 6162793                    /home/hjk/.p2/pool/plugins/org.eclipse.m2e.maven.runtime_1.8.3.20180227-2135/jars/maven-settings-builder-3.3.9.jar
7fd80fe72000-7fd80fe73000 r--s 0000a000 08:02 6162792                    /home/hjk/.p2/pool/plugins/org.eclipse.m2e.maven.runtime_1.8.3.20180227-2135/jars/maven-settings-3.3.9.jar
7fd80fe73000-7fd80fe76000 r--s 00026000 08:02 6162788                    /home/hjk/.p2/pool/plugins/org.eclipse.m2e.maven.runtime_1.8.3.20180227-2135/jars/maven-model-3.3.9.jar
7fd80fe76000-7fd80fe78000 r--s 0000b000 08:02 6162800                    /home/hjk/.p2/pool/plugins/org.eclipse.m2e.maven.runtime_1.8.3.20180227-2135/jars/plexus-classworlds-2.5.2.jar
7fd80fe78000-7fd80fe7b000 r--s 0000f000 08:02 9179846                    /usr/lib/jvm/java-8-openjdk-amd64/jre/lib/ext/icedtea-sound.jar
7fd80fe7b000-7fd80fe7d000 r--s 00007000 08:02 9048170                    /usr/share/java/java-atk-wrapper.jar
7fd80fe7d000-7fd80fe83000 r--s 0003b000 08:02 9179851                    /usr/lib/jvm/java-8-openjdk-amd64/jre/lib/ext/sunjce_provider.jar
7fd80fe83000-7fd80ff4e000 rw-p 00000000 00:00 0 
7fd80ff4e000-7fd80ff4f000 ---p 00000000 00:00 0 
7fd80ff4f000-7fd80ff52000 ---p 00000000 00:00 0 
7fd80ff52000-7fd810051000 rw-p 00000000 00:00 0 
7fd810051000-7fd810052000 r--s 0000a000 08:02 9179847                    /usr/lib/jvm/java-8-openjdk-amd64/jre/lib/ext/jaccess.jar
7fd810052000-7fd810055000 r--s 00038000 08:02 9179852                    /usr/lib/jvm/java-8-openjdk-amd64/jre/lib/ext/sunpkcs11.jar
7fd810055000-7fd81005f000 r--s 00116000 08:02 9179848                    /usr/lib/jvm/java-8-openjdk-amd64/jre/lib/ext/localedata.jar
7fd81005f000-7fd810060000 r--s 00010000 08:02 9179853                    /usr/lib/jvm/java-8-openjdk-amd64/jre/lib/ext/zipfs.jar
7fd810060000-7fd810062000 r--s 00008000 08:02 9179850                    /usr/lib/jvm/java-8-openjdk-amd64/jre/lib/ext/sunec.jar
7fd810062000-7fd810064000 r--s 00001000 08:02 9179845                    /usr/lib/jvm/java-8-openjdk-amd64/jre/lib/ext/dnsns.jar
7fd810064000-7fd81006c000 rw-s 00000000 08:02 9439339                    /tmp/hsperfdata_hjk/17251
7fd81006c000-7fd81006d000 rw-p 00000000 00:00 0 
7fd81006d000-7fd81006e000 ---p 00000000 00:00 0 
7fd81006e000-7fd810070000 rw-p 00000000 00:00 0 
7fd810070000-7fd810071000 r--p 00027000 08:02 15340094                   /lib/x86_64-linux-gnu/ld-2.27.so
7fd810071000-7fd810072000 rw-p 00028000 08:02 15340094                   /lib/x86_64-linux-gnu/ld-2.27.so
7fd810072000-7fd810073000 rw-p 00000000 00:00 0 
7fffee182000-7fffee1a3000 rw-p 00000000 00:00 0                          [stack]
7fffee1da000-7fffee1dd000 r--p 00000000 00:00 0                          [vvar]
7fffee1dd000-7fffee1df000 r-xp 00000000 00:00 0                          [vdso]
ffffffffff600000-ffffffffff601000 r-xp 00000000 00:00 0                  [vsyscall]

VM Arguments:
jvm_args: -Dmaven.home=EMBEDDED -Dclassworlds.conf=/home/hjk/Documents/Uni/.metadata/.plugins/org.eclipse.m2e.launching/launches/m2conf730334350464372082.tmp -Dmaven.multiModuleProjectDirectory=/home/hjk/Documents/Uni/BigDataPraktikum/polyglot-db/PolyG-DBP/PolyG-DBP -Dfile.encoding=UTF-8 
java_command: org.codehaus.plexus.classworlds.launcher.Launcher -B clean verify
java_class_path (initial): /home/hjk/.p2/pool/plugins/org.eclipse.m2e.maven.runtime_1.8.3.20180227-2135/jars/plexus-classworlds-2.5.2.jar
Launcher Type: SUN_STANDARD

Environment Variables:
JAVA_HOME=/usr/lib/jvm/java-1.8.0-openjdk-amd64
PATH=/home/hjk/.local/bin:/opt/apache-maven/bin:/usr/local/sbin:/usr/local/bin:/usr/sbin:/usr/bin:/sbin:/bin:/usr/games:/usr/local/games:/snap/bin
USERNAME=hjk
SHELL=/bin/bash
DISPLAY=:0

Signal Handlers:
SIGSEGV: [libjvm.so+0xaabcd0], sa_mask[0]=11111111011111111101111111111110, sa_flags=SA_RESTART|SA_SIGINFO
SIGBUS: [libjvm.so+0xaabcd0], sa_mask[0]=11111111011111111101111111111110, sa_flags=SA_RESTART|SA_SIGINFO
SIGFPE: [libjvm.so+0x8e1d50], sa_mask[0]=11111111011111111101111111111110, sa_flags=SA_RESTART|SA_SIGINFO
SIGPIPE: [libjvm.so+0x8e1d50], sa_mask[0]=11111111011111111101111111111110, sa_flags=SA_RESTART|SA_SIGINFO
SIGXFSZ: [libjvm.so+0x8e1d50], sa_mask[0]=11111111011111111101111111111110, sa_flags=SA_RESTART|SA_SIGINFO
SIGILL: [libjvm.so+0x8e1d50], sa_mask[0]=11111111011111111101111111111110, sa_flags=SA_RESTART|SA_SIGINFO
SIGUSR1: SIG_DFL, sa_mask[0]=00000000000000000000000000000000, sa_flags=none
SIGUSR2: [libjvm.so+0x8e1c00], sa_mask[0]=00100000000000000000000000000000, sa_flags=SA_RESTART|SA_SIGINFO
SIGHUP: [libjvm.so+0x8e20b0], sa_mask[0]=11111111011111111101111111111110, sa_flags=SA_RESTART|SA_SIGINFO
SIGINT: [libjvm.so+0x8e20b0], sa_mask[0]=11111111011111111101111111111110, sa_flags=SA_RESTART|SA_SIGINFO
SIGTERM: [libjvm.so+0x8e20b0], sa_mask[0]=11111111011111111101111111111110, sa_flags=SA_RESTART|SA_SIGINFO
SIGQUIT: [libjvm.so+0x8e20b0], sa_mask[0]=11111111011111111101111111111110, sa_flags=SA_RESTART|SA_SIGINFO


---------------  S Y S T E M  ---------------

OS:DISTRIB_ID=Ubuntu
DISTRIB_RELEASE=18.04
DISTRIB_CODENAME=bionic
DISTRIB_DESCRIPTION="Ubuntu 18.04 LTS"

uname:Linux 4.15.0-29-generic #31-Ubuntu SMP Tue Jul 17 15:39:52 UTC 2018 x86_64
libc:glibc 2.27 NPTL 2.27 
rlimit: STACK 8192k, CORE 0k, NPROC 30847, NOFILE 4096, AS infinity
load average:0,98 0,89 1,09

/proc/meminfo:
MemTotal:        8063544 kB
MemFree:          114432 kB
MemAvailable:      11540 kB
Buffers:            2400 kB
Cached:           278632 kB
SwapCached:         4008 kB
Active:          6802756 kB
Inactive:         868096 kB
Active(anon):    6787276 kB
Inactive(anon):   848840 kB
Active(file):      15480 kB
Inactive(file):    19256 kB
Unevictable:          80 kB
Mlocked:              80 kB
SwapTotal:       2097148 kB
SwapFree:              0 kB
Dirty:                44 kB
Writeback:             0 kB
AnonPages:       7386312 kB
Mapped:           168004 kB
Shmem:            245964 kB
Slab:             105448 kB
SReclaimable:      41624 kB
SUnreclaim:        63824 kB
KernelStack:       17472 kB
PageTables:        77360 kB
NFS_Unstable:          0 kB
Bounce:                0 kB
WritebackTmp:          0 kB
CommitLimit:     6128920 kB
Committed_AS:   16795044 kB
VmallocTotal:   34359738367 kB
VmallocUsed:           0 kB
VmallocChunk:          0 kB
HardwareCorrupted:     0 kB
AnonHugePages:         0 kB
ShmemHugePages:        0 kB
ShmemPmdMapped:        0 kB
CmaTotal:              0 kB
CmaFree:               0 kB
HugePages_Total:       0
HugePages_Free:        0
HugePages_Rsvd:        0
HugePages_Surp:        0
Hugepagesize:       2048 kB
DirectMap4k:      202772 kB
DirectMap2M:     5984256 kB
DirectMap1G:     2097152 kB


CPU:total 4 (initial active 4) (2 cores per cpu, 2 threads per core) family 6 model 142 stepping 9, cmov, cx8, fxsr, mmx, sse, sse2, sse3, ssse3, sse4.1, sse4.2, popcnt, avx, avx2, aes, clmul, erms, 3dnowpref, lzcnt, ht, tsc, tscinvbit, bmi1, bmi2, adx

/proc/cpuinfo:
processor	: 0
vendor_id	: GenuineIntel
cpu family	: 6
model		: 142
model name	: Intel(R) Core(TM) i7-7500U CPU @ 2.70GHz
stepping	: 9
microcode	: 0x84
cpu MHz		: 3500.035
cache size	: 4096 KB
physical id	: 0
siblings	: 4
core id		: 0
cpu cores	: 2
apicid		: 0
initial apicid	: 0
fpu		: yes
fpu_exception	: yes
cpuid level	: 22
wp		: yes
flags		: fpu vme de pse tsc msr pae mce cx8 apic sep mtrr pge mca cmov pat pse36 clflush dts acpi mmx fxsr sse sse2 ss ht tm pbe syscall nx pdpe1gb rdtscp lm constant_tsc art arch_perfmon pebs bts rep_good nopl xtopology nonstop_tsc cpuid aperfmperf tsc_known_freq pni pclmulqdq dtes64 monitor ds_cpl vmx est tm2 ssse3 sdbg fma cx16 xtpr pdcm pcid sse4_1 sse4_2 x2apic movbe popcnt tsc_deadline_timer aes xsave avx f16c rdrand lahf_lm abm 3dnowprefetch cpuid_fault epb invpcid_single pti ibrs ibpb stibp tpr_shadow vnmi flexpriority ept vpid fsgsbase tsc_adjust bmi1 avx2 smep bmi2 erms invpcid mpx rdseed adx smap clflushopt intel_pt xsaveopt xsavec xgetbv1 xsaves dtherm ida arat pln pts hwp hwp_notify hwp_act_window hwp_epp
bugs		: cpu_meltdown spectre_v1 spectre_v2 spec_store_bypass
bogomips	: 5808.00
clflush size	: 64
cache_alignment	: 64
address sizes	: 39 bits physical, 48 bits virtual
power management:

processor	: 1
vendor_id	: GenuineIntel
cpu family	: 6
model		: 142
model name	: Intel(R) Core(TM) i7-7500U CPU @ 2.70GHz
stepping	: 9
microcode	: 0x84
cpu MHz		: 3499.999
cache size	: 4096 KB
physical id	: 0
siblings	: 4
core id		: 1
cpu cores	: 6
apicid		: 2
initial apicid	: 2
fpu		: yes
fpu_exception	: yes
cpuid level	: 22
wp		: yes
flags		: fpu vme de pse tsc msr pae mce cx8 apic sep mtrr pge mca cmov pat pse36 clflush dts acpi mmx fxsr sse sse2 ss ht tm pbe syscall nx pdpe1gb rdtscp lm constant_tsc art arch_perfmon pebs bts rep_good nopl xtopology nonstop_tsc cpuid aperfmperf tsc_known_freq pni pclmulqdq dtes64 monitor ds_cpl vmx est tm2 ssse3 sdbg fma cx16 xtpr pdcm pcid sse4_1 sse4_2 x2apic movbe popcnt tsc_deadline_timer aes xsave avx f16c rdrand lahf_lm abm 3dnowprefetch cpuid_fault epb invpcid_single pti tpr_shadow vnmi flexpriority ept vpid fsgsbase tsc_adjust bmi1 avx2 smep bmi2 erms invpcid mpx rdseed adx smap clflushopt intel_pt xsaveopt xsavec xgetbv1 xsaves dtherm ida arat pln pts hwp hwp_notify hwp_act_window hwp_epp
bugs		: cpu_meltdown spectre_v1 spectre_v2 spec_store_bypass
bogomips	: 5808.00
clflush size	: 64
cache_alignment	: 64
address sizes	: 39 bits physical, 48 bits virtual
power management:

processor	: 2
vendor_id	: GenuineIntel
cpu family	: 6
model		: 142
model name	: Intel(R) Core(TM) i7-7500U CPU @ 2.70GHz
stepping	: 9
microcode	: 0x84
cpu MHz		: 3500.001
cache size	: 4096 KB
physical id	: 0
siblings	: 4
core id		: 0
cpu cores	: 2
apicid		: 1
initial apicid	: 1
fpu		: yes
fpu_exception	: yes
cpuid level	: 22
wp		: yes
flags		: fpu vme de pse tsc msr pae mce cx8 apic sep mtrr pge mca cmov pat pse36 clflush dts acpi mmx fxsr sse sse2 ss ht tm pbe syscall nx pdpe1gb rdtscp lm constant_tsc art arch_perfmon pebs bts rep_good nopl xtopology nonstop_tsc cpuid aperfmperf tsc_known_freq pni pclmulqdq dtes64 monitor ds_cpl vmx est tm2 ssse3 sdbg fma cx16 xtpr pdcm pcid sse4_1 sse4_2 x2apic movbe popcnt tsc_deadline_timer aes xsave avx f16c rdrand lahf_lm abm 3dnowprefetch cpuid_fault epb invpcid_single pti ibrs ibpb stibp tpr_shadow vnmi flexpriority ept vpid fsgsbase tsc_adjust bmi1 avx2 smep bmi2 erms invpcid mpx rdseed adx smap clflushopt intel_pt xsaveopt xsavec xgetbv1 xsaves dtherm ida arat pln pts hwp hwp_notify hwp_act_window hwp_epp
bugs		: cpu_meltdown spectre_v1 spectre_v2 spec_store_bypass
bogomips	: 5808.00
clflush size	: 64
cache_alignment	: 64
address sizes	: 39 bits physical, 48 bits virtual
power management:

processor	: 3
vendor_id	: GenuineIntel
cpu family	: 6
model		: 142
model name	: Intel(R) Core(TM) i7-7500U CPU @ 2.70GHz
stepping	: 9
microcode	: 0x84
cpu MHz		: 3500.000
cache size	: 4096 KB
physical id	: 0
siblings	: 4
core id		: 1
cpu cores	: 2
apicid		: 3
initial apicid	: 3
fpu		: yes
fpu_exception	: yes
cpuid level	: 22
wp		: yes
flags		: fpu vme de pse tsc msr pae mce cx8 apic sep mtrr pge mca cmov pat pse36 clflush dts acpi mmx fxsr sse sse2 ss ht tm pbe syscall nx pdpe1gb rdtscp lm constant_tsc art arch_perfmon pebs bts rep_good nopl xtopology nonstop_tsc cpuid aperfmperf tsc_known_freq pni pclmulqdq dtes64 monitor ds_cpl vmx est tm2 ssse3 sdbg fma cx16 xtpr pdcm pcid sse4_1 sse4_2 x2apic movbe popcnt tsc_deadline_timer aes xsave avx f16c rdrand lahf_lm abm 3dnowprefetch cpuid_fault epb invpcid_single pti ibrs ibpb stibp tpr_shadow vnmi flexpriority ept vpid fsgsbase tsc_adjust bmi1 avx2 smep bmi2 erms invpcid mpx rdseed adx smap clflushopt intel_pt xsaveopt xsavec xgetbv1 xsaves dtherm ida arat pln pts hwp hwp_notify hwp_act_window hwp_epp
bugs		: cpu_meltdown spectre_v1 spectre_v2 spec_store_bypass
bogomips	: 5808.00
clflush size	: 64
cache_alignment	: 64
address sizes	: 39 bits physical, 48 bits virtual
power management:



Memory: 4k page, physical 8063544k(126780k free), swap 2097148k(0k free)

vm_info: OpenJDK 64-Bit Server VM (25.171-b11) for linux-amd64 JRE (1.8.0_171-8u171-b11-0ubuntu0.18.04.1-b11), built on Apr 26 2018 15:59:34 by "buildd" with gcc 7.3.0

time: Sat Aug  4 14:38:00 2018
elapsed time: 5 seconds (0d 0h 0m 5s)

